#
# There is insufficient memory for the Java Runtime Environment to continue.
# Native memory allocation (mmap) failed to map 108003328 bytes for Failed to commit area from 0x0000000093b00000 to 0x000000009a200000 of length 108003328.
# Possible reasons:
#   The system is out of physical RAM or swap space
#   The process is running with CompressedOops enabled, and the Java Heap may be blocking the growth of the native heap
# Possible solutions:
#   Reduce memory load on the system
#   Increase physical memory or swap space
#   Check if swap backing store is full
#   Decrease Java heap size (-Xmx/-Xms)
#   Decrease number of Java threads
#   Decrease Java thread stack sizes (-Xss)
#   Set larger code cache with -XX:ReservedCodeCacheSize=
#   JVM is running with Unscaled Compressed Oops mode in which the Java heap is
#     placed in the first 4GB address space. The Java Heap base address is the
#     maximum limit for the native heap growth. Please use -XX:HeapBaseMinAddress
#     to set the Java Heap base and to place the Java Heap above 4GB virtual address.
# This output file may be truncated or incomplete.
#
#  Out of Memory Error (./src/hotspot/os/windows/os_windows.cpp:3301), pid=6880, tid=25824
#
# JRE version: OpenJDK Runtime Environment (11.0.11+9) (build 11.0.11+9-b60-7590822)
# Java VM: OpenJDK 64-Bit Server VM (11.0.11+9-b60-7590822, mixed mode, tiered, compressed oops, g1 gc, windows-amd64)
# No core dump will be written. Minidumps are not enabled by default on client versions of Windows
#

---------------  S U M M A R Y ------------

Command Line: --add-opens=java.base/java.util=ALL-UNNAMED --add-opens=java.base/java.lang=ALL-UNNAMED --add-opens=java.base/java.lang.invoke=ALL-UNNAMED --add-opens=java.base/java.util=ALL-UNNAMED --add-opens=java.prefs/java.util.prefs=ALL-UNNAMED --add-opens=java.prefs/java.util.prefs=ALL-UNNAMED --add-opens=java.base/java.nio.charset=ALL-UNNAMED --add-opens=java.base/java.net=ALL-UNNAMED --add-opens=java.base/java.util.concurrent.atomic=ALL-UNNAMED -Xmx2048m -Dfile.encoding=UTF-8 -Duser.country=TR -Duser.language=tr -Duser.variant org.gradle.launcher.daemon.bootstrap.GradleDaemon 7.0.2

Host: Intel(R) Core(TM) i5-8250U CPU @ 1.60GHz, 8 cores, 7G,  Windows 10 , 64 bit Build 19041 (10.0.19041.1503)
Time: Tue Mar  8 18:06:58 2022 Türkiye Standart Saati elapsed time: 95.684302 seconds (0d 0h 1m 35s)

---------------  T H R E A D  ---------------

Current thread (0x0000024f7cfab000):  VMThread "VM Thread" [stack: 0x000000a944b00000,0x000000a944c00000] [id=25824]

Stack: [0x000000a944b00000,0x000000a944c00000]
[error occurred during error reporting (printing stack bounds), id 0xc0000005, EXCEPTION_ACCESS_VIOLATION (0xc0000005) at pc=0x0000024f66610f2d]

Native frames: (J=compiled Java code, j=interpreted, Vv=VM code, C=native code)
V  [jvm.dll+0x5f214a]
V  [jvm.dll+0x726fb5]
V  [jvm.dll+0x7285cd]
V  [jvm.dll+0x728be5]
V  [jvm.dll+0x728b9b]
V  [jvm.dll+0x5f14e8]
V  [jvm.dll+0x5f1c78]
C  [ntdll.dll+0xa20cf]
C  [ntdll.dll+0x51454]
C  [ntdll.dll+0xa0bfe]
C  0x0000024f66610f2d

VM_Operation (0x000000a947df9680): G1CollectForAllocation, mode: safepoint, requested by thread 0x0000024f0039f000


---------------  P R O C E S S  ---------------

Threads class SMR info:
_java_thread_list=0x0000024f04b42d10, length=69, elements={
0x0000024f62b0b800, 0x0000024f7cfaf800, 0x0000024f7cfb3000, 0x0000024f7d92c000,
0x0000024f7d92d000, 0x0000024f7d92e000, 0x0000024f7d92f000, 0x0000024f7d932000,
0x0000024f7d933800, 0x0000024f7da92000, 0x0000024f7ee87000, 0x0000024f7f0b4000,
0x0000024f008d9800, 0x0000024f7eafd800, 0x0000024f7f3da800, 0x0000024f7f3db800,
0x0000024f009df800, 0x0000024f7dd17800, 0x0000024f7dc3c000, 0x0000024f7dc36000,
0x0000024f7dc3c800, 0x0000024f7dc37000, 0x0000024f7dc39800, 0x0000024f7dc3a000,
0x0000024f7dc37800, 0x0000024f7dc38800, 0x0000024f7dc3b000, 0x0000024f0039b000,
0x0000024f00396000, 0x0000024f00397800, 0x0000024f00395800, 0x0000024f0039e800,
0x0000024f0039a000, 0x0000024f00399800, 0x0000024f0039c800, 0x0000024f0039d800,
0x0000024f00398800, 0x0000024f003a0800, 0x0000024f003a1800, 0x0000024f003a2800,
0x0000024f0039f000, 0x0000024f003a3000, 0x0000024f003a4000, 0x0000024f003a0000,
0x0000024f0131a000, 0x0000024f01318000, 0x0000024f0131d000, 0x0000024f0131a800,
0x0000024f0131b800, 0x0000024f01317800, 0x0000024f0131e000, 0x0000024f0131e800,
0x0000024f01319000, 0x0000024f01325000, 0x0000024f01324800, 0x0000024f01322000,
0x0000024f0131f800, 0x0000024f01321000, 0x0000024f01323000, 0x0000024f01323800,
0x0000024f01320800, 0x0000024f00bbb000, 0x0000024f00bbc000, 0x0000024f00bbc800,
0x0000024f00bba800, 0x0000024f00bb7000, 0x0000024f00bbd800, 0x0000024f00bb8000,
0x0000024f077b7000
}

Java Threads: ( => current thread )
  0x0000024f62b0b800 JavaThread "main" [_thread_blocked, id=23912, stack(0x000000a944500000,0x000000a944600000)]
  0x0000024f7cfaf800 JavaThread "Reference Handler" daemon [_thread_blocked, id=22900, stack(0x000000a944c00000,0x000000a944d00000)]
  0x0000024f7cfb3000 JavaThread "Finalizer" daemon [_thread_blocked, id=21496, stack(0x000000a944d00000,0x000000a944e00000)]
  0x0000024f7d92c000 JavaThread "Signal Dispatcher" daemon [_thread_blocked, id=12140, stack(0x000000a944e00000,0x000000a944f00000)]
  0x0000024f7d92d000 JavaThread "Attach Listener" daemon [_thread_blocked, id=23312, stack(0x000000a944f00000,0x000000a945000000)]
  0x0000024f7d92e000 JavaThread "Service Thread" daemon [_thread_blocked, id=25400, stack(0x000000a945000000,0x000000a945100000)]
  0x0000024f7d92f000 JavaThread "C2 CompilerThread0" daemon [_thread_blocked, id=20676, stack(0x000000a945100000,0x000000a945200000)]
  0x0000024f7d932000 JavaThread "C1 CompilerThread0" daemon [_thread_blocked, id=23568, stack(0x000000a945200000,0x000000a945300000)]
  0x0000024f7d933800 JavaThread "Sweeper thread" daemon [_thread_blocked, id=11812, stack(0x000000a945300000,0x000000a945400000)]
  0x0000024f7da92000 JavaThread "Common-Cleaner" daemon [_thread_blocked, id=23968, stack(0x000000a945400000,0x000000a945500000)]
  0x0000024f7ee87000 JavaThread "Daemon health stats" [_thread_blocked, id=7148, stack(0x000000a945800000,0x000000a945900000)]
  0x0000024f7f0b4000 JavaThread "Incoming local TCP Connector on port 51599" [_thread_in_native, id=20312, stack(0x000000a945900000,0x000000a945a00000)]
  0x0000024f008d9800 JavaThread "Daemon periodic checks" [_thread_blocked, id=2408, stack(0x000000a945a00000,0x000000a945b00000)]
  0x0000024f7eafd800 JavaThread "Daemon" [_thread_blocked, id=21028, stack(0x000000a945b00000,0x000000a945c00000)]
  0x0000024f7f3da800 JavaThread "Handler for socket connection from /127.0.0.1:51599 to /127.0.0.1:51600" [_thread_in_native, id=6016, stack(0x000000a945c00000,0x000000a945d00000)]
  0x0000024f7f3db800 JavaThread "Cancel handler" [_thread_blocked, id=24836, stack(0x000000a945d00000,0x000000a945e00000)]
  0x0000024f009df800 JavaThread "Daemon worker" [_thread_blocked, id=11480, stack(0x000000a945e00000,0x000000a945f00000)]
  0x0000024f7dd17800 JavaThread "Asynchronous log dispatcher for DefaultDaemonConnection: socket connection from /127.0.0.1:51599 to /127.0.0.1:51600" [_thread_blocked, id=22920, stack(0x000000a945f00000,0x000000a946000000)]
  0x0000024f7dc3c000 JavaThread "Daemon client event forwarder" [_thread_blocked, id=15100, stack(0x000000a946100000,0x000000a946200000)]
  0x0000024f7dc36000 JavaThread "Cache worker for file hash cache (C:\Users\husey\.gradle\caches\7.0.2\fileHashes)" [_thread_blocked, id=19692, stack(0x000000a946700000,0x000000a946800000)]
  0x0000024f7dc3c800 JavaThread "File lock request listener" [_thread_in_native, id=15448, stack(0x000000a946800000,0x000000a946900000)]
  0x0000024f7dc37000 JavaThread "Cache worker for journal cache (C:\Users\husey\.gradle\caches\journal-1)" [_thread_blocked, id=13276, stack(0x000000a946a00000,0x000000a946b00000)]
  0x0000024f7dc39800 JavaThread "Cache worker for file hash cache (C:\Users\husey\Desktop\yolarkadasim\.gradle\7.0.2\fileHashes)" [_thread_blocked, id=7700, stack(0x000000a946c00000,0x000000a946d00000)]
  0x0000024f7dc3a000 JavaThread "File watcher server" daemon [_thread_blocked, id=18420, stack(0x000000a946d00000,0x000000a946e00000)]
  0x0000024f7dc37800 JavaThread "File watcher consumer" daemon [_thread_blocked, id=18820, stack(0x000000a946e00000,0x000000a946f00000)]
  0x0000024f7dc38800 JavaThread "Cache worker for checksums cache (C:\Users\husey\Desktop\yolarkadasim\.gradle\checksums)" [_thread_blocked, id=3700, stack(0x000000a946f00000,0x000000a947000000)]
  0x0000024f7dc3b000 JavaThread "Cache worker for cache directory md-supplier (C:\Users\husey\.gradle\caches\7.0.2\md-supplier)" [_thread_blocked, id=14072, stack(0x000000a947000000,0x000000a947100000)]
  0x0000024f0039b000 JavaThread "Cache worker for cache directory md-rule (C:\Users\husey\.gradle\caches\7.0.2\md-rule)" [_thread_blocked, id=2304, stack(0x000000a947100000,0x000000a947200000)]
  0x0000024f00396000 JavaThread "Cache worker for execution history cache (C:\Users\husey\.gradle\caches\7.0.2\executionHistory)" [_thread_blocked, id=3924, stack(0x000000a947200000,0x000000a947300000)]
  0x0000024f00397800 JavaThread "jar transforms" [_thread_blocked, id=20156, stack(0x000000a947300000,0x000000a947400000)]
  0x0000024f00395800 JavaThread "jar transforms Thread 2" [_thread_blocked, id=2132, stack(0x000000a947400000,0x000000a947500000)]
  0x0000024f0039e800 JavaThread "Cache worker for file content cache (C:\Users\husey\.gradle\caches\7.0.2\fileContent)" [_thread_blocked, id=26060, stack(0x000000a947500000,0x000000a947600000)]
  0x0000024f0039a000 JavaThread "Cache worker for dependencies-accessors (C:\Users\husey\Desktop\yolarkadasim\.gradle\7.0.2\dependencies-accessors)" [_thread_blocked, id=22628, stack(0x000000a947600000,0x000000a947700000)]
  0x0000024f00399800 JavaThread "jar transforms Thread 3" [_thread_blocked, id=24136, stack(0x000000a947700000,0x000000a947800000)]
  0x0000024f0039c800 JavaThread "Cache worker for Build Output Cleanup Cache (C:\Users\husey\Desktop\yolarkadasim\.gradle\buildOutputCleanup)" [_thread_blocked, id=10104, stack(0x000000a947800000,0x000000a947900000)]
  0x0000024f0039d800 JavaThread "Build operations" [_thread_blocked, id=5336, stack(0x000000a946b00000,0x000000a946c00000)]
  0x0000024f00398800 JavaThread "Build operations Thread 2" [_thread_blocked, id=23780, stack(0x000000a947900000,0x000000a947a00000)]
  0x0000024f003a0800 JavaThread "Build operations Thread 3" [_thread_blocked, id=21928, stack(0x000000a947a00000,0x000000a947b00000)]
  0x0000024f003a1800 JavaThread "Build operations Thread 4" [_thread_blocked, id=9764, stack(0x000000a947b00000,0x000000a947c00000)]
  0x0000024f003a2800 JavaThread "Build operations Thread 5" [_thread_blocked, id=25668, stack(0x000000a947c00000,0x000000a947d00000)]
  0x0000024f0039f000 JavaThread "Build operations Thread 6" [_thread_blocked, id=17836, stack(0x000000a947d00000,0x000000a947e00000)]
  0x0000024f003a3000 JavaThread "Build operations Thread 7" [_thread_blocked, id=1820, stack(0x000000a947e00000,0x000000a947f00000)]
  0x0000024f003a4000 JavaThread "Build operations Thread 8" [_thread_blocked, id=18968, stack(0x000000a947f00000,0x000000a948000000)]
  0x0000024f003a0000 JavaThread "jar transforms Thread 4" [_thread_blocked, id=20492, stack(0x000000a948000000,0x000000a948100000)]
  0x0000024f0131a000 JavaThread "jar transforms Thread 5" [_thread_blocked, id=21632, stack(0x000000a948100000,0x000000a948200000)]
  0x0000024f01318000 JavaThread "jar transforms Thread 6" [_thread_blocked, id=18320, stack(0x000000a948200000,0x000000a948300000)]
  0x0000024f0131d000 JavaThread "jar transforms Thread 7" [_thread_blocked, id=25456, stack(0x000000a948300000,0x000000a948400000)]
  0x0000024f0131a800 JavaThread "jar transforms Thread 8" [_thread_blocked, id=18200, stack(0x000000a948400000,0x000000a948500000)]
  0x0000024f0131b800 JavaThread "Memory manager" [_thread_blocked, id=1976, stack(0x000000a948600000,0x000000a948700000)]
  0x0000024f01317800 JavaThread "build event listener" [_thread_blocked, id=26528, stack(0x000000a948900000,0x000000a948a00000)]
  0x0000024f0131e000 JavaThread "pool-3-thread-1" [_thread_blocked, id=18000, stack(0x000000a948a00000,0x000000a948b00000)]
  0x0000024f0131e800 JavaThread "build event listener" [_thread_blocked, id=14764, stack(0x000000a948b00000,0x000000a948c00000)]
  0x0000024f01319000 JavaThread "Execution worker for ':'" [_thread_blocked, id=6256, stack(0x000000a948c00000,0x000000a948d00000)]
  0x0000024f01325000 JavaThread "Execution worker for ':' Thread 2" [_thread_blocked, id=23416, stack(0x000000a948d00000,0x000000a948e00000)]
  0x0000024f01324800 JavaThread "Execution worker for ':' Thread 3" [_thread_blocked, id=20784, stack(0x000000a948e00000,0x000000a948f00000)]
  0x0000024f01322000 JavaThread "Execution worker for ':' Thread 4" [_thread_blocked, id=20232, stack(0x000000a948f00000,0x000000a949000000)]
  0x0000024f0131f800 JavaThread "Execution worker for ':' Thread 5" [_thread_blocked, id=21252, stack(0x000000a949000000,0x000000a949100000)]
  0x0000024f01321000 JavaThread "Execution worker for ':' Thread 6" [_thread_blocked, id=22308, stack(0x000000a949100000,0x000000a949200000)]
  0x0000024f01323000 JavaThread "Execution worker for ':' Thread 7" [_thread_blocked, id=20772, stack(0x000000a949200000,0x000000a949300000)]
  0x0000024f01323800 JavaThread "Cache worker for execution history cache (C:\Users\husey\Desktop\yolarkadasim\.gradle\7.0.2\executionHistory)" [_thread_blocked, id=24868, stack(0x000000a949300000,0x000000a949400000)]
  0x0000024f01320800 JavaThread "WorkerExecutor Queue Thread 2" [_thread_blocked, id=6080, stack(0x000000a949500000,0x000000a949600000)]
  0x0000024f00bbb000 JavaThread "WorkerExecutor Queue Thread 3" [_thread_blocked, id=8896, stack(0x000000a944300000,0x000000a944400000)]
  0x0000024f00bbc000 JavaThread "WorkerExecutor Queue Thread 4" [_thread_blocked, id=25892, stack(0x000000a944400000,0x000000a944500000)]
  0x0000024f00bbc800 JavaThread "WorkerExecutor Queue Thread 6" [_thread_blocked, id=5144, stack(0x000000a949700000,0x000000a949800000)]
  0x0000024f00bba800 JavaThread "WorkerExecutor Queue Thread 8" [_thread_blocked, id=14084, stack(0x000000a949900000,0x000000a949a00000)]
  0x0000024f00bb7000 JavaThread "WorkerExecutor Queue Thread 9" [_thread_blocked, id=19968, stack(0x000000a949600000,0x000000a949700000)]
  0x0000024f00bbd800 JavaThread "WorkerExecutor Queue Thread 10" [_thread_blocked, id=21024, stack(0x000000a946000000,0x000000a946100000)]
  0x0000024f00bb8000 JavaThread "WorkerExecutor Queue Thread 11" [_thread_blocked, id=24956, stack(0x000000a949400000,0x000000a949500000)]
  0x0000024f077b7000 JavaThread "C2 CompilerThread1" daemon [_thread_blocked, id=25408, stack(0x000000a948500000,0x000000a948600000)]

Other Threads:
=>0x0000024f7cfab000 VMThread "VM Thread" [stack: 0x000000a944b00000,0x000000a944c00000] [id=25824]
  0x0000024f7daeb000 WatcherThread [stack: 0x000000a945500000,0x000000a945600000] [id=21480]
  0x0000024f62b24800 GCTaskThread "GC Thread#0" [stack: 0x000000a944600000,0x000000a944700000] [id=5832]
  0x0000024f7e5d8800 GCTaskThread "GC Thread#1" [stack: 0x000000a945600000,0x000000a945700000] [id=8892]
  0x0000024f7e5d9000 GCTaskThread "GC Thread#2" [stack: 0x000000a945700000,0x000000a945800000] [id=25140]
  0x0000024f7e272800 GCTaskThread "GC Thread#3" [stack: 0x000000a946200000,0x000000a946300000] [id=18300]
  0x0000024f7e12a000 GCTaskThread "GC Thread#4" [stack: 0x000000a946300000,0x000000a946400000] [id=26112]
  0x0000024f7f36d800 GCTaskThread "GC Thread#5" [stack: 0x000000a946400000,0x000000a946500000] [id=1104]
  0x0000024f7dae4000 GCTaskThread "GC Thread#6" [stack: 0x000000a946500000,0x000000a946600000] [id=436]
  0x0000024f7dae4800 GCTaskThread "GC Thread#7" [stack: 0x000000a946600000,0x000000a946700000] [id=13544]
  0x0000024f62b57000 ConcurrentGCThread "G1 Main Marker" [stack: 0x000000a944700000,0x000000a944800000] [id=25560]
  0x0000024f62b58000 ConcurrentGCThread "G1 Conc#0" [stack: 0x000000a944800000,0x000000a944900000] [id=18060]
  0x0000024f7dd19800 ConcurrentGCThread "G1 Conc#1" [stack: 0x000000a946900000,0x000000a946a00000] [id=23540]
  0x0000024f62be4800 ConcurrentGCThread "G1 Refine#0" [stack: 0x000000a944900000,0x000000a944a00000] [id=16600]
  0x0000024f7ce00800 ConcurrentGCThread "G1 Young RemSet Sampling" [stack: 0x000000a944a00000,0x000000a944b00000] [id=17976]

Threads with active compile tasks:
C2 CompilerThread0  95773 18406       4       com.android.tools.r8.graph.d0::a (10 bytes)
C1 CompilerThread0  95773 19136 %     3       com.android.tools.r8.internal.Me::a @ 1628 (3140 bytes)
C2 CompilerThread1  95773 19105       4       com.android.tools.r8.ir.regalloc.c::a (90 bytes)

VM state:at safepoint (normal execution)

VM Mutex/Monitor currently owned by a thread:  ([mutex/lock_event])
[0x0000024f62b075a0] Threads_lock - owner thread: 0x0000024f7cfab000
[0x0000024f62b07c60] Heap_lock - owner thread: 0x0000024f0039f000

Heap address: 0x0000000080000000, size: 2048 MB, Compressed Oops mode: 32-bit
Narrow klass base: 0x0000000000000000, Narrow klass shift: 3
Compressed class space size: 1073741824 Address: 0x0000000100000000

Heap:
 garbage-first heap   total 428032K, used 187249K [0x0000000080000000, 0x0000000100000000)
  region size 1024K, 5 young (5120K), 5 survivors (5120K)
 Metaspace       used 113550K, capacity 116553K, committed 116812K, reserved 1150976K
  class space    used 14255K, capacity 15349K, committed 15436K, reserved 1048576K
Heap Regions: E=young(eden), S=young(survivor), O=old, HS=humongous(starts), HC=humongous(continues), CS=collection set, F=free, A=archive, TAMS=top-at-mark-start (previous, next)
|   0|0x0000000080000000, 0x0000000080100000, 0x0000000080100000|100%| O|  |TAMS 0x0000000080100000, 0x0000000080000000| Untracked 
|   1|0x0000000080100000, 0x0000000080200000, 0x0000000080200000|100%| O|  |TAMS 0x0000000080200000, 0x0000000080100000| Untracked 
|   2|0x0000000080200000, 0x0000000080300000, 0x0000000080300000|100%| O|  |TAMS 0x0000000080300000, 0x0000000080200000| Untracked 
|   3|0x0000000080300000, 0x0000000080400000, 0x0000000080400000|100%|HS|  |TAMS 0x0000000080400000, 0x0000000080300000| Complete 
|   4|0x0000000080400000, 0x0000000080500000, 0x0000000080500000|100%|HC|  |TAMS 0x0000000080500000, 0x0000000080400000| Complete 
|   5|0x0000000080500000, 0x0000000080600000, 0x0000000080600000|100%|HC|  |TAMS 0x0000000080600000, 0x0000000080500000| Complete 
|   6|0x0000000080600000, 0x0000000080700000, 0x0000000080700000|100%| O|  |TAMS 0x0000000080700000, 0x0000000080600000| Untracked 
|   7|0x0000000080700000, 0x0000000080800000, 0x0000000080800000|100%| O|  |TAMS 0x0000000080800000, 0x0000000080700000| Untracked 
|   8|0x0000000080800000, 0x0000000080900000, 0x0000000080900000|100%| O|  |TAMS 0x0000000080900000, 0x0000000080800000| Untracked 
|   9|0x0000000080900000, 0x0000000080a00000, 0x0000000080a00000|100%| O|  |TAMS 0x0000000080a00000, 0x0000000080900000| Untracked 
|  10|0x0000000080a00000, 0x0000000080b00000, 0x0000000080b00000|100%| O|  |TAMS 0x0000000080b00000, 0x0000000080a00000| Untracked 
|  11|0x0000000080b00000, 0x0000000080c00000, 0x0000000080c00000|100%| O|  |TAMS 0x0000000080c00000, 0x0000000080b00000| Untracked 
|  12|0x0000000080c00000, 0x0000000080d00000, 0x0000000080d00000|100%| O|  |TAMS 0x0000000080d00000, 0x0000000080c00000| Untracked 
|  13|0x0000000080d00000, 0x0000000080e00000, 0x0000000080e00000|100%| O|  |TAMS 0x0000000080e00000, 0x0000000080d00000| Untracked 
|  14|0x0000000080e00000, 0x0000000080f00000, 0x0000000080f00000|100%| O|  |TAMS 0x0000000080f00000, 0x0000000080e00000| Untracked 
|  15|0x0000000080f00000, 0x0000000081000000, 0x0000000081000000|100%| O|  |TAMS 0x0000000081000000, 0x0000000080f00000| Untracked 
|  16|0x0000000081000000, 0x0000000081100000, 0x0000000081100000|100%|HS|  |TAMS 0x0000000081100000, 0x0000000081000000| Complete 
|  17|0x0000000081100000, 0x0000000081200000, 0x0000000081200000|100%| O|  |TAMS 0x0000000081200000, 0x0000000081100000| Untracked 
|  18|0x0000000081200000, 0x0000000081300000, 0x0000000081300000|100%| O|  |TAMS 0x0000000081300000, 0x0000000081200000| Untracked 
|  19|0x0000000081300000, 0x0000000081400000, 0x0000000081400000|100%| O|  |TAMS 0x0000000081400000, 0x0000000081300000| Untracked 
|  20|0x0000000081400000, 0x0000000081500000, 0x0000000081500000|100%| O|  |TAMS 0x0000000081500000, 0x0000000081400000| Untracked 
|  21|0x0000000081500000, 0x0000000081600000, 0x0000000081600000|100%| O|  |TAMS 0x0000000081600000, 0x0000000081500000| Untracked 
|  22|0x0000000081600000, 0x0000000081700000, 0x0000000081700000|100%| O|  |TAMS 0x0000000081700000, 0x0000000081600000| Untracked 
|  23|0x0000000081700000, 0x0000000081800000, 0x0000000081800000|100%| O|  |TAMS 0x0000000081800000, 0x0000000081700000| Untracked 
|  24|0x0000000081800000, 0x0000000081900000, 0x0000000081900000|100%| O|  |TAMS 0x0000000081900000, 0x0000000081800000| Untracked 
|  25|0x0000000081900000, 0x0000000081a00000, 0x0000000081a00000|100%| O|  |TAMS 0x0000000081a00000, 0x0000000081900000| Untracked 
|  26|0x0000000081a00000, 0x0000000081b00000, 0x0000000081b00000|100%| O|  |TAMS 0x0000000081b00000, 0x0000000081a00000| Untracked 
|  27|0x0000000081b00000, 0x0000000081c00000, 0x0000000081c00000|100%|HS|  |TAMS 0x0000000081c00000, 0x0000000081b00000| Complete 
|  28|0x0000000081c00000, 0x0000000081d00000, 0x0000000081d00000|100%|HS|  |TAMS 0x0000000081d00000, 0x0000000081c00000| Complete 
|  29|0x0000000081d00000, 0x0000000081e00000, 0x0000000081e00000|100%|HC|  |TAMS 0x0000000081e00000, 0x0000000081d00000| Complete 
|  30|0x0000000081e00000, 0x0000000081f00000, 0x0000000081f00000|100%| O|  |TAMS 0x0000000081f00000, 0x0000000081e00000| Untracked 
|  31|0x0000000081f00000, 0x0000000082000000, 0x0000000082000000|100%| O|  |TAMS 0x0000000082000000, 0x0000000081f00000| Untracked 
|  32|0x0000000082000000, 0x0000000082100000, 0x0000000082100000|100%| O|  |TAMS 0x0000000082100000, 0x0000000082000000| Untracked 
|  33|0x0000000082100000, 0x0000000082200000, 0x0000000082200000|100%| O|  |TAMS 0x0000000082200000, 0x0000000082100000| Untracked 
|  34|0x0000000082200000, 0x0000000082300000, 0x0000000082300000|100%| O|  |TAMS 0x0000000082300000, 0x0000000082200000| Untracked 
|  35|0x0000000082300000, 0x0000000082400000, 0x0000000082400000|100%| O|  |TAMS 0x0000000082400000, 0x0000000082300000| Untracked 
|  36|0x0000000082400000, 0x0000000082500000, 0x0000000082500000|100%| O|  |TAMS 0x0000000082500000, 0x0000000082400000| Untracked 
|  37|0x0000000082500000, 0x0000000082600000, 0x0000000082600000|100%| O|  |TAMS 0x0000000082600000, 0x0000000082500000| Untracked 
|  38|0x0000000082600000, 0x0000000082700000, 0x0000000082700000|100%| O|  |TAMS 0x0000000082700000, 0x0000000082600000| Untracked 
|  39|0x0000000082700000, 0x0000000082800000, 0x0000000082800000|100%| O|  |TAMS 0x0000000082800000, 0x0000000082700000| Untracked 
|  40|0x0000000082800000, 0x0000000082900000, 0x0000000082900000|100%| O|  |TAMS 0x0000000082900000, 0x0000000082800000| Untracked 
|  41|0x0000000082900000, 0x0000000082a00000, 0x0000000082a00000|100%| O|  |TAMS 0x0000000082a00000, 0x0000000082900000| Untracked 
|  42|0x0000000082a00000, 0x0000000082b00000, 0x0000000082b00000|100%| O|  |TAMS 0x0000000082b00000, 0x0000000082a00000| Untracked 
|  43|0x0000000082b00000, 0x0000000082c00000, 0x0000000082c00000|100%| O|  |TAMS 0x0000000082c00000, 0x0000000082b00000| Untracked 
|  44|0x0000000082c00000, 0x0000000082d00000, 0x0000000082d00000|100%| O|  |TAMS 0x0000000082d00000, 0x0000000082c00000| Untracked 
|  45|0x0000000082d00000, 0x0000000082e00000, 0x0000000082e00000|100%| O|  |TAMS 0x0000000082e00000, 0x0000000082d00000| Untracked 
|  46|0x0000000082e00000, 0x0000000082f00000, 0x0000000082f00000|100%| O|  |TAMS 0x0000000082f00000, 0x0000000082e00000| Untracked 
|  47|0x0000000082f00000, 0x0000000083000000, 0x0000000083000000|100%| O|  |TAMS 0x0000000083000000, 0x0000000082f00000| Untracked 
|  48|0x0000000083000000, 0x0000000083100000, 0x0000000083100000|100%| O|  |TAMS 0x0000000083100000, 0x0000000083000000| Untracked 
|  49|0x0000000083100000, 0x0000000083200000, 0x0000000083200000|100%| O|  |TAMS 0x0000000083200000, 0x0000000083100000| Untracked 
|  50|0x0000000083200000, 0x0000000083300000, 0x0000000083300000|100%| O|  |TAMS 0x0000000083300000, 0x0000000083200000| Untracked 
|  51|0x0000000083300000, 0x0000000083400000, 0x0000000083400000|100%| O|  |TAMS 0x0000000083400000, 0x0000000083300000| Untracked 
|  52|0x0000000083400000, 0x0000000083500000, 0x0000000083500000|100%| O|  |TAMS 0x0000000083500000, 0x0000000083400000| Untracked 
|  53|0x0000000083500000, 0x0000000083600000, 0x0000000083600000|100%| O|  |TAMS 0x0000000083600000, 0x0000000083500000| Untracked 
|  54|0x0000000083600000, 0x0000000083700000, 0x0000000083700000|100%| O|  |TAMS 0x0000000083700000, 0x0000000083600000| Untracked 
|  55|0x0000000083700000, 0x0000000083800000, 0x0000000083800000|100%| O|  |TAMS 0x0000000083800000, 0x0000000083700000| Untracked 
|  56|0x0000000083800000, 0x0000000083900000, 0x0000000083900000|100%| O|  |TAMS 0x0000000083900000, 0x0000000083800000| Untracked 
|  57|0x0000000083900000, 0x0000000083a00000, 0x0000000083a00000|100%| O|  |TAMS 0x0000000083a00000, 0x0000000083900000| Untracked 
|  58|0x0000000083a00000, 0x0000000083b00000, 0x0000000083b00000|100%| O|  |TAMS 0x0000000083b00000, 0x0000000083a00000| Untracked 
|  59|0x0000000083b00000, 0x0000000083c00000, 0x0000000083c00000|100%| O|  |TAMS 0x0000000083c00000, 0x0000000083b00000| Untracked 
|  60|0x0000000083c00000, 0x0000000083d00000, 0x0000000083d00000|100%| O|  |TAMS 0x0000000083d00000, 0x0000000083c00000| Untracked 
|  61|0x0000000083d00000, 0x0000000083e00000, 0x0000000083e00000|100%| O|  |TAMS 0x0000000083e00000, 0x0000000083d00000| Untracked 
|  62|0x0000000083e00000, 0x0000000083f00000, 0x0000000083f00000|100%| O|  |TAMS 0x0000000083f00000, 0x0000000083e00000| Untracked 
|  63|0x0000000083f00000, 0x0000000084000000, 0x0000000084000000|100%| O|  |TAMS 0x0000000084000000, 0x0000000083f00000| Untracked 
|  64|0x0000000084000000, 0x0000000084100000, 0x0000000084100000|100%| O|  |TAMS 0x0000000084100000, 0x0000000084000000| Untracked 
|  65|0x0000000084100000, 0x0000000084200000, 0x0000000084200000|100%| O|  |TAMS 0x0000000084200000, 0x0000000084100000| Untracked 
|  66|0x0000000084200000, 0x0000000084300000, 0x0000000084300000|100%| O|  |TAMS 0x0000000084300000, 0x0000000084200000| Untracked 
|  67|0x0000000084300000, 0x0000000084400000, 0x0000000084400000|100%| O|  |TAMS 0x0000000084400000, 0x0000000084300000| Untracked 
|  68|0x0000000084400000, 0x0000000084500000, 0x0000000084500000|100%| O|  |TAMS 0x0000000084500000, 0x0000000084400000| Untracked 
|  69|0x0000000084500000, 0x0000000084600000, 0x0000000084600000|100%| O|  |TAMS 0x0000000084600000, 0x0000000084500000| Untracked 
|  70|0x0000000084600000, 0x0000000084700000, 0x0000000084700000|100%| O|  |TAMS 0x0000000084700000, 0x0000000084600000| Untracked 
|  71|0x0000000084700000, 0x0000000084800000, 0x0000000084800000|100%| O|  |TAMS 0x0000000084800000, 0x0000000084700000| Untracked 
|  72|0x0000000084800000, 0x0000000084900000, 0x0000000084900000|100%| O|  |TAMS 0x0000000084900000, 0x0000000084800000| Untracked 
|  73|0x0000000084900000, 0x0000000084a00000, 0x0000000084a00000|100%| O|  |TAMS 0x0000000084a00000, 0x0000000084900000| Untracked 
|  74|0x0000000084a00000, 0x0000000084b00000, 0x0000000084b00000|100%| O|  |TAMS 0x0000000084b00000, 0x0000000084a00000| Untracked 
|  75|0x0000000084b00000, 0x0000000084c00000, 0x0000000084c00000|100%| O|  |TAMS 0x0000000084c00000, 0x0000000084b00000| Untracked 
|  76|0x0000000084c00000, 0x0000000084d00000, 0x0000000084d00000|100%| O|  |TAMS 0x0000000084d00000, 0x0000000084c00000| Untracked 
|  77|0x0000000084d00000, 0x0000000084e00000, 0x0000000084e00000|100%| O|  |TAMS 0x0000000084e00000, 0x0000000084d00000| Untracked 
|  78|0x0000000084e00000, 0x0000000084f00000, 0x0000000084f00000|100%| O|  |TAMS 0x0000000084f00000, 0x0000000084e00000| Untracked 
|  79|0x0000000084f00000, 0x0000000085000000, 0x0000000085000000|100%| O|  |TAMS 0x0000000085000000, 0x0000000084f00000| Untracked 
|  80|0x0000000085000000, 0x0000000085100000, 0x0000000085100000|100%| O|  |TAMS 0x0000000085100000, 0x0000000085000000| Untracked 
|  81|0x0000000085100000, 0x0000000085200000, 0x0000000085200000|100%| O|  |TAMS 0x0000000085200000, 0x0000000085100000| Untracked 
|  82|0x0000000085200000, 0x0000000085300000, 0x0000000085300000|100%| O|  |TAMS 0x0000000085300000, 0x0000000085200000| Untracked 
|  83|0x0000000085300000, 0x0000000085400000, 0x0000000085400000|100%| O|  |TAMS 0x0000000085400000, 0x0000000085300000| Untracked 
|  84|0x0000000085400000, 0x0000000085500000, 0x0000000085500000|100%| O|  |TAMS 0x0000000085500000, 0x0000000085400000| Untracked 
|  85|0x0000000085500000, 0x0000000085600000, 0x0000000085600000|100%| O|  |TAMS 0x0000000085600000, 0x0000000085500000| Untracked 
|  86|0x0000000085600000, 0x0000000085700000, 0x0000000085700000|100%| O|  |TAMS 0x0000000085700000, 0x0000000085600000| Untracked 
|  87|0x0000000085700000, 0x0000000085800000, 0x0000000085800000|100%| O|  |TAMS 0x0000000085800000, 0x0000000085700000| Untracked 
|  88|0x0000000085800000, 0x0000000085900000, 0x0000000085900000|100%| O|  |TAMS 0x0000000085834c00, 0x0000000085800000| Untracked 
|  89|0x0000000085900000, 0x0000000085a00000, 0x0000000085a00000|100%| O|  |TAMS 0x0000000085900000, 0x0000000085900000| Untracked 
|  90|0x0000000085a00000, 0x0000000085b00000, 0x0000000085b00000|100%| O|  |TAMS 0x0000000085a00000, 0x0000000085a00000| Untracked 
|  91|0x0000000085b00000, 0x0000000085c00000, 0x0000000085c00000|100%| O|  |TAMS 0x0000000085b00000, 0x0000000085b00000| Untracked 
|  92|0x0000000085c00000, 0x0000000085d00000, 0x0000000085d00000|100%| O|  |TAMS 0x0000000085c00000, 0x0000000085c00000| Untracked 
|  93|0x0000000085d00000, 0x0000000085e00000, 0x0000000085e00000|100%| O|  |TAMS 0x0000000085e00000, 0x0000000085d00000| Untracked 
|  94|0x0000000085e00000, 0x0000000085f00000, 0x0000000085f00000|100%| O|  |TAMS 0x0000000085f00000, 0x0000000085e00000| Untracked 
|  95|0x0000000085f00000, 0x0000000086000000, 0x0000000086000000|100%| O|  |TAMS 0x0000000086000000, 0x0000000085f00000| Untracked 
|  96|0x0000000086000000, 0x0000000086100000, 0x0000000086100000|100%| O|  |TAMS 0x0000000086100000, 0x0000000086000000| Untracked 
|  97|0x0000000086100000, 0x0000000086200000, 0x0000000086200000|100%| O|  |TAMS 0x0000000086200000, 0x0000000086100000| Untracked 
|  98|0x0000000086200000, 0x0000000086300000, 0x0000000086300000|100%| O|  |TAMS 0x0000000086300000, 0x0000000086200000| Untracked 
|  99|0x0000000086300000, 0x0000000086400000, 0x0000000086400000|100%| O|  |TAMS 0x0000000086300000, 0x0000000086300000| Untracked 
| 100|0x0000000086400000, 0x0000000086500000, 0x0000000086500000|100%| O|  |TAMS 0x0000000086500000, 0x0000000086400000| Untracked 
| 101|0x0000000086500000, 0x0000000086600000, 0x0000000086600000|100%| O|  |TAMS 0x0000000086600000, 0x0000000086500000| Untracked 
| 102|0x0000000086600000, 0x0000000086700000, 0x0000000086700000|100%| O|  |TAMS 0x0000000086700000, 0x0000000086600000| Untracked 
| 103|0x0000000086700000, 0x0000000086800000, 0x0000000086800000|100%| O|  |TAMS 0x0000000086800000, 0x0000000086700000| Untracked 
| 104|0x0000000086800000, 0x0000000086900000, 0x0000000086900000|100%| O|  |TAMS 0x0000000086900000, 0x0000000086800000| Untracked 
| 105|0x0000000086900000, 0x0000000086a00000, 0x0000000086a00000|100%| O|  |TAMS 0x0000000086900000, 0x0000000086900000| Untracked 
| 106|0x0000000086a00000, 0x0000000086b00000, 0x0000000086b00000|100%| O|  |TAMS 0x0000000086b00000, 0x0000000086a00000| Untracked 
| 107|0x0000000086b00000, 0x0000000086c00000, 0x0000000086c00000|100%| O|  |TAMS 0x0000000086c00000, 0x0000000086b00000| Untracked 
| 108|0x0000000086c00000, 0x0000000086d00000, 0x0000000086d00000|100%| O|  |TAMS 0x0000000086d00000, 0x0000000086c00000| Untracked 
| 109|0x0000000086d00000, 0x0000000086e00000, 0x0000000086e00000|100%| O|  |TAMS 0x0000000086e00000, 0x0000000086d00000| Untracked 
| 110|0x0000000086e00000, 0x0000000086f00000, 0x0000000086f00000|100%| O|  |TAMS 0x0000000086f00000, 0x0000000086e00000| Untracked 
| 111|0x0000000086f00000, 0x0000000087000000, 0x0000000087000000|100%| O|  |TAMS 0x0000000087000000, 0x0000000086f00000| Untracked 
| 112|0x0000000087000000, 0x0000000087100000, 0x0000000087100000|100%| O|  |TAMS 0x0000000087100000, 0x0000000087000000| Untracked 
| 113|0x0000000087100000, 0x0000000087200000, 0x0000000087200000|100%| O|  |TAMS 0x0000000087200000, 0x0000000087100000| Untracked 
| 114|0x0000000087200000, 0x0000000087300000, 0x0000000087300000|100%| O|  |TAMS 0x0000000087300000, 0x0000000087200000| Untracked 
| 115|0x0000000087300000, 0x0000000087400000, 0x0000000087400000|100%| O|  |TAMS 0x0000000087400000, 0x0000000087300000| Untracked 
| 116|0x0000000087400000, 0x0000000087500000, 0x0000000087500000|100%| O|  |TAMS 0x0000000087500000, 0x0000000087400000| Untracked 
| 117|0x0000000087500000, 0x0000000087600000, 0x0000000087600000|100%| O|  |TAMS 0x0000000087600000, 0x0000000087500000| Untracked 
| 118|0x0000000087600000, 0x0000000087700000, 0x0000000087700000|100%| O|  |TAMS 0x0000000087700000, 0x0000000087600000| Untracked 
| 119|0x0000000087700000, 0x0000000087800000, 0x0000000087800000|100%| O|  |TAMS 0x0000000087800000, 0x0000000087700000| Untracked 
| 120|0x0000000087800000, 0x0000000087900000, 0x0000000087900000|100%| O|  |TAMS 0x0000000087900000, 0x0000000087800000| Untracked 
| 121|0x0000000087900000, 0x0000000087a00000, 0x0000000087a00000|100%| O|  |TAMS 0x0000000087a00000, 0x0000000087900000| Untracked 
| 122|0x0000000087a00000, 0x0000000087b00000, 0x0000000087b00000|100%| O|  |TAMS 0x0000000087b00000, 0x0000000087a00000| Untracked 
| 123|0x0000000087b00000, 0x0000000087c00000, 0x0000000087c00000|100%| O|  |TAMS 0x0000000087c00000, 0x0000000087b00000| Untracked 
| 124|0x0000000087c00000, 0x0000000087d00000, 0x0000000087d00000|100%| O|  |TAMS 0x0000000087d00000, 0x0000000087c00000| Untracked 
| 125|0x0000000087d00000, 0x0000000087e00000, 0x0000000087e00000|100%| O|  |TAMS 0x0000000087e00000, 0x0000000087d00000| Untracked 
| 126|0x0000000087e00000, 0x0000000087f00000, 0x0000000087f00000|100%| O|  |TAMS 0x0000000087f00000, 0x0000000087e00000| Untracked 
| 127|0x0000000087f00000, 0x0000000088000000, 0x0000000088000000|100%| O|  |TAMS 0x0000000088000000, 0x0000000087f00000| Untracked 
| 128|0x0000000088000000, 0x0000000088100000, 0x0000000088100000|100%| O|  |TAMS 0x0000000088100000, 0x0000000088000000| Untracked 
| 129|0x0000000088100000, 0x0000000088200000, 0x0000000088200000|100%| O|  |TAMS 0x0000000088200000, 0x0000000088100000| Untracked 
| 130|0x0000000088200000, 0x0000000088300000, 0x0000000088300000|100%| O|  |TAMS 0x0000000088300000, 0x0000000088200000| Untracked 
| 131|0x0000000088300000, 0x0000000088400000, 0x0000000088400000|100%| O|  |TAMS 0x0000000088400000, 0x0000000088300000| Untracked 
| 132|0x0000000088400000, 0x0000000088500000, 0x0000000088500000|100%| O|  |TAMS 0x0000000088500000, 0x0000000088400000| Untracked 
| 133|0x0000000088500000, 0x0000000088600000, 0x0000000088600000|100%| O|  |TAMS 0x0000000088600000, 0x0000000088500000| Untracked 
| 134|0x0000000088600000, 0x0000000088700000, 0x0000000088700000|100%| O|  |TAMS 0x0000000088700000, 0x0000000088600000| Untracked 
| 135|0x0000000088700000, 0x0000000088800000, 0x0000000088800000|100%| O|  |TAMS 0x0000000088800000, 0x0000000088700000| Untracked 
| 136|0x0000000088800000, 0x0000000088900000, 0x0000000088900000|100%| O|  |TAMS 0x0000000088900000, 0x0000000088800000| Untracked 
| 137|0x0000000088900000, 0x0000000088a00000, 0x0000000088a00000|100%| O|  |TAMS 0x0000000088a00000, 0x0000000088900000| Untracked 
| 138|0x0000000088a00000, 0x0000000088b00000, 0x0000000088b00000|100%| O|  |TAMS 0x0000000088b00000, 0x0000000088a00000| Untracked 
| 139|0x0000000088b00000, 0x0000000088c00000, 0x0000000088c00000|100%| O|  |TAMS 0x0000000088c00000, 0x0000000088b00000| Untracked 
| 140|0x0000000088c00000, 0x0000000088d00000, 0x0000000088d00000|100%| O|  |TAMS 0x0000000088d00000, 0x0000000088c00000| Untracked 
| 141|0x0000000088d00000, 0x0000000088e00000, 0x0000000088e00000|100%| O|  |TAMS 0x0000000088e00000, 0x0000000088d00000| Untracked 
| 142|0x0000000088e00000, 0x0000000088f00000, 0x0000000088f00000|100%| O|  |TAMS 0x0000000088f00000, 0x0000000088e00000| Untracked 
| 143|0x0000000088f00000, 0x0000000089000000, 0x0000000089000000|100%| O|  |TAMS 0x0000000089000000, 0x0000000088f00000| Untracked 
| 144|0x0000000089000000, 0x0000000089100000, 0x0000000089100000|100%| O|  |TAMS 0x0000000089100000, 0x0000000089000000| Untracked 
| 145|0x0000000089100000, 0x0000000089200000, 0x0000000089200000|100%| O|  |TAMS 0x0000000089200000, 0x0000000089100000| Untracked 
| 146|0x0000000089200000, 0x0000000089300000, 0x0000000089300000|100%| O|  |TAMS 0x0000000089300000, 0x0000000089200000| Untracked 
| 147|0x0000000089300000, 0x0000000089400000, 0x0000000089400000|100%| O|  |TAMS 0x0000000089400000, 0x0000000089300000| Untracked 
| 148|0x0000000089400000, 0x0000000089500000, 0x0000000089500000|100%| O|  |TAMS 0x0000000089500000, 0x0000000089400000| Untracked 
| 149|0x0000000089500000, 0x0000000089600000, 0x0000000089600000|100%| O|  |TAMS 0x0000000089600000, 0x0000000089500000| Untracked 
| 150|0x0000000089600000, 0x0000000089700000, 0x0000000089700000|100%| O|  |TAMS 0x0000000089600000, 0x0000000089600000| Untracked 
| 151|0x0000000089700000, 0x0000000089800000, 0x0000000089800000|100%| O|  |TAMS 0x0000000089700000, 0x0000000089700000| Untracked 
| 152|0x0000000089800000, 0x0000000089900000, 0x0000000089900000|100%| O|  |TAMS 0x0000000089800000, 0x0000000089800000| Untracked 
| 153|0x0000000089900000, 0x0000000089a00000, 0x0000000089a00000|100%| O|  |TAMS 0x0000000089900000, 0x0000000089900000| Untracked 
| 154|0x0000000089a00000, 0x0000000089b00000, 0x0000000089b00000|100%| O|  |TAMS 0x0000000089a00000, 0x0000000089a00000| Untracked 
| 155|0x0000000089b00000, 0x0000000089c00000, 0x0000000089c00000|100%| O|  |TAMS 0x0000000089b00000, 0x0000000089b00000| Untracked 
| 156|0x0000000089c00000, 0x0000000089d00000, 0x0000000089d00000|100%| O|  |TAMS 0x0000000089c00000, 0x0000000089c00000| Untracked 
| 157|0x0000000089d00000, 0x0000000089e00000, 0x0000000089e00000|100%| O|  |TAMS 0x0000000089d00000, 0x0000000089d00000| Untracked 
| 158|0x0000000089e00000, 0x0000000089f00000, 0x0000000089f00000|100%| O|  |TAMS 0x0000000089e00000, 0x0000000089e00000| Untracked 
| 159|0x0000000089f00000, 0x000000008a000000, 0x000000008a000000|100%| O|  |TAMS 0x0000000089f00000, 0x0000000089f00000| Untracked 
| 160|0x000000008a000000, 0x000000008a100000, 0x000000008a100000|100%| O|  |TAMS 0x000000008a000000, 0x000000008a000000| Untracked 
| 161|0x000000008a100000, 0x000000008a200000, 0x000000008a200000|100%| O|  |TAMS 0x000000008a100000, 0x000000008a100000| Untracked 
| 162|0x000000008a200000, 0x000000008a300000, 0x000000008a300000|100%| O|  |TAMS 0x000000008a200000, 0x000000008a200000| Untracked 
| 163|0x000000008a300000, 0x000000008a400000, 0x000000008a400000|100%| O|  |TAMS 0x000000008a300000, 0x000000008a300000| Untracked 
| 164|0x000000008a400000, 0x000000008a500000, 0x000000008a500000|100%| O|  |TAMS 0x000000008a400000, 0x000000008a400000| Untracked 
| 165|0x000000008a500000, 0x000000008a600000, 0x000000008a600000|100%| O|  |TAMS 0x000000008a500000, 0x000000008a500000| Untracked 
| 166|0x000000008a600000, 0x000000008a700000, 0x000000008a700000|100%| O|  |TAMS 0x000000008a600000, 0x000000008a600000| Untracked 
| 167|0x000000008a700000, 0x000000008a800000, 0x000000008a800000|100%| O|  |TAMS 0x000000008a700000, 0x000000008a700000| Untracked 
| 168|0x000000008a800000, 0x000000008a900000, 0x000000008a900000|100%| O|  |TAMS 0x000000008a800000, 0x000000008a800000| Untracked 
| 169|0x000000008a900000, 0x000000008aa00000, 0x000000008aa00000|100%| O|  |TAMS 0x000000008a900000, 0x000000008a900000| Untracked 
| 170|0x000000008aa00000, 0x000000008ab00000, 0x000000008ab00000|100%| O|  |TAMS 0x000000008aa00000, 0x000000008aa00000| Untracked 
| 171|0x000000008ab00000, 0x000000008ac00000, 0x000000008ac00000|100%| O|  |TAMS 0x000000008ab00000, 0x000000008ab00000| Untracked 
| 172|0x000000008ac00000, 0x000000008ad00000, 0x000000008ad00000|100%| O|  |TAMS 0x000000008ac00000, 0x000000008ac00000| Untracked 
| 173|0x000000008ad00000, 0x000000008ae00000, 0x000000008ae00000|100%| O|  |TAMS 0x000000008ad00000, 0x000000008ad00000| Untracked 
| 174|0x000000008ae00000, 0x000000008af00000, 0x000000008af00000|100%| O|  |TAMS 0x000000008ae00000, 0x000000008ae00000| Untracked 
| 175|0x000000008af00000, 0x000000008b000000, 0x000000008b000000|100%| O|  |TAMS 0x000000008af00000, 0x000000008af00000| Untracked 
| 176|0x000000008b000000, 0x000000008b100000, 0x000000008b100000|100%| O|  |TAMS 0x000000008b000000, 0x000000008b000000| Untracked 
| 177|0x000000008b100000, 0x000000008b200000, 0x000000008b200000|100%| O|  |TAMS 0x000000008b100000, 0x000000008b100000| Untracked 
| 178|0x000000008b200000, 0x000000008b287200, 0x000000008b300000| 52%| O|  |TAMS 0x000000008b200000, 0x000000008b200000| Untracked 
| 179|0x000000008b300000, 0x000000008b300000, 0x000000008b400000|  0%| F|  |TAMS 0x000000008b300000, 0x000000008b300000| Untracked 
| 180|0x000000008b400000, 0x000000008b400000, 0x000000008b500000|  0%| F|  |TAMS 0x000000008b400000, 0x000000008b400000| Untracked 
| 181|0x000000008b500000, 0x000000008b500000, 0x000000008b600000|  0%| F|  |TAMS 0x000000008b500000, 0x000000008b500000| Untracked 
| 182|0x000000008b600000, 0x000000008b600000, 0x000000008b700000|  0%| F|  |TAMS 0x000000008b600000, 0x000000008b600000| Untracked 
| 183|0x000000008b700000, 0x000000008b700000, 0x000000008b800000|  0%| F|  |TAMS 0x000000008b700000, 0x000000008b700000| Untracked 
| 184|0x000000008b800000, 0x000000008b800000, 0x000000008b900000|  0%| F|  |TAMS 0x000000008b800000, 0x000000008b800000| Untracked 
| 185|0x000000008b900000, 0x000000008b900000, 0x000000008ba00000|  0%| F|  |TAMS 0x000000008b900000, 0x000000008b900000| Untracked 
| 186|0x000000008ba00000, 0x000000008ba00000, 0x000000008bb00000|  0%| F|  |TAMS 0x000000008ba00000, 0x000000008ba00000| Untracked 
| 187|0x000000008bb00000, 0x000000008bb00000, 0x000000008bc00000|  0%| F|  |TAMS 0x000000008bb00000, 0x000000008bb00000| Untracked 
| 188|0x000000008bc00000, 0x000000008bc00000, 0x000000008bd00000|  0%| F|  |TAMS 0x000000008bc00000, 0x000000008bc00000| Untracked 
| 189|0x000000008bd00000, 0x000000008bd00000, 0x000000008be00000|  0%| F|  |TAMS 0x000000008bd00000, 0x000000008bd00000| Untracked 
| 190|0x000000008be00000, 0x000000008be00000, 0x000000008bf00000|  0%| F|  |TAMS 0x000000008be00000, 0x000000008be00000| Untracked 
| 191|0x000000008bf00000, 0x000000008bf00000, 0x000000008c000000|  0%| F|  |TAMS 0x000000008bf00000, 0x000000008bf00000| Untracked 
| 192|0x000000008c000000, 0x000000008c000000, 0x000000008c100000|  0%| F|  |TAMS 0x000000008c000000, 0x000000008c000000| Untracked 
| 193|0x000000008c100000, 0x000000008c100000, 0x000000008c200000|  0%| F|  |TAMS 0x000000008c100000, 0x000000008c100000| Untracked 
| 194|0x000000008c200000, 0x000000008c200000, 0x000000008c300000|  0%| F|  |TAMS 0x000000008c200000, 0x000000008c200000| Untracked 
| 195|0x000000008c300000, 0x000000008c300000, 0x000000008c400000|  0%| F|  |TAMS 0x000000008c300000, 0x000000008c300000| Untracked 
| 196|0x000000008c400000, 0x000000008c400000, 0x000000008c500000|  0%| F|  |TAMS 0x000000008c400000, 0x000000008c400000| Untracked 
| 197|0x000000008c500000, 0x000000008c500000, 0x000000008c600000|  0%| F|  |TAMS 0x000000008c500000, 0x000000008c500000| Untracked 
| 198|0x000000008c600000, 0x000000008c600000, 0x000000008c700000|  0%| F|  |TAMS 0x000000008c600000, 0x000000008c600000| Untracked 
| 199|0x000000008c700000, 0x000000008c700000, 0x000000008c800000|  0%| F|  |TAMS 0x000000008c700000, 0x000000008c700000| Untracked 
| 200|0x000000008c800000, 0x000000008c800000, 0x000000008c900000|  0%| F|  |TAMS 0x000000008c800000, 0x000000008c800000| Untracked 
| 201|0x000000008c900000, 0x000000008c900000, 0x000000008ca00000|  0%| F|  |TAMS 0x000000008c900000, 0x000000008c900000| Untracked 
| 202|0x000000008ca00000, 0x000000008ca00000, 0x000000008cb00000|  0%| F|  |TAMS 0x000000008ca00000, 0x000000008ca00000| Untracked 
| 203|0x000000008cb00000, 0x000000008cb00000, 0x000000008cc00000|  0%| F|  |TAMS 0x000000008cb00000, 0x000000008cb00000| Untracked 
| 204|0x000000008cc00000, 0x000000008cc00000, 0x000000008cd00000|  0%| F|  |TAMS 0x000000008cc00000, 0x000000008cc00000| Untracked 
| 205|0x000000008cd00000, 0x000000008cd00000, 0x000000008ce00000|  0%| F|  |TAMS 0x000000008cd00000, 0x000000008cd00000| Untracked 
| 206|0x000000008ce00000, 0x000000008ce00000, 0x000000008cf00000|  0%| F|  |TAMS 0x000000008ce00000, 0x000000008ce00000| Untracked 
| 207|0x000000008cf00000, 0x000000008cf00000, 0x000000008d000000|  0%| F|  |TAMS 0x000000008cf00000, 0x000000008cf00000| Untracked 
| 208|0x000000008d000000, 0x000000008d000000, 0x000000008d100000|  0%| F|  |TAMS 0x000000008d000000, 0x000000008d000000| Untracked 
| 209|0x000000008d100000, 0x000000008d100000, 0x000000008d200000|  0%| F|  |TAMS 0x000000008d100000, 0x000000008d100000| Untracked 
| 210|0x000000008d200000, 0x000000008d200000, 0x000000008d300000|  0%| F|  |TAMS 0x000000008d200000, 0x000000008d200000| Untracked 
| 211|0x000000008d300000, 0x000000008d300000, 0x000000008d400000|  0%| F|  |TAMS 0x000000008d300000, 0x000000008d300000| Untracked 
| 212|0x000000008d400000, 0x000000008d400000, 0x000000008d500000|  0%| F|  |TAMS 0x000000008d400000, 0x000000008d400000| Untracked 
| 213|0x000000008d500000, 0x000000008d500000, 0x000000008d600000|  0%| F|  |TAMS 0x000000008d500000, 0x000000008d500000| Untracked 
| 214|0x000000008d600000, 0x000000008d600000, 0x000000008d700000|  0%| F|  |TAMS 0x000000008d600000, 0x000000008d600000| Untracked 
| 215|0x000000008d700000, 0x000000008d700000, 0x000000008d800000|  0%| F|  |TAMS 0x000000008d700000, 0x000000008d700000| Untracked 
| 216|0x000000008d800000, 0x000000008d800000, 0x000000008d900000|  0%| F|  |TAMS 0x000000008d800000, 0x000000008d800000| Untracked 
| 217|0x000000008d900000, 0x000000008d900000, 0x000000008da00000|  0%| F|  |TAMS 0x000000008d900000, 0x000000008d900000| Untracked 
| 218|0x000000008da00000, 0x000000008da00000, 0x000000008db00000|  0%| F|  |TAMS 0x000000008da00000, 0x000000008da00000| Untracked 
| 219|0x000000008db00000, 0x000000008db00000, 0x000000008dc00000|  0%| F|  |TAMS 0x000000008db00000, 0x000000008db00000| Untracked 
| 220|0x000000008dc00000, 0x000000008dc00000, 0x000000008dd00000|  0%| F|  |TAMS 0x000000008dc00000, 0x000000008dc00000| Untracked 
| 221|0x000000008dd00000, 0x000000008dd00000, 0x000000008de00000|  0%| F|  |TAMS 0x000000008dd00000, 0x000000008dd00000| Untracked 
| 222|0x000000008de00000, 0x000000008de00000, 0x000000008df00000|  0%| F|  |TAMS 0x000000008de00000, 0x000000008de00000| Untracked 
| 223|0x000000008df00000, 0x000000008df00000, 0x000000008e000000|  0%| F|  |TAMS 0x000000008df00000, 0x000000008df00000| Untracked 
| 224|0x000000008e000000, 0x000000008e000000, 0x000000008e100000|  0%| F|  |TAMS 0x000000008e000000, 0x000000008e000000| Untracked 
| 225|0x000000008e100000, 0x000000008e100000, 0x000000008e200000|  0%| F|  |TAMS 0x000000008e100000, 0x000000008e100000| Untracked 
| 226|0x000000008e200000, 0x000000008e200000, 0x000000008e300000|  0%| F|  |TAMS 0x000000008e200000, 0x000000008e200000| Untracked 
| 227|0x000000008e300000, 0x000000008e300000, 0x000000008e400000|  0%| F|  |TAMS 0x000000008e300000, 0x000000008e300000| Untracked 
| 228|0x000000008e400000, 0x000000008e400000, 0x000000008e500000|  0%| F|  |TAMS 0x000000008e400000, 0x000000008e400000| Untracked 
| 229|0x000000008e500000, 0x000000008e500000, 0x000000008e600000|  0%| F|  |TAMS 0x000000008e500000, 0x000000008e500000| Untracked 
| 230|0x000000008e600000, 0x000000008e600000, 0x000000008e700000|  0%| F|  |TAMS 0x000000008e600000, 0x000000008e600000| Untracked 
| 231|0x000000008e700000, 0x000000008e700000, 0x000000008e800000|  0%| F|  |TAMS 0x000000008e700000, 0x000000008e700000| Untracked 
| 232|0x000000008e800000, 0x000000008e800000, 0x000000008e900000|  0%| F|  |TAMS 0x000000008e800000, 0x000000008e800000| Untracked 
| 233|0x000000008e900000, 0x000000008e900000, 0x000000008ea00000|  0%| F|  |TAMS 0x000000008e900000, 0x000000008e900000| Untracked 
| 234|0x000000008ea00000, 0x000000008ea00000, 0x000000008eb00000|  0%| F|  |TAMS 0x000000008ea00000, 0x000000008ea00000| Untracked 
| 235|0x000000008eb00000, 0x000000008eb00000, 0x000000008ec00000|  0%| F|  |TAMS 0x000000008eb00000, 0x000000008eb00000| Untracked 
| 236|0x000000008ec00000, 0x000000008ec00000, 0x000000008ed00000|  0%| F|  |TAMS 0x000000008ec00000, 0x000000008ec00000| Untracked 
| 237|0x000000008ed00000, 0x000000008ed00000, 0x000000008ee00000|  0%| F|  |TAMS 0x000000008ed00000, 0x000000008ed00000| Untracked 
| 238|0x000000008ee00000, 0x000000008ee00000, 0x000000008ef00000|  0%| F|  |TAMS 0x000000008ee00000, 0x000000008ee00000| Untracked 
| 239|0x000000008ef00000, 0x000000008ef55378, 0x000000008f000000| 33%| S|CS|TAMS 0x000000008ef00000, 0x000000008ef00000| Complete 
| 240|0x000000008f000000, 0x000000008f100000, 0x000000008f100000|100%| S|CS|TAMS 0x000000008f000000, 0x000000008f000000| Complete 
| 241|0x000000008f100000, 0x000000008f200000, 0x000000008f200000|100%| S|CS|TAMS 0x000000008f100000, 0x000000008f100000| Complete 
| 242|0x000000008f200000, 0x000000008f300000, 0x000000008f300000|100%| S|CS|TAMS 0x000000008f200000, 0x000000008f200000| Complete 
| 243|0x000000008f300000, 0x000000008f400000, 0x000000008f400000|100%| S|CS|TAMS 0x000000008f300000, 0x000000008f300000| Complete 
| 244|0x000000008f400000, 0x000000008f400000, 0x000000008f500000|  0%| F|  |TAMS 0x000000008f400000, 0x000000008f400000| Untracked 
| 245|0x000000008f500000, 0x000000008f500000, 0x000000008f600000|  0%| F|  |TAMS 0x000000008f500000, 0x000000008f500000| Untracked 
| 246|0x000000008f600000, 0x000000008f600000, 0x000000008f700000|  0%| F|  |TAMS 0x000000008f600000, 0x000000008f600000| Untracked 
| 247|0x000000008f700000, 0x000000008f700000, 0x000000008f800000|  0%| F|  |TAMS 0x000000008f700000, 0x000000008f700000| Untracked 
| 248|0x000000008f800000, 0x000000008f800000, 0x000000008f900000|  0%| F|  |TAMS 0x000000008f800000, 0x000000008f800000| Untracked 
| 249|0x000000008f900000, 0x000000008f900000, 0x000000008fa00000|  0%| F|  |TAMS 0x000000008f900000, 0x000000008f900000| Untracked 
| 250|0x000000008fa00000, 0x000000008fa00000, 0x000000008fb00000|  0%| F|  |TAMS 0x000000008fa00000, 0x000000008fa00000| Untracked 
| 251|0x000000008fb00000, 0x000000008fb00000, 0x000000008fc00000|  0%| F|  |TAMS 0x000000008fb00000, 0x000000008fb00000| Untracked 
| 252|0x000000008fc00000, 0x000000008fc00000, 0x000000008fd00000|  0%| F|  |TAMS 0x000000008fc00000, 0x000000008fc00000| Untracked 
| 253|0x000000008fd00000, 0x000000008fd00000, 0x000000008fe00000|  0%| F|  |TAMS 0x000000008fd00000, 0x000000008fd00000| Untracked 
| 254|0x000000008fe00000, 0x000000008fe00000, 0x000000008ff00000|  0%| F|  |TAMS 0x000000008fe00000, 0x000000008fe00000| Untracked 
| 255|0x000000008ff00000, 0x000000008ff00000, 0x0000000090000000|  0%| F|  |TAMS 0x000000008ff00000, 0x000000008ff00000| Untracked 
| 256|0x0000000090000000, 0x0000000090000000, 0x0000000090100000|  0%| F|  |TAMS 0x0000000090000000, 0x0000000090000000| Untracked 
| 257|0x0000000090100000, 0x0000000090100000, 0x0000000090200000|  0%| F|  |TAMS 0x0000000090100000, 0x0000000090100000| Untracked 
| 258|0x0000000090200000, 0x0000000090200000, 0x0000000090300000|  0%| F|  |TAMS 0x0000000090200000, 0x0000000090200000| Untracked 
| 259|0x0000000090300000, 0x0000000090300000, 0x0000000090400000|  0%| F|  |TAMS 0x0000000090300000, 0x0000000090300000| Untracked 
| 260|0x0000000090400000, 0x0000000090400000, 0x0000000090500000|  0%| F|  |TAMS 0x0000000090400000, 0x0000000090400000| Untracked 
| 261|0x0000000090500000, 0x0000000090500000, 0x0000000090600000|  0%| F|  |TAMS 0x0000000090500000, 0x0000000090500000| Untracked 
| 262|0x0000000090600000, 0x0000000090600000, 0x0000000090700000|  0%| F|  |TAMS 0x0000000090600000, 0x0000000090600000| Untracked 
| 263|0x0000000090700000, 0x0000000090700000, 0x0000000090800000|  0%| F|  |TAMS 0x0000000090700000, 0x0000000090700000| Untracked 
| 264|0x0000000090800000, 0x0000000090800000, 0x0000000090900000|  0%| F|  |TAMS 0x0000000090800000, 0x0000000090800000| Untracked 
| 265|0x0000000090900000, 0x0000000090900000, 0x0000000090a00000|  0%| F|  |TAMS 0x0000000090900000, 0x0000000090900000| Untracked 
| 266|0x0000000090a00000, 0x0000000090a00000, 0x0000000090b00000|  0%| F|  |TAMS 0x0000000090a00000, 0x0000000090a00000| Untracked 
| 267|0x0000000090b00000, 0x0000000090b00000, 0x0000000090c00000|  0%| F|  |TAMS 0x0000000090b00000, 0x0000000090b00000| Untracked 
| 268|0x0000000090c00000, 0x0000000090c00000, 0x0000000090d00000|  0%| F|  |TAMS 0x0000000090c00000, 0x0000000090c00000| Untracked 
| 269|0x0000000090d00000, 0x0000000090d00000, 0x0000000090e00000|  0%| F|  |TAMS 0x0000000090d00000, 0x0000000090d00000| Untracked 
| 270|0x0000000090e00000, 0x0000000090e00000, 0x0000000090f00000|  0%| F|  |TAMS 0x0000000090e00000, 0x0000000090e00000| Untracked 
| 271|0x0000000090f00000, 0x0000000090f00000, 0x0000000091000000|  0%| F|  |TAMS 0x0000000090f00000, 0x0000000090f00000| Untracked 
| 272|0x0000000091000000, 0x0000000091000000, 0x0000000091100000|  0%| F|  |TAMS 0x0000000091000000, 0x0000000091000000| Untracked 
| 273|0x0000000091100000, 0x0000000091100000, 0x0000000091200000|  0%| F|  |TAMS 0x0000000091100000, 0x0000000091100000| Untracked 
| 274|0x0000000091200000, 0x0000000091200000, 0x0000000091300000|  0%| F|  |TAMS 0x0000000091200000, 0x0000000091200000| Untracked 
| 275|0x0000000091300000, 0x0000000091300000, 0x0000000091400000|  0%| F|  |TAMS 0x0000000091300000, 0x0000000091300000| Untracked 
| 276|0x0000000091400000, 0x0000000091400000, 0x0000000091500000|  0%| F|  |TAMS 0x0000000091400000, 0x0000000091400000| Untracked 
| 277|0x0000000091500000, 0x0000000091500000, 0x0000000091600000|  0%| F|  |TAMS 0x0000000091500000, 0x0000000091500000| Untracked 
| 278|0x0000000091600000, 0x0000000091600000, 0x0000000091700000|  0%| F|  |TAMS 0x0000000091600000, 0x0000000091600000| Untracked 
| 279|0x0000000091700000, 0x0000000091700000, 0x0000000091800000|  0%| F|  |TAMS 0x0000000091700000, 0x0000000091700000| Untracked 
| 280|0x0000000091800000, 0x0000000091800000, 0x0000000091900000|  0%| F|  |TAMS 0x0000000091800000, 0x0000000091800000| Untracked 
| 281|0x0000000091900000, 0x0000000091900000, 0x0000000091a00000|  0%| F|  |TAMS 0x0000000091900000, 0x0000000091900000| Untracked 
| 282|0x0000000091a00000, 0x0000000091a00000, 0x0000000091b00000|  0%| F|  |TAMS 0x0000000091a00000, 0x0000000091a00000| Untracked 
| 283|0x0000000091b00000, 0x0000000091b00000, 0x0000000091c00000|  0%| F|  |TAMS 0x0000000091b00000, 0x0000000091b00000| Untracked 
| 284|0x0000000091c00000, 0x0000000091c00000, 0x0000000091d00000|  0%| F|  |TAMS 0x0000000091c00000, 0x0000000091c00000| Untracked 
| 285|0x0000000091d00000, 0x0000000091d00000, 0x0000000091e00000|  0%| F|  |TAMS 0x0000000091d00000, 0x0000000091d00000| Untracked 
| 286|0x0000000091e00000, 0x0000000091e00000, 0x0000000091f00000|  0%| F|  |TAMS 0x0000000091e00000, 0x0000000091e00000| Untracked 
| 287|0x0000000091f00000, 0x0000000091f00000, 0x0000000092000000|  0%| F|  |TAMS 0x0000000091f00000, 0x0000000091f00000| Untracked 
| 288|0x0000000092000000, 0x0000000092000000, 0x0000000092100000|  0%| F|  |TAMS 0x0000000092000000, 0x0000000092000000| Untracked 
| 289|0x0000000092100000, 0x0000000092100000, 0x0000000092200000|  0%| F|  |TAMS 0x0000000092100000, 0x0000000092100000| Untracked 
| 290|0x0000000092200000, 0x0000000092200000, 0x0000000092300000|  0%| F|  |TAMS 0x0000000092200000, 0x0000000092200000| Untracked 
| 291|0x0000000092300000, 0x0000000092300000, 0x0000000092400000|  0%| F|  |TAMS 0x0000000092300000, 0x0000000092300000| Untracked 
| 292|0x0000000092400000, 0x0000000092400000, 0x0000000092500000|  0%| F|  |TAMS 0x0000000092400000, 0x0000000092400000| Untracked 
| 293|0x0000000092500000, 0x0000000092500000, 0x0000000092600000|  0%| F|  |TAMS 0x0000000092500000, 0x0000000092500000| Untracked 
| 294|0x0000000092600000, 0x0000000092600000, 0x0000000092700000|  0%| F|  |TAMS 0x0000000092600000, 0x0000000092600000| Untracked 
| 295|0x0000000092700000, 0x0000000092700000, 0x0000000092800000|  0%| F|  |TAMS 0x0000000092700000, 0x0000000092700000| Untracked 
| 296|0x0000000092800000, 0x0000000092800000, 0x0000000092900000|  0%| F|  |TAMS 0x0000000092800000, 0x0000000092800000| Untracked 
| 297|0x0000000092900000, 0x0000000092900000, 0x0000000092a00000|  0%| F|  |TAMS 0x0000000092900000, 0x0000000092900000| Untracked 
| 298|0x0000000092a00000, 0x0000000092a00000, 0x0000000092b00000|  0%| F|  |TAMS 0x0000000092a00000, 0x0000000092a00000| Untracked 
| 299|0x0000000092b00000, 0x0000000092b00000, 0x0000000092c00000|  0%| F|  |TAMS 0x0000000092b00000, 0x0000000092b00000| Untracked 
| 300|0x0000000092c00000, 0x0000000092c00000, 0x0000000092d00000|  0%| F|  |TAMS 0x0000000092c00000, 0x0000000092c00000| Untracked 
| 301|0x0000000092d00000, 0x0000000092d00000, 0x0000000092e00000|  0%| F|  |TAMS 0x0000000092d00000, 0x0000000092d00000| Untracked 
| 302|0x0000000092e00000, 0x0000000092e00000, 0x0000000092f00000|  0%| F|  |TAMS 0x0000000092e00000, 0x0000000092e00000| Untracked 
| 303|0x0000000092f00000, 0x0000000092f00000, 0x0000000093000000|  0%| F|  |TAMS 0x0000000092f00000, 0x0000000092f00000| Untracked 
| 304|0x0000000093000000, 0x0000000093000000, 0x0000000093100000|  0%| F|  |TAMS 0x0000000093000000, 0x0000000093000000| Untracked 
| 305|0x0000000093100000, 0x0000000093100000, 0x0000000093200000|  0%| F|  |TAMS 0x0000000093100000, 0x0000000093100000| Untracked 
| 306|0x0000000093200000, 0x0000000093200000, 0x0000000093300000|  0%| F|  |TAMS 0x0000000093200000, 0x0000000093200000| Untracked 
| 307|0x0000000093300000, 0x0000000093300000, 0x0000000093400000|  0%| F|  |TAMS 0x0000000093300000, 0x0000000093300000| Untracked 
| 308|0x0000000093400000, 0x0000000093400000, 0x0000000093500000|  0%| F|  |TAMS 0x0000000093400000, 0x0000000093400000| Untracked 
| 309|0x0000000093500000, 0x0000000093500000, 0x0000000093600000|  0%| F|  |TAMS 0x0000000093500000, 0x0000000093500000| Untracked 
| 310|0x0000000093600000, 0x0000000093600000, 0x0000000093700000|  0%| F|  |TAMS 0x0000000093600000, 0x0000000093600000| Untracked 
| 311|0x0000000093700000, 0x0000000093700000, 0x0000000093800000|  0%| F|  |TAMS 0x0000000093700000, 0x0000000093700000| Untracked 
| 312|0x0000000093800000, 0x0000000093800000, 0x0000000093900000|  0%| F|  |TAMS 0x0000000093800000, 0x0000000093800000| Untracked 
| 313|0x0000000093900000, 0x0000000093900000, 0x0000000093a00000|  0%| F|  |TAMS 0x0000000093900000, 0x0000000093900000| Untracked 
| 314|0x0000000093a00000, 0x0000000093a00000, 0x0000000093b00000|  0%| F|  |TAMS 0x0000000093a00000, 0x0000000093a00000| Untracked 

Card table byte_map: [0x0000024f75d40000,0x0000024f76140000] _byte_map_base: 0x0000024f75940000

Marking Bits (Prev, Next): (CMBitMap*) 0x0000024f62b4e0c8, (CMBitMap*) 0x0000024f62b4e100
 Prev Bits: [0x0000024f76540000, 0x0000024f78540000)
 Next Bits: [0x0000024f78540000, 0x0000024f7a540000)

Polling page: 0x0000024f622f0000

Metaspace:

Usage:
  Non-class:     98.83 MB capacity,    96.97 MB ( 98%) used,     1.52 MB (  2%) free+waste,   349.13 KB ( <1%) overhead. 
      Class:     14.99 MB capacity,    13.92 MB ( 93%) used,   937.63 KB (  6%) free+waste,   156.38 KB (  1%) overhead. 
       Both:    113.82 MB capacity,   110.89 MB ( 97%) used,     2.44 MB (  2%) free+waste,   505.50 KB ( <1%) overhead. 

Virtual space:
  Non-class space:      100.00 MB reserved,      99.00 MB ( 99%) committed 
      Class space:        1.00 GB reserved,      15.07 MB (  1%) committed 
             Both:        1.10 GB reserved,     114.07 MB ( 10%) committed 

Chunk freelists:
   Non-Class:  44.00 KB
       Class:  11.00 KB
        Both:  55.00 KB

MaxMetaspaceSize: 17179869184.00 GB
CompressedClassSpaceSize: 1.00 GB

CodeHeap 'non-profiled nmethods': size=120000Kb used=12120Kb max_used=12700Kb free=107879Kb
 bounds [0x0000024f6e0e0000, 0x0000024f6ed50000, 0x0000024f75610000]
CodeHeap 'profiled nmethods': size=120000Kb used=38666Kb max_used=40344Kb free=81333Kb
 bounds [0x0000024f66bb0000, 0x0000024f693a0000, 0x0000024f6e0e0000]
CodeHeap 'non-nmethods': size=5760Kb used=2325Kb max_used=2382Kb free=3434Kb
 bounds [0x0000024f66610000, 0x0000024f66880000, 0x0000024f66bb0000]
 total_blobs=17758 nmethods=16817 adapters=850
 compilation: enabled
              stopped_count=0, restarted_count=0
 full_count=0

Compilation events (20 events):
Event: 90.576 Thread 0x0000024f077b7000 18410       4       java.util.IdentityHashMap::containsKey (55 bytes)
Event: 90.580 Thread 0x0000024f077b7000 nmethod 18410 0x0000024f6e13d190 code [0x0000024f6e13d340, 0x0000024f6e13d4c8]
Event: 90.580 Thread 0x0000024f077b7000 19105       4       com.android.tools.r8.ir.regalloc.c::a (90 bytes)
Event: 90.587 Thread 0x0000024f7d932000 nmethod 18979 0x0000024f66dd9e10 code [0x0000024f66dd9fc0, 0x0000024f66dda258]
Event: 90.587 Thread 0x0000024f7d932000 19123       2       com.android.tools.r8.internal.ka::a (180 bytes)
Event: 90.588 Thread 0x0000024f7d932000 nmethod 19123 0x0000024f66dd8c10 code [0x0000024f66dd8ec0, 0x0000024f66dd9888]
Event: 90.588 Thread 0x0000024f7d932000 19130       3       com.android.tools.r8.internal.ka::a (944 bytes)
Event: 90.609 Thread 0x0000024f7d932000 nmethod 19130 0x0000024f69367590 code [0x0000024f69368400, 0x0000024f69372a08]
Event: 90.609 Thread 0x0000024f7d932000 19136 %     3       com.android.tools.r8.internal.Me::a @ 1628 (3140 bytes)
Event: 90.622 Thread 0x0000024f7d92f000 nmethod 19029 0x0000024f6e225d90 code [0x0000024f6e226120, 0x0000024f6e229330]
Event: 90.623 Thread 0x0000024f7d92f000 19106       4       com.android.tools.r8.ir.regalloc.b::h (51 bytes)
Event: 90.638 Thread 0x0000024f7d92f000 nmethod 19106 0x0000024f6e13ca10 code [0x0000024f6e13cbc0, 0x0000024f6e13cef8]
Event: 90.638 Thread 0x0000024f7d92f000 18730       4       java.util.ArrayDeque::<init> (35 bytes)
Event: 90.644 Thread 0x0000024f7d92f000 nmethod 18730 0x0000024f6e13c590 code [0x0000024f6e13c720, 0x0000024f6e13c958]
Event: 90.644 Thread 0x0000024f7d92f000 19147       4       java.util.ArrayList::clear (43 bytes)
Event: 90.649 Thread 0x0000024f7d92f000 nmethod 19147 0x0000024f6e153610 code [0x0000024f6e1537a0, 0x0000024f6e1538b8]
Event: 90.649 Thread 0x0000024f7d92f000 18781  s    4       com.android.tools.r8.graph.T::c (6 bytes)
Event: 90.653 Thread 0x0000024f7d92f000 nmethod 18781 0x0000024f6e153090 code [0x0000024f6e153240, 0x0000024f6e153528]
Event: 90.653 Thread 0x0000024f7d92f000 18406       4       com.android.tools.r8.graph.d0::a (10 bytes)
Event: 90.658 Thread 0x0000024f7d932000 nmethod 19136% 0x0000024f69376310 code [0x0000024f693781e0, 0x0000024f6938e568]

GC Heap History (20 events):
Event: 85.838 GC heap after
{Heap after GC invocations=85 (full 0):
 garbage-first heap   total 236544K, used 152787K [0x0000000080000000, 0x0000000100000000)
  region size 1024K, 6 young (6144K), 6 survivors (6144K)
 Metaspace       used 108110K, capacity 110928K, committed 111052K, reserved 1146880K
  class space    used 13431K, capacity 14442K, committed 14540K, reserved 1048576K
}
Event: 85.966 GC heap before
{Heap before GC invocations=85 (full 0):
 garbage-first heap   total 236544K, used 192723K [0x0000000080000000, 0x0000000100000000)
  region size 1024K, 45 young (46080K), 6 survivors (6144K)
 Metaspace       used 108333K, capacity 111139K, committed 111308K, reserved 1146880K
  class space    used 13479K, capacity 14491K, committed 14540K, reserved 1048576K
}
Event: 86.018 GC heap after
{Heap after GC invocations=86 (full 0):
 garbage-first heap   total 236544K, used 160139K [0x0000000080000000, 0x0000000100000000)
  region size 1024K, 6 young (6144K), 6 survivors (6144K)
 Metaspace       used 108333K, capacity 111139K, committed 111308K, reserved 1146880K
  class space    used 13479K, capacity 14491K, committed 14540K, reserved 1048576K
}
Event: 86.256 GC heap before
{Heap before GC invocations=86 (full 0):
 garbage-first heap   total 236544K, used 194955K [0x0000000080000000, 0x0000000100000000)
  region size 1024K, 40 young (40960K), 6 survivors (6144K)
 Metaspace       used 108409K, capacity 111235K, committed 111308K, reserved 1146880K
  class space    used 13486K, capacity 14523K, committed 14540K, reserved 1048576K
}
Event: 86.300 GC heap after
{Heap after GC invocations=87 (full 0):
 garbage-first heap   total 236544K, used 167067K [0x0000000080000000, 0x0000000100000000)
  region size 1024K, 5 young (5120K), 5 survivors (5120K)
 Metaspace       used 108409K, capacity 111235K, committed 111308K, reserved 1146880K
  class space    used 13486K, capacity 14523K, committed 14540K, reserved 1048576K
}
Event: 86.678 GC heap before
{Heap before GC invocations=87 (full 0):
 garbage-first heap   total 236544K, used 196763K [0x0000000080000000, 0x0000000100000000)
  region size 1024K, 34 young (34816K), 5 survivors (5120K)
 Metaspace       used 108344K, capacity 111076K, committed 111692K, reserved 1146880K
  class space    used 13435K, capacity 14393K, committed 14668K, reserved 1048576K
}
Event: 86.703 GC heap after
{Heap after GC invocations=88 (full 0):
 garbage-first heap   total 236544K, used 172555K [0x0000000080000000, 0x0000000100000000)
  region size 1024K, 5 young (5120K), 5 survivors (5120K)
 Metaspace       used 108344K, capacity 111076K, committed 111692K, reserved 1146880K
  class space    used 13435K, capacity 14393K, committed 14668K, reserved 1048576K
}
Event: 87.117 GC heap before
{Heap before GC invocations=89 (full 0):
 garbage-first heap   total 236544K, used 199179K [0x0000000080000000, 0x0000000100000000)
  region size 1024K, 31 young (31744K), 5 survivors (5120K)
 Metaspace       used 108690K, capacity 111425K, committed 111948K, reserved 1146880K
  class space    used 13501K, capacity 14468K, committed 14668K, reserved 1048576K
}
Event: 87.145 GC heap after
{Heap after GC invocations=90 (full 0):
 garbage-first heap   total 322560K, used 177152K [0x0000000080000000, 0x0000000100000000)
  region size 1024K, 4 young (4096K), 4 survivors (4096K)
 Metaspace       used 108690K, capacity 111425K, committed 111948K, reserved 1146880K
  class space    used 13501K, capacity 14468K, committed 14668K, reserved 1048576K
}
Event: 87.366 GC heap before
{Heap before GC invocations=90 (full 0):
 garbage-first heap   total 322560K, used 188416K [0x0000000080000000, 0x0000000100000000)
  region size 1024K, 15 young (15360K), 4 survivors (4096K)
 Metaspace       used 109519K, capacity 112281K, committed 112588K, reserved 1146880K
  class space    used 13685K, capacity 14681K, committed 14796K, reserved 1048576K
}
Event: 87.381 GC heap after
{Heap after GC invocations=91 (full 0):
 garbage-first heap   total 322560K, used 179207K [0x0000000080000000, 0x0000000100000000)
  region size 1024K, 2 young (2048K), 2 survivors (2048K)
 Metaspace       used 109519K, capacity 112281K, committed 112588K, reserved 1146880K
  class space    used 13685K, capacity 14681K, committed 14796K, reserved 1048576K
}
Event: 88.888 GC heap before
{Heap before GC invocations=91 (full 0):
 garbage-first heap   total 322560K, used 234503K [0x0000000080000000, 0x0000000100000000)
  region size 1024K, 57 young (58368K), 2 survivors (2048K)
 Metaspace       used 111562K, capacity 114463K, committed 114636K, reserved 1148928K
  class space    used 14010K, capacity 15044K, committed 15052K, reserved 1048576K
}
Event: 88.905 GC heap after
{Heap after GC invocations=92 (full 0):
 garbage-first heap   total 322560K, used 183202K [0x0000000080000000, 0x0000000100000000)
  region size 1024K, 6 young (6144K), 6 survivors (6144K)
 Metaspace       used 111562K, capacity 114463K, committed 114636K, reserved 1148928K
  class space    used 14010K, capacity 15044K, committed 15052K, reserved 1048576K
}
Event: 89.358 GC heap before
{Heap before GC invocations=92 (full 0):
 garbage-first heap   total 322560K, used 242594K [0x0000000080000000, 0x0000000100000000)
  region size 1024K, 64 young (65536K), 6 survivors (6144K)
 Metaspace       used 112422K, capacity 115344K, committed 115660K, reserved 1148928K
  class space    used 14134K, capacity 15182K, committed 15308K, reserved 1048576K
}
Event: 89.367 GC heap after
{Heap after GC invocations=93 (full 0):
 garbage-first heap   total 322560K, used 184631K [0x0000000080000000, 0x0000000100000000)
  region size 1024K, 2 young (2048K), 2 survivors (2048K)
 Metaspace       used 112422K, capacity 115344K, committed 115660K, reserved 1148928K
  class space    used 14134K, capacity 15182K, committed 15308K, reserved 1048576K
}
Event: 89.792 GC heap before
{Heap before GC invocations=93 (full 0):
 garbage-first heap   total 322560K, used 247095K [0x0000000080000000, 0x0000000100000000)
  region size 1024K, 63 young (64512K), 2 survivors (2048K)
 Metaspace       used 112783K, capacity 115713K, committed 115916K, reserved 1150976K
  class space    used 14167K, capacity 15242K, committed 15308K, reserved 1048576K
}
Event: 89.798 GC heap after
{Heap after GC invocations=94 (full 0):
 garbage-first heap   total 322560K, used 185884K [0x0000000080000000, 0x0000000100000000)
  region size 1024K, 3 young (3072K), 3 survivors (3072K)
 Metaspace       used 112783K, capacity 115713K, committed 115916K, reserved 1150976K
  class space    used 14167K, capacity 15242K, committed 15308K, reserved 1048576K
}
Event: 90.279 GC heap before
{Heap before GC invocations=94 (full 0):
 garbage-first heap   total 322560K, used 251420K [0x0000000080000000, 0x0000000100000000)
  region size 1024K, 67 young (68608K), 3 survivors (3072K)
 Metaspace       used 113293K, capacity 116306K, committed 116556K, reserved 1150976K
  class space    used 14220K, capacity 15311K, committed 15436K, reserved 1048576K
}
Event: 90.291 GC heap after
{Heap after GC invocations=95 (full 0):
 garbage-first heap   total 322560K, used 186792K [0x0000000080000000, 0x0000000100000000)
  region size 1024K, 4 young (4096K), 4 survivors (4096K)
 Metaspace       used 113293K, capacity 116306K, committed 116556K, reserved 1150976K
  class space    used 14220K, capacity 15311K, committed 15436K, reserved 1048576K
}
Event: 90.663 GC heap before
{Heap before GC invocations=95 (full 0):
 garbage-first heap   total 322560K, used 255400K [0x0000000080000000, 0x0000000100000000)
  region size 1024K, 71 young (72704K), 4 survivors (4096K)
 Metaspace       used 113550K, capacity 116553K, committed 116812K, reserved 1150976K
  class space    used 14255K, capacity 15349K, committed 15436K, reserved 1048576K
}

Deoptimization events (20 events):
Event: 90.375 Thread 0x0000024f00398800 DEOPT PACKING pc=0x0000024f692e8475 sp=0x000000a9479f9380
Event: 90.375 Thread 0x0000024f00398800 DEOPT UNPACKING pc=0x0000024f66636dde sp=0x000000a9479f8808 mode 0
Event: 90.422 Thread 0x0000024f00398800 DEOPT PACKING pc=0x0000024f692e8475 sp=0x000000a9479f93a0
Event: 90.422 Thread 0x0000024f00398800 DEOPT UNPACKING pc=0x0000024f66636dde sp=0x000000a9479f8828 mode 0
Event: 90.482 Thread 0x0000024f003a4000 DEOPT PACKING pc=0x0000024f692e8475 sp=0x000000a947ff9a10
Event: 90.482 Thread 0x0000024f003a4000 DEOPT UNPACKING pc=0x0000024f66636dde sp=0x000000a947ff8e98 mode 0
Event: 90.503 Thread 0x0000024f00398800 DEOPT PACKING pc=0x0000024f6921d884 sp=0x000000a9479f9ae0
Event: 90.503 Thread 0x0000024f00398800 DEOPT UNPACKING pc=0x0000024f66636dde sp=0x000000a9479f8f80 mode 0
Event: 90.532 Thread 0x0000024f00398800 DEOPT PACKING pc=0x0000024f6931a451 sp=0x000000a9479f9220
Event: 90.532 Thread 0x0000024f00398800 DEOPT UNPACKING pc=0x0000024f66636dde sp=0x000000a9479f86c0 mode 0
Event: 90.588 Thread 0x0000024f003a4000 DEOPT PACKING pc=0x0000024f69254882 sp=0x000000a947ff9760
Event: 90.588 Thread 0x0000024f003a4000 DEOPT UNPACKING pc=0x0000024f66636dde sp=0x000000a947ff8e58 mode 0
Event: 90.609 Thread 0x0000024f00398800 DEOPT PACKING pc=0x0000024f6931a451 sp=0x000000a9479f9af0
Event: 90.609 Thread 0x0000024f00398800 DEOPT UNPACKING pc=0x0000024f66636dde sp=0x000000a9479f8f90 mode 0
Event: 90.643 Thread 0x0000024f0039f000 DEOPT PACKING pc=0x0000024f6913f6a0 sp=0x000000a947df99a0
Event: 90.643 Thread 0x0000024f0039f000 DEOPT UNPACKING pc=0x0000024f66636dde sp=0x000000a947df9038 mode 0
Event: 90.654 Thread 0x0000024f003a1800 Uncommon trap: trap_request=0xffffffd6 fr.pc=0x0000024f6ed2fe94 relative=0x0000000000000854
Event: 90.654 Thread 0x0000024f003a1800 Uncommon trap: reason=array_check action=maybe_recompile pc=0x0000024f6ed2fe94 method=java.util.TimSort.binarySort([Ljava/lang/Object;IIILjava/util/Comparator;)V @ 183 c2
Event: 90.654 Thread 0x0000024f003a1800 DEOPT PACKING pc=0x0000024f6ed2fe94 sp=0x000000a947bf9d40
Event: 90.654 Thread 0x0000024f003a1800 DEOPT UNPACKING pc=0x0000024f6663662f sp=0x000000a947bf9ce8 mode 2

Classes redefined (0 events):
No events

Internal exceptions (20 events):
Event: 87.183 Thread 0x0000024f003a1800 Exception <a 'java/lang/IncompatibleClassChangeError'{0x000000009366cfc0}: Found class java.lang.Object, but interface was expected> (0x000000009366cfc0) thrown at [./src/hotspot/share/interpreter/linkResolver.cpp, line 839]
Event: 87.183 Thread 0x0000024f00398800 Exception <a 'java/lang/IncompatibleClassChangeError'{0x000000009363e530}: Found class java.lang.Object, but interface was expected> (0x000000009363e530) thrown at [./src/hotspot/share/interpreter/linkResolver.cpp, line 839]
Event: 87.183 Thread 0x0000024f0039d800 Exception <a 'java/lang/IncompatibleClassChangeError'{0x000000009366c7c8}: Found class java.lang.Object, but interface was expected> (0x000000009366c7c8) thrown at [./src/hotspot/share/interpreter/linkResolver.cpp, line 839]
Event: 87.183 Thread 0x0000024f003a4000 Exception <a 'java/lang/IncompatibleClassChangeError'{0x0000000093af2108}: Found class java.lang.Object, but interface was expected> (0x0000000093af2108) thrown at [./src/hotspot/share/interpreter/linkResolver.cpp, line 839]
Event: 87.184 Thread 0x0000024f00398800 Exception <a 'java/lang/IncompatibleClassChangeError'{0x0000000093681788}: Found class java.lang.Object, but interface was expected> (0x0000000093681788) thrown at [./src/hotspot/share/interpreter/linkResolver.cpp, line 839]
Event: 87.184 Thread 0x0000024f003a3000 Exception <a 'java/lang/IncompatibleClassChangeError'{0x000000009367a138}: Found class java.lang.Object, but interface was expected> (0x000000009367a138) thrown at [./src/hotspot/share/interpreter/linkResolver.cpp, line 839]
Event: 87.184 Thread 0x0000024f0039d800 Exception <a 'java/lang/IncompatibleClassChangeError'{0x000000009368ed18}: Found class java.lang.Object, but interface was expected> (0x000000009368ed18) thrown at [./src/hotspot/share/interpreter/linkResolver.cpp, line 839]
Event: 87.184 Thread 0x0000024f003a1800 Exception <a 'java/lang/IncompatibleClassChangeError'{0x0000000093697910}: Found class java.lang.Object, but interface was expected> (0x0000000093697910) thrown at [./src/hotspot/share/interpreter/linkResolver.cpp, line 839]
Event: 87.207 Thread 0x0000024f003a1800 Exception <a 'java/lang/NoSuchMethodError'{0x00000000935e00d8}: 'void java.lang.invoke.DirectMethodHandle$Holder.invokeVirtual(java.lang.Object, java.lang.Object, int, java.lang.Object)'> (0x00000000935e00d8) thrown at [./src/hotspot/share/interpreter/linkResolver.cpp, line 773]
Event: 87.476 Thread 0x0000024f0039f000 Exception <a 'java/lang/NoSuchMethodError'{0x00000000932b3b78}: 'int java.lang.invoke.DirectMethodHandle$Holder.invokeSpecial(java.lang.Object, java.lang.Object, java.lang.Object, int, java.lang.Object)'> (0x00000000932b3b78) thrown at [./src/hotspot/share/interpreter/linkResolver.cpp, line 773]
Event: 87.510 Thread 0x0000024f003a1800 Exception <a 'java/lang/NoSuchMethodError'{0x00000000932a2a28}: 'int java.lang.invoke.DirectMethodHandle$Holder.invokeSpecial(java.lang.Object, java.lang.Object, java.lang.Object, int, java.lang.Object)'> (0x00000000932a2a28) thrown at [./src/hotspot/share/interpreter/linkResolver.cpp, line 773]
Event: 87.537 Thread 0x0000024f003a3000 Exception <a 'java/lang/NoSuchMethodError'{0x0000000093169328}: 'java.lang.Object java.lang.invoke.DirectMethodHandle$Holder.newInvokeSpecial(java.lang.Object, int)'> (0x0000000093169328) thrown at [./src/hotspot/share/interpreter/linkResolver.cpp, line 773]
Event: 87.999 Thread 0x0000024f003a3000 Exception <a 'java/lang/NoSuchMethodError'{0x000000009144f8a8}: 'java.lang.Object java.lang.invoke.DirectMethodHandle$Holder.invokeInterface(java.lang.Object, java.lang.Object, int)'> (0x000000009144f8a8) thrown at [./src/hotspot/share/interpreter/linkResolver.cpp, line 773]
Event: 88.009 Thread 0x0000024f0039f000 Exception <a 'java/lang/NoSuchMethodError'{0x0000000091441928}: 'java.lang.Object java.lang.invoke.DirectMethodHandle$Holder.invokeInterface(java.lang.Object, java.lang.Object, int)'> (0x0000000091441928) thrown at [./src/hotspot/share/interpreter/linkResolver.cpp, line 773]
Event: 89.322 Thread 0x0000024f003a1800 Exception <a 'java/lang/NoSuchMethodError'{0x000000008fbcc5c8}: 'void java.lang.invoke.DirectMethodHandle$Holder.invokeSpecial(java.lang.Object, java.lang.Object, int, java.lang.Object, java.lang.Object, java.lang.Object, java.lang.Object)'> (0x000000008fbcc5c8) thrown at [./src/hotspot/share/interpreter/linkResolver.cpp, line 773]
Event: 89.369 Thread 0x0000024f003a1800 Exception <a 'java/lang/NoSuchMethodError'{0x0000000093902090}: 'java.lang.Object java.lang.invoke.Invokers$Holder.linkToTargetMethod(java.lang.Object, int, java.lang.Object, java.lang.Object, java.lang.Object, java.lang.Object)'> (0x0000000093902090) thrown at [./src/hotspot/share/interpreter/linkResolver.cpp, line 773]
Event: 89.370 Thread 0x0000024f003a1800 Exception <a 'java/lang/NoSuchMethodError'{0x0000000093906540}: 'void java.lang.invoke.DirectMethodHandle$Holder.invokeSpecial(java.lang.Object, java.lang.Object, java.lang.Object, java.lang.Object, java.lang.Object, java.lang.Object, java.lang.Object, java.lang.Object, java.lang.Object)'> (0x0000000093906540) thrown at [./src/hotspot/share/interpreter/linkResolver.cpp, line 773]
Event: 89.375 Thread 0x0000024f003a1800 Exception <a 'java/lang/NoSuchMethodError'{0x00000000938008f8}: 'void java.lang.invoke.DirectMethodHandle$Holder.invokeStatic(java.lang.Object, java.lang.Object, java.lang.Object, java.lang.Object, java.lang.Object, java.lang.Object, java.lang.Object, java.lang.Object)'> (0x00000000938008f8) thrown at [./src/hotspot/share/interpreter/linkResolver.cpp, line 773]
Event: 89.605 Thread 0x0000024f003a3000 Exception <a 'java/lang/NoSuchMethodError'{0x000000009172f1e0}: 'int java.lang.invoke.DirectMethodHandle$Holder.invokeInterface(java.lang.Object, java.lang.Object, int)'> (0x000000009172f1e0) thrown at [./src/hotspot/share/interpreter/linkResolver.cpp, line 773]
Event: 89.956 Thread 0x0000024f003a1800 Exception <a 'java/lang/IncompatibleClassChangeError'{0x0000000092c3f158}: Found class java.lang.Object, but interface was expected> (0x0000000092c3f158) thrown at [./src/hotspot/share/interpreter/linkResolver.cpp, line 839]

Events (20 events):
Event: 90.651 loading class com/android/tools/r8/graph/Z done
Event: 90.651 loading class com/android/tools/r8/graph/Z
Event: 90.651 loading class com/android/tools/r8/graph/Z done
Event: 90.651 loading class com/android/tools/r8/dex/m
Event: 90.651 loading class com/android/tools/r8/dex/m done
Event: 90.652 loading class com/android/tools/r8/internal/Vt$b
Event: 90.652 loading class com/android/tools/r8/internal/Vt$b done
Event: 90.652 loading class com/android/tools/r8/internal/Vt$f
Event: 90.652 loading class com/android/tools/r8/internal/Vt$f done
Event: 90.653 loading class com/android/tools/r8/naming/K
Event: 90.653 loading class com/android/tools/r8/naming/K done
Event: 90.653 loading class com/android/tools/r8/graph/O
Event: 90.653 loading class com/android/tools/r8/graph/O done
Event: 90.653 loading class com/android/tools/r8/naming/K
Event: 90.653 loading class com/android/tools/r8/naming/K done
Event: 90.654 loading class com/android/tools/r8/graph/f0$r
Event: 90.654 loading class com/android/tools/r8/graph/f0$r done
Event: 90.655 loading class com/android/tools/r8/graph/N
Event: 90.655 loading class com/android/tools/r8/graph/N done
Event: 90.657 Executing VM operation: G1CollectForAllocation


Dynamic libraries:
0x00007ff66bff0000 - 0x00007ff66bffa000 	C:\Program Files\Android\Android Studio2\jre\bin\java.exe
0x00007ff9b0f70000 - 0x00007ff9b1165000 	C:\WINDOWS\SYSTEM32\ntdll.dll
0x00007ff9b0b90000 - 0x00007ff9b0c4e000 	C:\WINDOWS\System32\KERNEL32.DLL
0x00007ff9aeb50000 - 0x00007ff9aee18000 	C:\WINDOWS\System32\KERNELBASE.dll
0x00007ff9ae940000 - 0x00007ff9aea40000 	C:\WINDOWS\System32\ucrtbase.dll
0x00007ff9a7d90000 - 0x00007ff9a7da9000 	C:\Program Files\Android\Android Studio2\jre\bin\jli.dll
0x00007ff9b0cf0000 - 0x00007ff9b0e90000 	C:\WINDOWS\System32\USER32.dll
0x00007ff9aee90000 - 0x00007ff9aeeb2000 	C:\WINDOWS\System32\win32u.dll
0x00007ff9b0e90000 - 0x00007ff9b0ebb000 	C:\WINDOWS\System32\GDI32.dll
0x00007ff9aea40000 - 0x00007ff9aeb4d000 	C:\WINDOWS\System32\gdi32full.dll
0x00007ff9ae810000 - 0x00007ff9ae8ad000 	C:\WINDOWS\System32\msvcp_win.dll
0x00007ff9995c0000 - 0x00007ff9995d7000 	C:\Program Files\Android\Android Studio2\jre\bin\VCRUNTIME140.dll
0x00007ff99f900000 - 0x00007ff99fb9a000 	C:\WINDOWS\WinSxS\amd64_microsoft.windows.common-controls_6595b64144ccf1df_6.0.19041.1110_none_60b5254171f9507e\COMCTL32.dll
0x00007ff9b0210000 - 0x00007ff9b02ae000 	C:\WINDOWS\System32\msvcrt.dll
0x00007ff9b0a90000 - 0x00007ff9b0ac0000 	C:\WINDOWS\System32\IMM32.DLL
0x00007ff95e0e0000 - 0x00007ff95e17d000 	C:\Program Files\Android\Android Studio2\jre\bin\msvcp140.dll
0x00007ff9202f0000 - 0x00007ff920dc5000 	C:\Program Files\Android\Android Studio2\jre\bin\server\jvm.dll
0x00007ff9aefc0000 - 0x00007ff9af06e000 	C:\WINDOWS\System32\ADVAPI32.dll
0x00007ff9b0c50000 - 0x00007ff9b0cec000 	C:\WINDOWS\System32\sechost.dll
0x00007ff9b02b0000 - 0x00007ff9b03d5000 	C:\WINDOWS\System32\RPCRT4.dll
0x00007ff9afc50000 - 0x00007ff9afc58000 	C:\WINDOWS\System32\PSAPI.DLL
0x00007ff99e590000 - 0x00007ff99e599000 	C:\WINDOWS\SYSTEM32\WSOCK32.dll
0x00007ff9b0ec0000 - 0x00007ff9b0f2b000 	C:\WINDOWS\System32\WS2_32.dll
0x00007ff9a6690000 - 0x00007ff9a66b7000 	C:\WINDOWS\SYSTEM32\WINMM.dll
0x00007ff9a7210000 - 0x00007ff9a721a000 	C:\WINDOWS\SYSTEM32\VERSION.dll
0x00007ff9ac570000 - 0x00007ff9ac582000 	C:\WINDOWS\SYSTEM32\kernel.appcore.dll
0x00007ff9a94e0000 - 0x00007ff9a94f1000 	C:\Program Files\Android\Android Studio2\jre\bin\verify.dll
0x00007ff99fe80000 - 0x00007ff9a0064000 	C:\WINDOWS\SYSTEM32\DBGHELP.DLL
0x00007ff99fe50000 - 0x00007ff99fe7c000 	C:\WINDOWS\SYSTEM32\dbgcore.DLL
0x00007ff9ae8b0000 - 0x00007ff9ae932000 	C:\WINDOWS\System32\bcryptPrimitives.dll
0x00007ff9a94a0000 - 0x00007ff9a94c9000 	C:\Program Files\Android\Android Studio2\jre\bin\java.dll
0x00007ff9aa030000 - 0x00007ff9aa03b000 	C:\Program Files\Android\Android Studio2\jre\bin\jimage.dll
0x00007ff9a9070000 - 0x00007ff9a9088000 	C:\Program Files\Android\Android Studio2\jre\bin\zip.dll
0x00007ff9af430000 - 0x00007ff9afb74000 	C:\WINDOWS\System32\SHELL32.dll
0x00007ff9ac770000 - 0x00007ff9acf04000 	C:\WINDOWS\SYSTEM32\windows.storage.dll
0x00007ff9b0610000 - 0x00007ff9b0965000 	C:\WINDOWS\System32\combase.dll
0x00007ff9ae0d0000 - 0x00007ff9ae0fe000 	C:\WINDOWS\SYSTEM32\Wldp.dll
0x00007ff9b0160000 - 0x00007ff9b020d000 	C:\WINDOWS\System32\SHCORE.dll
0x00007ff9b0ac0000 - 0x00007ff9b0b15000 	C:\WINDOWS\System32\shlwapi.dll
0x00007ff9ae5c0000 - 0x00007ff9ae5df000 	C:\WINDOWS\SYSTEM32\profapi.dll
0x00007ff9a7d60000 - 0x00007ff9a7d7a000 	C:\Program Files\Android\Android Studio2\jre\bin\net.dll
0x00007ff99ef50000 - 0x00007ff99f05c000 	C:\WINDOWS\SYSTEM32\WINHTTP.dll
0x00007ff9ade30000 - 0x00007ff9ade9a000 	C:\WINDOWS\system32\mswsock.dll
0x00007ff9a6660000 - 0x00007ff9a6674000 	C:\Program Files\Android\Android Studio2\jre\bin\nio.dll
0x00007ff999940000 - 0x00007ff999967000 	C:\Users\husey\.gradle\native\8bec1ad78214c89d9ad589b4d07fe93259594b29d510b10fafb7a158f7737e5d\windows-amd64\native-platform.dll
0x00007ff9621c0000 - 0x00007ff9622fd000 	C:\Users\husey\.gradle\native\53dbd7edfb1c66fb8903c78663c9afc45aea4f116125fa6feffd364cf09443e8\windows-amd64\native-platform-file-events.dll
0x00007ff9a7db0000 - 0x00007ff9a7dba000 	C:\Program Files\Android\Android Studio2\jre\bin\management.dll
0x00007ff9a6650000 - 0x00007ff9a665d000 	C:\Program Files\Android\Android Studio2\jre\bin\management_ext.dll
0x00007ff9ae030000 - 0x00007ff9ae048000 	C:\WINDOWS\SYSTEM32\CRYPTSP.dll
0x00007ff9ad740000 - 0x00007ff9ad774000 	C:\WINDOWS\system32\rsaenh.dll
0x00007ff9ae7e0000 - 0x00007ff9ae807000 	C:\WINDOWS\System32\bcrypt.dll
0x00007ff9ae580000 - 0x00007ff9ae5ae000 	C:\WINDOWS\SYSTEM32\USERENV.dll
0x00007ff9ae020000 - 0x00007ff9ae02c000 	C:\WINDOWS\SYSTEM32\CRYPTBASE.dll
0x00007ff9adad0000 - 0x00007ff9adb0b000 	C:\WINDOWS\SYSTEM32\IPHLPAPI.DLL
0x00007ff9b0b20000 - 0x00007ff9b0b28000 	C:\WINDOWS\System32\NSI.dll
0x00007ff9a7850000 - 0x00007ff9a7867000 	C:\WINDOWS\SYSTEM32\dhcpcsvc6.DLL
0x00007ff9a7d00000 - 0x00007ff9a7d1d000 	C:\WINDOWS\SYSTEM32\dhcpcsvc.DLL
0x00007ff9adb10000 - 0x00007ff9adbdb000 	C:\WINDOWS\SYSTEM32\DNSAPI.dll

dbghelp: loaded successfully - version: 4.0.5 - missing functions: none
symbol engine: initialized successfully - sym options: 0x614 - pdb path: .;C:\Program Files\Android\Android Studio2\jre\bin;C:\WINDOWS\SYSTEM32;C:\WINDOWS\WinSxS\amd64_microsoft.windows.common-controls_6595b64144ccf1df_6.0.19041.1110_none_60b5254171f9507e;C:\Program Files\Android\Android Studio2\jre\bin\server;C:\Users\husey\.gradle\native\8bec1ad78214c89d9ad589b4d07fe93259594b29d510b10fafb7a158f7737e5d\windows-amd64;C:\Users\husey\.gradle\native\53dbd7edfb1c66fb8903c78663c9afc45aea4f116125fa6feffd364cf09443e8\windows-amd64

VM Arguments:
jvm_args: --add-opens=java.base/java.util=ALL-UNNAMED --add-opens=java.base/java.lang=ALL-UNNAMED --add-opens=java.base/java.lang.invoke=ALL-UNNAMED --add-opens=java.base/java.util=ALL-UNNAMED --add-opens=java.prefs/java.util.prefs=ALL-UNNAMED --add-opens=java.prefs/java.util.prefs=ALL-UNNAMED --add-opens=java.base/java.nio.charset=ALL-UNNAMED --add-opens=java.base/java.net=ALL-UNNAMED --add-opens=java.base/java.util.concurrent.atomic=ALL-UNNAMED -Xmx2048m -Dfile.encoding=UTF-8 -Duser.country=TR -Duser.language=tr -Duser.variant 
java_command: org.gradle.launcher.daemon.bootstrap.GradleDaemon 7.0.2
java_class_path (initial): C:\Users\husey\.gradle\wrapper\dists\gradle-7.0.2-bin\857tjihv64xamwrf0h14cai3r\gradle-7.0.2\lib\gradle-launcher-7.0.2.jar
Launcher Type: SUN_STANDARD

[Global flags]
     intx CICompilerCount                          = 4                                         {product} {ergonomic}
     uint ConcGCThreads                            = 2                                         {product} {ergonomic}
     uint G1ConcRefinementThreads                  = 8                                         {product} {ergonomic}
   size_t G1HeapRegionSize                         = 1048576                                   {product} {ergonomic}
    uintx GCDrainStackTargetSize                   = 64                                        {product} {ergonomic}
   size_t InitialHeapSize                          = 134217728                                 {product} {ergonomic}
   size_t MarkStackSize                            = 4194304                                   {product} {ergonomic}
   size_t MaxHeapSize                              = 2147483648                                {product} {command line}
   size_t MaxNewSize                               = 1287651328                                {product} {ergonomic}
   size_t MinHeapDeltaBytes                        = 1048576                                   {product} {ergonomic}
    uintx NonNMethodCodeHeapSize                   = 5836300                                {pd product} {ergonomic}
    uintx NonProfiledCodeHeapSize                  = 122910970                              {pd product} {ergonomic}
    uintx ProfiledCodeHeapSize                     = 122910970                              {pd product} {ergonomic}
    uintx ReservedCodeCacheSize                    = 251658240                              {pd product} {ergonomic}
     bool SegmentedCodeCache                       = true                                      {product} {ergonomic}
     bool UseCompressedClassPointers               = true                                 {lp64_product} {ergonomic}
     bool UseCompressedOops                        = true                                 {lp64_product} {ergonomic}
     bool UseG1GC                                  = true                                      {product} {ergonomic}
     bool UseLargePagesIndividualAllocation        = false                                  {pd product} {ergonomic}

Logging:
Log output configuration:
 #0: stdout all=warning uptime,level,tags
 #1: stderr all=off uptime,level,tags

Environment Variables:
PATH=C:\Python310\Scripts\;C:\Python310\;C:\Program Files (x86)\Intel\Intel(R) Management Engine Components\iCLS\;C:\Program Files\Intel\Intel(R) Management Engine Components\iCLS\;C:\Windows\system32;C:\Windows;C:\Windows\System32\Wbem;C:\Windows\System32\WindowsPowerShell\v1.0\;C:\Windows\System32\OpenSSH\;C:\Program Files (x86)\Intel\Intel(R) Management Engine Components\DAL;C:\Program Files\Intel\Intel(R) Management Engine Components\DAL;C:\Program Files (x86)\NVIDIA Corporation\PhysX\Common;C:\Program Files\Java\jdk-14\bin;C:\Users\husey\AppData\Local\Android\Sdk;C:\Program Files\Java\jdk-14.0.1\bin;C:\WINDOWS\system32;C:\WINDOWS;C:\WINDOWS\System32\Wbem;C:\WINDOWS\System32\WindowsPowerShell\v1.0\;C:\WINDOWS\System32\OpenSSH\;C:\Program Files\dotnet\;C:\Program Files\Microsoft SQL Server\Client SDK\ODBC\170\Tools\Binn\;C:\Program Files (x86)\Microsoft SQL Server\150\Tools\Binn\;C:\Program Files\Microsoft SQL Server\150\Tools\Binn\;C:\Program Files\Microsoft SQL Server\150\DTS\Binn\;C:\Program Files (x86)\Microsoft SQL Server\150\DTS\Binn\;C:\Program Files\Azure Data Studio\bin;C:\ProgramData\chocolatey\bin;C:\Program Files\nodejs\;C:\Program Files\Git\cmd;C:\Program Files\Microsoft SQL Server\130\Tools\Binn\;C:\Program Files (x86)\dotnet\;C:\Users\husey\AppData\Local\Microsoft\WindowsApps;C:\Users\husey\.dotnet\tools;C:\Users\husey\AppData\Local\GitHubDesktop\bin;C:\Program Files\Azure Data Studio\bin;C:\Users\husey\AppData\Local\Programs\Microsoft VS Code\bin;C:\Users\husey\AppData\Roaming\npm
USERNAME=husey
OS=Windows_NT
PROCESSOR_IDENTIFIER=Intel64 Family 6 Model 142 Stepping 10, GenuineIntel



---------------  S Y S T E M  ---------------

OS: Windows 10 , 64 bit Build 19041 (10.0.19041.1503)
OS uptime: 1 days 19:01 hours

CPU:total 8 (initial active 8) (4 cores per cpu, 2 threads per core) family 6 model 142 stepping 10 microcode 0xb4, cmov, cx8, fxsr, mmx, sse, sse2, sse3, ssse3, sse4.1, sse4.2, popcnt, avx, avx2, aes, clmul, erms, 3dnowpref, lzcnt, ht, tsc, tscinvbit, bmi1, bmi2, adx, fma

Memory: 4k page, system-wide physical 8101M (752M free)
TotalPageFile size 16599M (AvailPageFile size 116M)
current process WorkingSet (physical memory assigned to process): 488M, peak: 551M
current process commit charge ("private bytes"): 771M, peak: 881M

vm_info: OpenJDK 64-Bit Server VM (11.0.11+9-b60-7590822) for windows-amd64 JRE (11.0.11+9-b60-7590822), built on Jul 29 2021 21:43:44 by "builder" with MS VC++ 14.0 (VS2015)

END.
