#
# There is insufficient memory for the Java Runtime Environment to continue.
# Native memory allocation (malloc) failed to allocate 1108176 bytes for Chunk::new
# Possible reasons:
#   The system is out of physical RAM or swap space
#   The process is running with CompressedOops enabled, and the Java Heap may be blocking the growth of the native heap
# Possible solutions:
#   Reduce memory load on the system
#   Increase physical memory or swap space
#   Check if swap backing store is full
#   Decrease Java heap size (-Xmx/-Xms)
#   Decrease number of Java threads
#   Decrease Java thread stack sizes (-Xss)
#   Set larger code cache with -XX:ReservedCodeCacheSize=
#   JVM is running with Unscaled Compressed Oops mode in which the Java heap is
#     placed in the first 4GB address space. The Java Heap base address is the
#     maximum limit for the native heap growth. Please use -XX:HeapBaseMinAddress
#     to set the Java Heap base and to place the Java Heap above 4GB virtual address.
# This output file may be truncated or incomplete.
#
#  Out of Memory Error (./src/hotspot/share/memory/arena.cpp:197), pid=5608, tid=23896
#
# JRE version: OpenJDK Runtime Environment (11.0.11+9) (build 11.0.11+9-b60-7590822)
# Java VM: OpenJDK 64-Bit Server VM (11.0.11+9-b60-7590822, mixed mode, tiered, compressed oops, g1 gc, windows-amd64)
# No core dump will be written. Minidumps are not enabled by default on client versions of Windows
#

---------------  S U M M A R Y ------------

Command Line: --add-opens=java.base/java.util=ALL-UNNAMED --add-opens=java.base/java.lang=ALL-UNNAMED --add-opens=java.base/java.lang.invoke=ALL-UNNAMED --add-opens=java.base/java.util=ALL-UNNAMED --add-opens=java.prefs/java.util.prefs=ALL-UNNAMED --add-opens=java.prefs/java.util.prefs=ALL-UNNAMED --add-opens=java.base/java.nio.charset=ALL-UNNAMED --add-opens=java.base/java.net=ALL-UNNAMED --add-opens=java.base/java.util.concurrent.atomic=ALL-UNNAMED -Xmx2048m -Dfile.encoding=UTF-8 -Duser.country=TR -Duser.language=tr -Duser.variant org.gradle.launcher.daemon.bootstrap.GradleDaemon 7.0.2

Host: Intel(R) Core(TM) i5-8250U CPU @ 1.60GHz, 8 cores, 7G,  Windows 10 , 64 bit Build 19041 (10.0.19041.1503)
Time: Tue Mar  8 18:17:29 2022 Türkiye Standart Saati elapsed time: 123.106090 seconds (0d 0h 2m 3s)

---------------  T H R E A D  ---------------

Current thread (0x0000026802677000):  JavaThread "C2 CompilerThread1" daemon [_thread_in_native, id=23896, stack(0x000000ef67500000,0x000000ef67600000)]


Current CompileTask:
C2: 123106 13921       4       org.gradle.internal.fingerprint.classpath.impl.ClasspathFingerprintingStrategy$ClasspathFingerprintingVisitor::hashContent (96 bytes)

Stack: [0x000000ef67500000,0x000000ef67600000]
Native frames: (J=compiled Java code, j=interpreted, Vv=VM code, C=native code)
V  [jvm.dll+0x5f214a]
V  [jvm.dll+0x726fb5]
V  [jvm.dll+0x7285cd]
V  [jvm.dll+0x728c83]
V  [jvm.dll+0x243278]
V  [jvm.dll+0xbc53c]
V  [jvm.dll+0xbca3c]
V  [jvm.dll+0x353e3b]
V  [jvm.dll+0x321893]
V  [jvm.dll+0x320d8a]
V  [jvm.dll+0x1fc1e2]
V  [jvm.dll+0x1fb3d4]
V  [jvm.dll+0x183d6c]
V  [jvm.dll+0x209a57]
V  [jvm.dll+0x2082a1]
V  [jvm.dll+0x6ef58f]
V  [jvm.dll+0x6e80b5]
V  [jvm.dll+0x5f1036]
C  [ucrtbase.dll+0x21bb2]
C  [KERNEL32.DLL+0x17034]
C  [ntdll.dll+0x52651]


---------------  P R O C E S S  ---------------

Threads class SMR info:
_java_thread_list=0x0000026802da4810, length=64, elements={
0x000002685e51e000, 0x000002687a962000, 0x000002687a96d800, 0x000002687a97e000,
0x000002687a980000, 0x000002687a981000, 0x000002687a990800, 0x000002687a995000,
0x000002687a998000, 0x000002687b43a800, 0x000002687e1fc000, 0x000002687be8a000,
0x000002687d328000, 0x000002687cb37800, 0x000002687cb2a000, 0x000002687db6a800,
0x000002687db6b800, 0x000002687db6c000, 0x000002687eed1800, 0x000002687eed3000,
0x000002687eed2800, 0x000002687eed0800, 0x000002687eed4800, 0x000002687eed4000,
0x000002687eed9000, 0x000002687eed7000, 0x000002687eed8000, 0x000002687eedb800,
0x000002687eedc000, 0x000002687eedd800, 0x000002687eab5000, 0x000002687eab2000,
0x000002687eaa9800, 0x000002687eaaa800, 0x000002687eaae800, 0x000002687eaab800,
0x000002687eaac000, 0x000002687eaa9000, 0x000002687eab2800, 0x000002687eaad000,
0x000002687eab3800, 0x000002687eaad800, 0x000002687eaaf800, 0x000002687eab0000,
0x000002687eab7800, 0x000002687eab4000, 0x000002687eab6800, 0x000002687eed9800,
0x000002687eed6800, 0x000002687eeda800, 0x000002687eed5800, 0x000002687eedf800,
0x000002687db6d000, 0x0000026801092800, 0x0000026801091000, 0x0000026801094000,
0x0000026801091800, 0x0000026801093800, 0x0000026801095000, 0x0000026801096000,
0x0000026801090000, 0x0000026801096800, 0x000002687eb0f000, 0x0000026802677000
}

Java Threads: ( => current thread )
  0x000002685e51e000 JavaThread "main" [_thread_blocked, id=8356, stack(0x000000ef63700000,0x000000ef63800000)]
  0x000002687a962000 JavaThread "Reference Handler" daemon [_thread_blocked, id=7012, stack(0x000000ef63e00000,0x000000ef63f00000)]
  0x000002687a96d800 JavaThread "Finalizer" daemon [_thread_blocked, id=7304, stack(0x000000ef63f00000,0x000000ef64000000)]
  0x000002687a97e000 JavaThread "Signal Dispatcher" daemon [_thread_blocked, id=18040, stack(0x000000ef64000000,0x000000ef64100000)]
  0x000002687a980000 JavaThread "Attach Listener" daemon [_thread_blocked, id=18120, stack(0x000000ef64100000,0x000000ef64200000)]
  0x000002687a981000 JavaThread "Service Thread" daemon [_thread_blocked, id=22636, stack(0x000000ef64200000,0x000000ef64300000)]
  0x000002687a990800 JavaThread "C2 CompilerThread0" daemon [_thread_in_native, id=21644, stack(0x000000ef64300000,0x000000ef64400000)]
  0x000002687a995000 JavaThread "C1 CompilerThread0" daemon [_thread_blocked, id=2628, stack(0x000000ef64400000,0x000000ef64500000)]
  0x000002687a998000 JavaThread "Sweeper thread" daemon [_thread_blocked, id=12504, stack(0x000000ef64500000,0x000000ef64600000)]
  0x000002687b43a800 JavaThread "Common-Cleaner" daemon [_thread_blocked, id=23456, stack(0x000000ef64600000,0x000000ef64700000)]
  0x000002687e1fc000 JavaThread "Daemon health stats" [_thread_blocked, id=17868, stack(0x000000ef64b00000,0x000000ef64c00000)]
  0x000002687be8a000 JavaThread "Incoming local TCP Connector on port 64142" [_thread_in_native, id=25768, stack(0x000000ef64800000,0x000000ef64900000)]
  0x000002687d328000 JavaThread "Daemon periodic checks" [_thread_blocked, id=24812, stack(0x000000ef64c00000,0x000000ef64d00000)]
  0x000002687cb37800 JavaThread "Daemon" [_thread_blocked, id=21836, stack(0x000000ef64d00000,0x000000ef64e00000)]
  0x000002687cb2a000 JavaThread "Daemon worker" [_thread_blocked, id=6016, stack(0x000000ef65000000,0x000000ef65100000)]
  0x000002687db6a800 JavaThread "Cache worker for file hash cache (C:\Users\husey\.gradle\caches\7.0.2\fileHashes)" [_thread_blocked, id=7032, stack(0x000000ef65900000,0x000000ef65a00000)]
  0x000002687db6b800 JavaThread "File lock request listener" [_thread_in_native, id=17828, stack(0x000000ef65a00000,0x000000ef65b00000)]
  0x000002687db6c000 JavaThread "Cache worker for journal cache (C:\Users\husey\.gradle\caches\journal-1)" [_thread_blocked, id=19448, stack(0x000000ef65c00000,0x000000ef65d00000)]
  0x000002687eed1800 JavaThread "File watcher server" daemon [_thread_in_native, id=20744, stack(0x000000ef65f00000,0x000000ef66000000)]
  0x000002687eed3000 JavaThread "File watcher consumer" daemon [_thread_blocked, id=2464, stack(0x000000ef66000000,0x000000ef66100000)]
  0x000002687eed2800 JavaThread "jar transforms" [_thread_blocked, id=24972, stack(0x000000ef66100000,0x000000ef66200000)]
  0x000002687eed0800 JavaThread "jar transforms Thread 2" [_thread_blocked, id=17440, stack(0x000000ef66200000,0x000000ef66300000)]
  0x000002687eed4800 JavaThread "jar transforms Thread 3" [_thread_blocked, id=1356, stack(0x000000ef66300000,0x000000ef66400000)]
  0x000002687eed4000 JavaThread "jar transforms Thread 4" [_thread_blocked, id=1980, stack(0x000000ef66400000,0x000000ef66500000)]
  0x000002687eed9000 JavaThread "jar transforms Thread 5" [_thread_blocked, id=5888, stack(0x000000ef66500000,0x000000ef66600000)]
  0x000002687eed7000 JavaThread "jar transforms Thread 6" [_thread_blocked, id=12096, stack(0x000000ef66600000,0x000000ef66700000)]
  0x000002687eed8000 JavaThread "jar transforms Thread 7" [_thread_blocked, id=1808, stack(0x000000ef66700000,0x000000ef66800000)]
  0x000002687eedb800 JavaThread "jar transforms Thread 8" [_thread_blocked, id=26260, stack(0x000000ef66800000,0x000000ef66900000)]
  0x000002687eedc000 JavaThread "Cache worker for execution history cache (C:\Users\husey\.gradle\caches\7.0.2\executionHistory)" [_thread_blocked, id=23764, stack(0x000000ef66b00000,0x000000ef66c00000)]
  0x000002687eedd800 JavaThread "Cache worker for file content cache (C:\Users\husey\.gradle\caches\7.0.2\fileContent)" [_thread_blocked, id=26168, stack(0x000000ef66e00000,0x000000ef66f00000)]
  0x000002687eab5000 JavaThread "Memory manager" [_thread_blocked, id=13320, stack(0x000000ef67900000,0x000000ef67a00000)]
  0x000002687eab2000 JavaThread "pool-3-thread-1" [_thread_blocked, id=21272, stack(0x000000ef67700000,0x000000ef67800000)]
  0x000002687eaa9800 JavaThread "Handler for socket connection from /127.0.0.1:64142 to /127.0.0.1:64165" [_thread_in_native, id=13972, stack(0x000000ef63400000,0x000000ef63500000)]
  0x000002687eaaa800 JavaThread "Cancel handler" [_thread_blocked, id=22112, stack(0x000000ef63500000,0x000000ef63600000)]
  0x000002687eaae800 JavaThread "Asynchronous log dispatcher for DefaultDaemonConnection: socket connection from /127.0.0.1:64142 to /127.0.0.1:64165" [_thread_blocked, id=7620, stack(0x000000ef63600000,0x000000ef63700000)]
  0x000002687eaab800 JavaThread "Stdin handler" [_thread_blocked, id=24188, stack(0x000000ef64e00000,0x000000ef64f00000)]
  0x000002687eaac000 JavaThread "Daemon client event forwarder" [_thread_blocked, id=12828, stack(0x000000ef64f00000,0x000000ef65000000)]
  0x000002687eaa9000 JavaThread "Cache worker for file hash cache (C:\Users\husey\Desktop\yolarkadasim\.gradle\7.0.2\fileHashes)" [_thread_blocked, id=26080, stack(0x000000ef65100000,0x000000ef65200000)]
  0x000002687eab2800 JavaThread "Cache worker for checksums cache (C:\Users\husey\Desktop\yolarkadasim\.gradle\checksums)" [_thread_blocked, id=23620, stack(0x000000ef65300000,0x000000ef65400000)]
  0x000002687eaad000 JavaThread "Cache worker for cache directory md-supplier (C:\Users\husey\.gradle\caches\7.0.2\md-supplier)" [_thread_blocked, id=17688, stack(0x000000ef65d00000,0x000000ef65e00000)]
  0x000002687eab3800 JavaThread "Cache worker for cache directory md-rule (C:\Users\husey\.gradle\caches\7.0.2\md-rule)" [_thread_blocked, id=3200, stack(0x000000ef65e00000,0x000000ef65f00000)]
  0x000002687eaad800 JavaThread "Cache worker for dependencies-accessors (C:\Users\husey\Desktop\yolarkadasim\.gradle\7.0.2\dependencies-accessors)" [_thread_blocked, id=11684, stack(0x000000ef66900000,0x000000ef66a00000)]
  0x000002687eaaf800 JavaThread "Cache worker for Build Output Cleanup Cache (C:\Users\husey\Desktop\yolarkadasim\.gradle\buildOutputCleanup)" [_thread_blocked, id=10012, stack(0x000000ef66a00000,0x000000ef66b00000)]
  0x000002687eab0000 JavaThread "Build operations" [_thread_in_native, id=12260, stack(0x000000ef66c00000,0x000000ef66d00000)]
  0x000002687eab7800 JavaThread "Build operations Thread 2" [_thread_blocked, id=10424, stack(0x000000ef66d00000,0x000000ef66e00000)]
  0x000002687eab4000 JavaThread "Build operations Thread 3" [_thread_blocked, id=2272, stack(0x000000ef66f00000,0x000000ef67000000)]
  0x000002687eab6800 JavaThread "Build operations Thread 4" [_thread_in_Java, id=8380, stack(0x000000ef67000000,0x000000ef67100000)]
  0x000002687eed9800 JavaThread "Build operations Thread 5" [_thread_blocked, id=22776, stack(0x000000ef67100000,0x000000ef67200000)]
  0x000002687eed6800 JavaThread "Build operations Thread 6" [_thread_blocked, id=3004, stack(0x000000ef67200000,0x000000ef67300000)]
  0x000002687eeda800 JavaThread "Build operations Thread 7" [_thread_blocked, id=20696, stack(0x000000ef67300000,0x000000ef67400000)]
  0x000002687eed5800 JavaThread "Build operations Thread 8" [_thread_blocked, id=13456, stack(0x000000ef67400000,0x000000ef67500000)]
  0x000002687eedf800 JavaThread "build event listener" [_thread_blocked, id=24276, stack(0x000000ef67600000,0x000000ef67700000)]
  0x000002687db6d000 JavaThread "pool-6-thread-1" [_thread_blocked, id=15300, stack(0x000000ef67800000,0x000000ef67900000)]
  0x0000026801092800 JavaThread "build event listener" [_thread_blocked, id=14060, stack(0x000000ef67c00000,0x000000ef67d00000)]
  0x0000026801091000 JavaThread "Execution worker for ':'" [_thread_blocked, id=1784, stack(0x000000ef67d00000,0x000000ef67e00000)]
  0x0000026801094000 JavaThread "Execution worker for ':' Thread 2" [_thread_blocked, id=7756, stack(0x000000ef67e00000,0x000000ef67f00000)]
  0x0000026801091800 JavaThread "Execution worker for ':' Thread 3" [_thread_blocked, id=6900, stack(0x000000ef67f00000,0x000000ef68000000)]
  0x0000026801093800 JavaThread "Execution worker for ':' Thread 4" [_thread_blocked, id=8216, stack(0x000000ef68000000,0x000000ef68100000)]
  0x0000026801095000 JavaThread "Execution worker for ':' Thread 5" [_thread_blocked, id=3304, stack(0x000000ef68100000,0x000000ef68200000)]
  0x0000026801096000 JavaThread "Execution worker for ':' Thread 6" [_thread_blocked, id=8256, stack(0x000000ef68200000,0x000000ef68300000)]
  0x0000026801090000 JavaThread "Execution worker for ':' Thread 7" [_thread_blocked, id=24584, stack(0x000000ef68300000,0x000000ef68400000)]
  0x0000026801096800 JavaThread "Cache worker for execution history cache (C:\Users\husey\Desktop\yolarkadasim\.gradle\7.0.2\executionHistory)" [_thread_blocked, id=25148, stack(0x000000ef68400000,0x000000ef68500000)]
  0x000002687eb0f000 JavaThread "WorkerExecutor Queue" [_thread_blocked, id=6748, stack(0x000000ef65200000,0x000000ef65300000)]
=>0x0000026802677000 JavaThread "C2 CompilerThread1" daemon [_thread_in_native, id=23896, stack(0x000000ef67500000,0x000000ef67600000)]

Other Threads:
  0x000002687a95d800 VMThread "VM Thread" [stack: 0x000000ef63d00000,0x000000ef63e00000] [id=23240]
  0x000002687b457800 WatcherThread [stack: 0x000000ef64700000,0x000000ef64800000] [id=20552]
  0x000002685e534800 GCTaskThread "GC Thread#0" [stack: 0x000000ef63800000,0x000000ef63900000] [id=9356]
  0x000002687c1a5000 GCTaskThread "GC Thread#1" [stack: 0x000000ef64900000,0x000000ef64a00000] [id=5100]
  0x000002687be8e000 GCTaskThread "GC Thread#2" [stack: 0x000000ef64a00000,0x000000ef64b00000] [id=12176]
  0x000002687de29000 GCTaskThread "GC Thread#3" [stack: 0x000000ef65400000,0x000000ef65500000] [id=23388]
  0x000002687e5a9800 GCTaskThread "GC Thread#4" [stack: 0x000000ef65500000,0x000000ef65600000] [id=17852]
  0x000002687ce50000 GCTaskThread "GC Thread#5" [stack: 0x000000ef65600000,0x000000ef65700000] [id=21380]
  0x000002687ce50800 GCTaskThread "GC Thread#6" [stack: 0x000000ef65700000,0x000000ef65800000] [id=25256]
  0x000002687ce51800 GCTaskThread "GC Thread#7" [stack: 0x000000ef65800000,0x000000ef65900000] [id=15216]
  0x000002685e569800 ConcurrentGCThread "G1 Main Marker" [stack: 0x000000ef63900000,0x000000ef63a00000] [id=23784]
  0x000002685e56b000 ConcurrentGCThread "G1 Conc#0" [stack: 0x000000ef63a00000,0x000000ef63b00000] [id=3044]
  0x000002687c8f5800 ConcurrentGCThread "G1 Conc#1" [stack: 0x000000ef65b00000,0x000000ef65c00000] [id=3996]
  0x000002687a7b0800 ConcurrentGCThread "G1 Refine#0" [stack: 0x000000ef63b00000,0x000000ef63c00000] [id=22856]
  0x000002687a7b1800 ConcurrentGCThread "G1 Young RemSet Sampling" [stack: 0x000000ef63c00000,0x000000ef63d00000] [id=17976]

Threads with active compile tasks:
C2 CompilerThread0 123172 13940       4       org.gradle.internal.vfs.impl.DefaultFileSystemAccess::readSnapshotFromLocation (27 bytes)
C2 CompilerThread1 123172 13921       4       org.gradle.internal.fingerprint.classpath.impl.ClasspathFingerprintingStrategy$ClasspathFingerprintingVisitor::hashContent (96 bytes)

VM state:not at safepoint (normal execution)

VM Mutex/Monitor currently owned by a thread: None

Heap address: 0x0000000080000000, size: 2048 MB, Compressed Oops mode: 32-bit
Narrow klass base: 0x0000000000000000, Narrow klass shift: 3
Compressed class space size: 1073741824 Address: 0x0000000100000000

Heap:
 garbage-first heap   total 157696K, used 129432K [0x0000000080000000, 0x0000000100000000)
  region size 1024K, 3 young (3072K), 2 survivors (2048K)
 Metaspace       used 108455K, capacity 111410K, committed 111488K, reserved 1146880K
  class space    used 13606K, capacity 14658K, committed 14720K, reserved 1048576K
Heap Regions: E=young(eden), S=young(survivor), O=old, HS=humongous(starts), HC=humongous(continues), CS=collection set, F=free, A=archive, TAMS=top-at-mark-start (previous, next)
|   0|0x0000000080000000, 0x0000000080100000, 0x0000000080100000|100%| O|  |TAMS 0x0000000080100000, 0x0000000080100000| Untracked 
|   1|0x0000000080100000, 0x0000000080200000, 0x0000000080200000|100%| O|  |TAMS 0x0000000080200000, 0x0000000080200000| Untracked 
|   2|0x0000000080200000, 0x0000000080300000, 0x0000000080300000|100%| O|  |TAMS 0x0000000080300000, 0x0000000080300000| Untracked 
|   3|0x0000000080300000, 0x0000000080400000, 0x0000000080400000|100%|HS|  |TAMS 0x0000000080400000, 0x0000000080400000| Complete 
|   4|0x0000000080400000, 0x0000000080500000, 0x0000000080500000|100%|HC|  |TAMS 0x0000000080500000, 0x0000000080500000| Complete 
|   5|0x0000000080500000, 0x0000000080600000, 0x0000000080600000|100%|HC|  |TAMS 0x0000000080600000, 0x0000000080600000| Complete 
|   6|0x0000000080600000, 0x0000000080700000, 0x0000000080700000|100%| O|  |TAMS 0x0000000080700000, 0x0000000080700000| Untracked 
|   7|0x0000000080700000, 0x0000000080800000, 0x0000000080800000|100%| O|  |TAMS 0x0000000080800000, 0x0000000080800000| Untracked 
|   8|0x0000000080800000, 0x0000000080900000, 0x0000000080900000|100%| O|  |TAMS 0x0000000080900000, 0x0000000080900000| Untracked 
|   9|0x0000000080900000, 0x0000000080a00000, 0x0000000080a00000|100%| O|  |TAMS 0x0000000080a00000, 0x0000000080a00000| Untracked 
|  10|0x0000000080a00000, 0x0000000080b00000, 0x0000000080b00000|100%| O|  |TAMS 0x0000000080b00000, 0x0000000080b00000| Untracked 
|  11|0x0000000080b00000, 0x0000000080c00000, 0x0000000080c00000|100%| O|  |TAMS 0x0000000080c00000, 0x0000000080c00000| Untracked 
|  12|0x0000000080c00000, 0x0000000080d00000, 0x0000000080d00000|100%| O|  |TAMS 0x0000000080d00000, 0x0000000080d00000| Untracked 
|  13|0x0000000080d00000, 0x0000000080e00000, 0x0000000080e00000|100%| O|  |TAMS 0x0000000080e00000, 0x0000000080e00000| Untracked 
|  14|0x0000000080e00000, 0x0000000080f00000, 0x0000000080f00000|100%| O|  |TAMS 0x0000000080f00000, 0x0000000080f00000| Untracked 
|  15|0x0000000080f00000, 0x0000000081000000, 0x0000000081000000|100%| O|  |TAMS 0x0000000081000000, 0x0000000081000000| Untracked 
|  16|0x0000000081000000, 0x0000000081100000, 0x0000000081100000|100%|HS|  |TAMS 0x0000000081100000, 0x0000000081100000| Complete 
|  17|0x0000000081100000, 0x0000000081200000, 0x0000000081200000|100%|HC|  |TAMS 0x0000000081200000, 0x0000000081200000| Complete 
|  18|0x0000000081200000, 0x0000000081300000, 0x0000000081300000|100%|HS|  |TAMS 0x0000000081300000, 0x0000000081300000| Complete 
|  19|0x0000000081300000, 0x0000000081400000, 0x0000000081400000|100%|HC|  |TAMS 0x0000000081400000, 0x0000000081400000| Complete 
|  20|0x0000000081400000, 0x0000000081500000, 0x0000000081500000|100%|HC|  |TAMS 0x0000000081500000, 0x0000000081500000| Complete 
|  21|0x0000000081500000, 0x0000000081600000, 0x0000000081600000|100%|HS|  |TAMS 0x0000000081600000, 0x0000000081600000| Complete 
|  22|0x0000000081600000, 0x0000000081700000, 0x0000000081700000|100%|HC|  |TAMS 0x0000000081700000, 0x0000000081700000| Complete 
|  23|0x0000000081700000, 0x0000000081800000, 0x0000000081800000|100%|HC|  |TAMS 0x0000000081800000, 0x0000000081800000| Complete 
|  24|0x0000000081800000, 0x0000000081900000, 0x0000000081900000|100%|HC|  |TAMS 0x0000000081900000, 0x0000000081900000| Complete 
|  25|0x0000000081900000, 0x0000000081a00000, 0x0000000081a00000|100%| O|  |TAMS 0x0000000081a00000, 0x0000000081a00000| Untracked 
|  26|0x0000000081a00000, 0x0000000081b00000, 0x0000000081b00000|100%| O|  |TAMS 0x0000000081b00000, 0x0000000081b00000| Untracked 
|  27|0x0000000081b00000, 0x0000000081c00000, 0x0000000081c00000|100%| O|  |TAMS 0x0000000081c00000, 0x0000000081c00000| Untracked 
|  28|0x0000000081c00000, 0x0000000081d00000, 0x0000000081d00000|100%| O|  |TAMS 0x0000000081d00000, 0x0000000081d00000| Untracked 
|  29|0x0000000081d00000, 0x0000000081e00000, 0x0000000081e00000|100%| O|  |TAMS 0x0000000081e00000, 0x0000000081e00000| Untracked 
|  30|0x0000000081e00000, 0x0000000081f00000, 0x0000000081f00000|100%| O|  |TAMS 0x0000000081f00000, 0x0000000081f00000| Untracked 
|  31|0x0000000081f00000, 0x0000000082000000, 0x0000000082000000|100%| O|  |TAMS 0x0000000082000000, 0x0000000082000000| Untracked 
|  32|0x0000000082000000, 0x0000000082100000, 0x0000000082100000|100%|HS|  |TAMS 0x0000000082100000, 0x0000000082100000| Complete 
|  33|0x0000000082100000, 0x0000000082200000, 0x0000000082200000|100%|HC|  |TAMS 0x0000000082200000, 0x0000000082200000| Complete 
|  34|0x0000000082200000, 0x0000000082300000, 0x0000000082300000|100%|HC|  |TAMS 0x0000000082300000, 0x0000000082300000| Complete 
|  35|0x0000000082300000, 0x0000000082400000, 0x0000000082400000|100%| O|  |TAMS 0x0000000082400000, 0x0000000082400000| Untracked 
|  36|0x0000000082400000, 0x0000000082500000, 0x0000000082500000|100%| O|  |TAMS 0x0000000082500000, 0x0000000082500000| Untracked 
|  37|0x0000000082500000, 0x0000000082600000, 0x0000000082600000|100%| O|  |TAMS 0x0000000082600000, 0x0000000082600000| Untracked 
|  38|0x0000000082600000, 0x0000000082700000, 0x0000000082700000|100%| O|  |TAMS 0x0000000082700000, 0x0000000082700000| Untracked 
|  39|0x0000000082700000, 0x0000000082800000, 0x0000000082800000|100%| O|  |TAMS 0x0000000082800000, 0x0000000082800000| Untracked 
|  40|0x0000000082800000, 0x0000000082900000, 0x0000000082900000|100%| O|  |TAMS 0x0000000082900000, 0x0000000082900000| Untracked 
|  41|0x0000000082900000, 0x0000000082a00000, 0x0000000082a00000|100%| O|  |TAMS 0x0000000082a00000, 0x0000000082a00000| Untracked 
|  42|0x0000000082a00000, 0x0000000082b00000, 0x0000000082b00000|100%|HS|  |TAMS 0x0000000082b00000, 0x0000000082b00000| Complete 
|  43|0x0000000082b00000, 0x0000000082c00000, 0x0000000082c00000|100%|HC|  |TAMS 0x0000000082c00000, 0x0000000082c00000| Complete 
|  44|0x0000000082c00000, 0x0000000082d00000, 0x0000000082d00000|100%|HC|  |TAMS 0x0000000082d00000, 0x0000000082d00000| Complete 
|  45|0x0000000082d00000, 0x0000000082e00000, 0x0000000082e00000|100%|HC|  |TAMS 0x0000000082e00000, 0x0000000082e00000| Complete 
|  46|0x0000000082e00000, 0x0000000082f00000, 0x0000000082f00000|100%| O|  |TAMS 0x0000000082f00000, 0x0000000082f00000| Untracked 
|  47|0x0000000082f00000, 0x0000000083000000, 0x0000000083000000|100%| O|  |TAMS 0x0000000083000000, 0x0000000083000000| Untracked 
|  48|0x0000000083000000, 0x0000000083100000, 0x0000000083100000|100%| O|  |TAMS 0x0000000083100000, 0x0000000083100000| Untracked 
|  49|0x0000000083100000, 0x0000000083200000, 0x0000000083200000|100%| O|  |TAMS 0x0000000083200000, 0x0000000083200000| Untracked 
|  50|0x0000000083200000, 0x0000000083300000, 0x0000000083300000|100%| O|  |TAMS 0x0000000083300000, 0x0000000083300000| Untracked 
|  51|0x0000000083300000, 0x0000000083400000, 0x0000000083400000|100%| O|  |TAMS 0x0000000083400000, 0x0000000083400000| Untracked 
|  52|0x0000000083400000, 0x0000000083500000, 0x0000000083500000|100%| O|  |TAMS 0x0000000083500000, 0x0000000083500000| Untracked 
|  53|0x0000000083500000, 0x0000000083600000, 0x0000000083600000|100%|HS|  |TAMS 0x0000000083600000, 0x0000000083600000| Complete 
|  54|0x0000000083600000, 0x0000000083700000, 0x0000000083700000|100%|HS|  |TAMS 0x0000000083700000, 0x0000000083700000| Complete 
|  55|0x0000000083700000, 0x0000000083800000, 0x0000000083800000|100%|HS|  |TAMS 0x0000000083800000, 0x0000000083800000| Complete 
|  56|0x0000000083800000, 0x0000000083900000, 0x0000000083900000|100%|HC|  |TAMS 0x0000000083900000, 0x0000000083900000| Complete 
|  57|0x0000000083900000, 0x0000000083a00000, 0x0000000083a00000|100%| O|  |TAMS 0x0000000083a00000, 0x0000000083a00000| Untracked 
|  58|0x0000000083a00000, 0x0000000083b00000, 0x0000000083b00000|100%| O|  |TAMS 0x0000000083b00000, 0x0000000083b00000| Untracked 
|  59|0x0000000083b00000, 0x0000000083c00000, 0x0000000083c00000|100%| O|  |TAMS 0x0000000083c00000, 0x0000000083c00000| Untracked 
|  60|0x0000000083c00000, 0x0000000083d00000, 0x0000000083d00000|100%| O|  |TAMS 0x0000000083d00000, 0x0000000083d00000| Untracked 
|  61|0x0000000083d00000, 0x0000000083e00000, 0x0000000083e00000|100%| O|  |TAMS 0x0000000083e00000, 0x0000000083e00000| Untracked 
|  62|0x0000000083e00000, 0x0000000083f00000, 0x0000000083f00000|100%| O|  |TAMS 0x0000000083f00000, 0x0000000083f00000| Untracked 
|  63|0x0000000083f00000, 0x0000000084000000, 0x0000000084000000|100%| O|  |TAMS 0x0000000084000000, 0x0000000084000000| Untracked 
|  64|0x0000000084000000, 0x0000000084100000, 0x0000000084100000|100%| O|  |TAMS 0x0000000084100000, 0x0000000084100000| Untracked 
|  65|0x0000000084100000, 0x0000000084200000, 0x0000000084200000|100%| O|  |TAMS 0x0000000084200000, 0x0000000084200000| Untracked 
|  66|0x0000000084200000, 0x0000000084300000, 0x0000000084300000|100%| O|  |TAMS 0x0000000084300000, 0x0000000084300000| Untracked 
|  67|0x0000000084300000, 0x0000000084400000, 0x0000000084400000|100%| O|  |TAMS 0x0000000084400000, 0x0000000084400000| Untracked 
|  68|0x0000000084400000, 0x0000000084500000, 0x0000000084500000|100%| O|  |TAMS 0x0000000084500000, 0x0000000084500000| Untracked 
|  69|0x0000000084500000, 0x0000000084600000, 0x0000000084600000|100%| O|  |TAMS 0x0000000084600000, 0x0000000084600000| Untracked 
|  70|0x0000000084600000, 0x0000000084700000, 0x0000000084700000|100%| O|  |TAMS 0x0000000084700000, 0x0000000084700000| Untracked 
|  71|0x0000000084700000, 0x0000000084800000, 0x0000000084800000|100%| O|  |TAMS 0x0000000084800000, 0x0000000084800000| Untracked 
|  72|0x0000000084800000, 0x0000000084900000, 0x0000000084900000|100%| O|  |TAMS 0x0000000084900000, 0x0000000084900000| Untracked 
|  73|0x0000000084900000, 0x0000000084a00000, 0x0000000084a00000|100%| O|  |TAMS 0x0000000084a00000, 0x0000000084a00000| Untracked 
|  74|0x0000000084a00000, 0x0000000084b00000, 0x0000000084b00000|100%| O|  |TAMS 0x0000000084b00000, 0x0000000084b00000| Untracked 
|  75|0x0000000084b00000, 0x0000000084c00000, 0x0000000084c00000|100%| O|  |TAMS 0x0000000084c00000, 0x0000000084c00000| Untracked 
|  76|0x0000000084c00000, 0x0000000084d00000, 0x0000000084d00000|100%| O|  |TAMS 0x0000000084d00000, 0x0000000084d00000| Untracked 
|  77|0x0000000084d00000, 0x0000000084e00000, 0x0000000084e00000|100%| O|  |TAMS 0x0000000084e00000, 0x0000000084e00000| Untracked 
|  78|0x0000000084e00000, 0x0000000084f00000, 0x0000000084f00000|100%| O|  |TAMS 0x0000000084f00000, 0x0000000084f00000| Untracked 
|  79|0x0000000084f00000, 0x0000000085000000, 0x0000000085000000|100%|HS|  |TAMS 0x0000000085000000, 0x0000000085000000| Complete 
|  80|0x0000000085000000, 0x0000000085100000, 0x0000000085100000|100%|HC|  |TAMS 0x0000000085100000, 0x0000000085100000| Complete 
|  81|0x0000000085100000, 0x0000000085200000, 0x0000000085200000|100%|HS|  |TAMS 0x0000000085200000, 0x0000000085200000| Complete 
|  82|0x0000000085200000, 0x0000000085300000, 0x0000000085300000|100%|HC|  |TAMS 0x0000000085300000, 0x0000000085300000| Complete 
|  83|0x0000000085300000, 0x0000000085400000, 0x0000000085400000|100%|HC|  |TAMS 0x0000000085400000, 0x0000000085400000| Complete 
|  84|0x0000000085400000, 0x0000000085500000, 0x0000000085500000|100%|HS|  |TAMS 0x0000000085500000, 0x0000000085500000| Complete 
|  85|0x0000000085500000, 0x0000000085600000, 0x0000000085600000|100%|HC|  |TAMS 0x0000000085600000, 0x0000000085600000| Complete 
|  86|0x0000000085600000, 0x0000000085700000, 0x0000000085700000|100%|HC|  |TAMS 0x0000000085700000, 0x0000000085700000| Complete 
|  87|0x0000000085700000, 0x0000000085800000, 0x0000000085800000|100%|HC|  |TAMS 0x0000000085800000, 0x0000000085800000| Complete 
|  88|0x0000000085800000, 0x0000000085900000, 0x0000000085900000|100%| O|  |TAMS 0x0000000085900000, 0x0000000085900000| Untracked 
|  89|0x0000000085900000, 0x0000000085a00000, 0x0000000085a00000|100%| O|  |TAMS 0x0000000085a00000, 0x0000000085a00000| Untracked 
|  90|0x0000000085a00000, 0x0000000085b00000, 0x0000000085b00000|100%| O|  |TAMS 0x0000000085b00000, 0x0000000085b00000| Untracked 
|  91|0x0000000085b00000, 0x0000000085c00000, 0x0000000085c00000|100%| O|  |TAMS 0x0000000085c00000, 0x0000000085c00000| Untracked 
|  92|0x0000000085c00000, 0x0000000085d00000, 0x0000000085d00000|100%| O|  |TAMS 0x0000000085d00000, 0x0000000085d00000| Untracked 
|  93|0x0000000085d00000, 0x0000000085e00000, 0x0000000085e00000|100%| O|  |TAMS 0x0000000085e00000, 0x0000000085e00000| Untracked 
|  94|0x0000000085e00000, 0x0000000085f00000, 0x0000000085f00000|100%| O|  |TAMS 0x0000000085f00000, 0x0000000085f00000| Untracked 
|  95|0x0000000085f00000, 0x0000000086000000, 0x0000000086000000|100%| O|  |TAMS 0x0000000086000000, 0x0000000086000000| Untracked 
|  96|0x0000000086000000, 0x0000000086100000, 0x0000000086100000|100%| O|  |TAMS 0x0000000086100000, 0x0000000086100000| Untracked 
|  97|0x0000000086100000, 0x0000000086200000, 0x0000000086200000|100%| O|  |TAMS 0x0000000086200000, 0x0000000086200000| Untracked 
|  98|0x0000000086200000, 0x0000000086300000, 0x0000000086300000|100%| O|  |TAMS 0x0000000086300000, 0x0000000086300000| Untracked 
|  99|0x0000000086300000, 0x0000000086400000, 0x0000000086400000|100%| O|  |TAMS 0x0000000086400000, 0x0000000086400000| Untracked 
| 100|0x0000000086400000, 0x0000000086500000, 0x0000000086500000|100%| O|  |TAMS 0x0000000086500000, 0x0000000086500000| Untracked 
| 101|0x0000000086500000, 0x0000000086600000, 0x0000000086600000|100%| O|  |TAMS 0x0000000086600000, 0x0000000086600000| Untracked 
| 102|0x0000000086600000, 0x0000000086700000, 0x0000000086700000|100%| O|  |TAMS 0x0000000086700000, 0x0000000086700000| Untracked 
| 103|0x0000000086700000, 0x0000000086800000, 0x0000000086800000|100%| O|  |TAMS 0x0000000086800000, 0x0000000086800000| Untracked 
| 104|0x0000000086800000, 0x0000000086900000, 0x0000000086900000|100%| O|  |TAMS 0x0000000086900000, 0x0000000086900000| Untracked 
| 105|0x0000000086900000, 0x0000000086a00000, 0x0000000086a00000|100%| O|  |TAMS 0x0000000086a00000, 0x0000000086a00000| Untracked 
| 106|0x0000000086a00000, 0x0000000086b00000, 0x0000000086b00000|100%| O|  |TAMS 0x0000000086b00000, 0x0000000086b00000| Untracked 
| 107|0x0000000086b00000, 0x0000000086c00000, 0x0000000086c00000|100%| O|  |TAMS 0x0000000086c00000, 0x0000000086c00000| Untracked 
| 108|0x0000000086c00000, 0x0000000086d00000, 0x0000000086d00000|100%| O|  |TAMS 0x0000000086d00000, 0x0000000086d00000| Untracked 
| 109|0x0000000086d00000, 0x0000000086e00000, 0x0000000086e00000|100%| O|  |TAMS 0x0000000086e00000, 0x0000000086e00000| Untracked 
| 110|0x0000000086e00000, 0x0000000086f00000, 0x0000000086f00000|100%| O|  |TAMS 0x0000000086f00000, 0x0000000086f00000| Untracked 
| 111|0x0000000086f00000, 0x0000000087000000, 0x0000000087000000|100%| O|  |TAMS 0x0000000087000000, 0x0000000087000000| Untracked 
| 112|0x0000000087000000, 0x0000000087100000, 0x0000000087100000|100%| O|  |TAMS 0x0000000087100000, 0x0000000087100000| Untracked 
| 113|0x0000000087100000, 0x0000000087200000, 0x0000000087200000|100%| O|  |TAMS 0x0000000087200000, 0x0000000087200000| Untracked 
| 114|0x0000000087200000, 0x0000000087300000, 0x0000000087300000|100%| O|  |TAMS 0x0000000087300000, 0x0000000087300000| Untracked 
| 115|0x0000000087300000, 0x0000000087400000, 0x0000000087400000|100%| O|  |TAMS 0x0000000087400000, 0x0000000087400000| Untracked 
| 116|0x0000000087400000, 0x0000000087500000, 0x0000000087500000|100%| O|  |TAMS 0x0000000087500000, 0x0000000087500000| Untracked 
| 117|0x0000000087500000, 0x0000000087600000, 0x0000000087600000|100%| O|  |TAMS 0x0000000087600000, 0x0000000087600000| Untracked 
| 118|0x0000000087600000, 0x0000000087700000, 0x0000000087700000|100%| O|  |TAMS 0x0000000087700000, 0x0000000087700000| Untracked 
| 119|0x0000000087700000, 0x0000000087800000, 0x0000000087800000|100%| O|  |TAMS 0x0000000087800000, 0x0000000087800000| Untracked 
| 120|0x0000000087800000, 0x0000000087900000, 0x0000000087900000|100%| O|  |TAMS 0x0000000087900000, 0x0000000087900000| Untracked 
| 121|0x0000000087900000, 0x0000000087a00000, 0x0000000087a00000|100%| O|  |TAMS 0x0000000087a00000, 0x0000000087a00000| Untracked 
| 122|0x0000000087a00000, 0x0000000087b00000, 0x0000000087b00000|100%| O|  |TAMS 0x0000000087b00000, 0x0000000087b00000| Untracked 
| 123|0x0000000087b00000, 0x0000000087c00000, 0x0000000087c00000|100%| O|  |TAMS 0x0000000087c00000, 0x0000000087c00000| Untracked 
| 124|0x0000000087c00000, 0x0000000087d00000, 0x0000000087d00000|100%| O|  |TAMS 0x0000000087c19600, 0x0000000087d00000| Untracked 
| 125|0x0000000087d00000, 0x0000000087d0a000, 0x0000000087e00000|  3%| O|  |TAMS 0x0000000087d00000, 0x0000000087d0a000| Untracked 
| 126|0x0000000087e00000, 0x0000000087e00000, 0x0000000087f00000|  0%| F|  |TAMS 0x0000000087e00000, 0x0000000087e00000| Untracked 
| 127|0x0000000087f00000, 0x0000000087f00000, 0x0000000088000000|  0%| F|  |TAMS 0x0000000087f00000, 0x0000000087f00000| Untracked 
| 128|0x0000000088000000, 0x0000000088000000, 0x0000000088100000|  0%| F|  |TAMS 0x0000000088000000, 0x0000000088000000| Untracked 
| 129|0x0000000088100000, 0x0000000088100000, 0x0000000088200000|  0%| F|  |TAMS 0x0000000088100000, 0x0000000088100000| Untracked 
| 130|0x0000000088200000, 0x0000000088200000, 0x0000000088300000|  0%| F|  |TAMS 0x0000000088200000, 0x0000000088200000| Untracked 
| 131|0x0000000088300000, 0x0000000088300000, 0x0000000088400000|  0%| F|  |TAMS 0x0000000088300000, 0x0000000088300000| Untracked 
| 132|0x0000000088400000, 0x0000000088400000, 0x0000000088500000|  0%| F|  |TAMS 0x0000000088400000, 0x0000000088400000| Untracked 
| 133|0x0000000088500000, 0x0000000088500000, 0x0000000088600000|  0%| F|  |TAMS 0x0000000088500000, 0x0000000088500000| Untracked 
| 134|0x0000000088600000, 0x0000000088600000, 0x0000000088700000|  0%| F|  |TAMS 0x0000000088600000, 0x0000000088600000| Untracked 
| 135|0x0000000088700000, 0x0000000088700000, 0x0000000088800000|  0%| F|  |TAMS 0x0000000088700000, 0x0000000088700000| Untracked 
| 136|0x0000000088800000, 0x0000000088800000, 0x0000000088900000|  0%| F|  |TAMS 0x0000000088800000, 0x0000000088800000| Untracked 
| 137|0x0000000088900000, 0x0000000088900000, 0x0000000088a00000|  0%| F|  |TAMS 0x0000000088900000, 0x0000000088900000| Untracked 
| 138|0x0000000088a00000, 0x0000000088a00000, 0x0000000088b00000|  0%| F|  |TAMS 0x0000000088a00000, 0x0000000088a00000| Untracked 
| 139|0x0000000088b00000, 0x0000000088b00000, 0x0000000088c00000|  0%| F|  |TAMS 0x0000000088b00000, 0x0000000088b00000| Untracked 
| 140|0x0000000088c00000, 0x0000000088c00000, 0x0000000088d00000|  0%| F|  |TAMS 0x0000000088c00000, 0x0000000088c00000| Untracked 
| 141|0x0000000088d00000, 0x0000000088d5c200, 0x0000000088e00000| 35%| S|CS|TAMS 0x0000000088d00000, 0x0000000088d00000| Complete 
| 142|0x0000000088e00000, 0x0000000088e00000, 0x0000000088f00000|  0%| F|  |TAMS 0x0000000088e00000, 0x0000000088e00000| Untracked 
| 143|0x0000000088f00000, 0x0000000089000000, 0x0000000089000000|100%| S|CS|TAMS 0x0000000088f00000, 0x0000000088f00000| Complete 
| 144|0x0000000089000000, 0x0000000089000000, 0x0000000089100000|  0%| F|  |TAMS 0x0000000089000000, 0x0000000089000000| Untracked 
| 145|0x0000000089100000, 0x0000000089100000, 0x0000000089200000|  0%| F|  |TAMS 0x0000000089100000, 0x0000000089100000| Untracked 
| 146|0x0000000089200000, 0x0000000089200000, 0x0000000089300000|  0%| F|  |TAMS 0x0000000089200000, 0x0000000089200000| Untracked 
| 147|0x0000000089300000, 0x0000000089300000, 0x0000000089400000|  0%| F|  |TAMS 0x0000000089300000, 0x0000000089300000| Untracked 
| 148|0x0000000089400000, 0x0000000089400000, 0x0000000089500000|  0%| F|  |TAMS 0x0000000089400000, 0x0000000089400000| Untracked 
| 149|0x0000000089500000, 0x0000000089500000, 0x0000000089600000|  0%| F|  |TAMS 0x0000000089500000, 0x0000000089500000| Untracked 
| 150|0x0000000089600000, 0x0000000089600000, 0x0000000089700000|  0%| F|  |TAMS 0x0000000089600000, 0x0000000089600000| Untracked 
| 151|0x0000000089700000, 0x0000000089700000, 0x0000000089800000|  0%| F|  |TAMS 0x0000000089700000, 0x0000000089700000| Untracked 
| 152|0x0000000089800000, 0x0000000089800000, 0x0000000089900000|  0%| F|  |TAMS 0x0000000089800000, 0x0000000089800000| Untracked 
| 153|0x0000000089900000, 0x00000000899e4260, 0x0000000089a00000| 89%| E|  |TAMS 0x0000000089900000, 0x0000000089900000| Complete 

Card table byte_map: [0x0000026873690000,0x0000026873a90000] _byte_map_base: 0x0000026873290000

Marking Bits (Prev, Next): (CMBitMap*) 0x000002685e560d28, (CMBitMap*) 0x000002685e560d60
 Prev Bits: [0x0000026873e90000, 0x0000026875e90000)
 Next Bits: [0x0000026875e90000, 0x0000026877e90000)

Polling page: 0x000002685e600000

Metaspace:

Usage:
  Non-class:     94.48 MB capacity,    92.63 MB ( 98%) used,     1.55 MB (  2%) free+waste,   318.88 KB ( <1%) overhead. 
      Class:     14.31 MB capacity,    13.29 MB ( 93%) used,   906.62 KB (  6%) free+waste,   145.38 KB ( <1%) overhead. 
       Both:    108.80 MB capacity,   105.91 MB ( 97%) used,     2.43 MB (  2%) free+waste,   464.25 KB ( <1%) overhead. 

Virtual space:
  Non-class space:       96.00 MB reserved,      94.50 MB ( 98%) committed 
      Class space:        1.00 GB reserved,      14.38 MB (  1%) committed 
             Both:        1.09 GB reserved,     108.88 MB ( 10%) committed 

Chunk freelists:
   Non-Class:  16.00 KB
       Class:  0 bytes
        Both:  16.00 KB

MaxMetaspaceSize: 17179869184.00 GB
CompressedClassSpaceSize: 1.00 GB

CodeHeap 'non-profiled nmethods': size=120000Kb used=10142Kb max_used=10142Kb free=109857Kb
 bounds [0x000002686b300000, 0x000002686bcf0000, 0x0000026872830000]
CodeHeap 'profiled nmethods': size=120000Kb used=31187Kb max_used=31187Kb free=88812Kb
 bounds [0x0000026863dd0000, 0x0000026865c50000, 0x000002686b300000]
CodeHeap 'non-nmethods': size=5760Kb used=2316Kb max_used=2379Kb free=3443Kb
 bounds [0x0000026863830000, 0x0000026863aa0000, 0x0000026863dd0000]
 total_blobs=14747 nmethods=13823 adapters=835
 compilation: enabled
              stopped_count=0, restarted_count=0
 full_count=0

Compilation events (20 events):
Event: 123.054 Thread 0x000002687a995000 13941       3       org.gradle.api.internal.artifacts.transform.CacheableInvocation$$Lambda$868/0x0000000100bd5840::get (12 bytes)
Event: 123.055 Thread 0x000002687a995000 nmethod 13941 0x0000026865c3b810 code [0x0000026865c3ba40, 0x0000026865c3c218]
Event: 123.055 Thread 0x000002687a995000 13942       3       org.gradle.api.internal.artifacts.transform.CacheableInvocation::lambda$flatMap$3 (16 bytes)
Event: 123.055 Thread 0x000002687a995000 nmethod 13942 0x0000026865c3c490 code [0x0000026865c3c6a0, 0x0000026865c3cdd8]
Event: 123.055 Thread 0x000002687a995000 13943       1       org.gradle.internal.fingerprint.impl.NameOnlyFingerprintingStrategy::access$000 (5 bytes)
Event: 123.055 Thread 0x000002687a995000 nmethod 13943 0x000002686bce7790 code [0x000002686bce7940, 0x000002686bce79d8]
Event: 123.056 Thread 0x000002687a995000 13944       3       org.gradle.internal.Try$Success::flatMap (14 bytes)
Event: 123.056 Thread 0x000002687a995000 nmethod 13944 0x0000026865c3d010 code [0x0000026865c3d1e0, 0x0000026865c3d488]
Event: 123.056 Thread 0x000002687a995000 13945       3       org.gradle.api.internal.artifacts.transform.CacheableInvocation$$Lambda$957/0x0000000100bfc440::apply (9 bytes)
Event: 123.057 Thread 0x000002687a995000 nmethod 13945 0x0000026865c3d590 code [0x0000026865c3d780, 0x0000026865c3db58]
Event: 123.074 Thread 0x000002687a995000 13946       3       org.gradle.internal.nativeintegration.filesystem.services.GenericFileSystem::stat (18 bytes)
Event: 123.075 Thread 0x000002687a995000 nmethod 13946 0x0000026865c3dc90 code [0x0000026865c3de60, 0x0000026865c3e0a8]
Event: 123.075 Thread 0x000002687a995000 13947       3       org.gradle.internal.vfs.impl.DefaultFileSystemAccess::snapshot (237 bytes)
Event: 123.080 Thread 0x000002687a995000 nmethod 13947 0x0000026865c3e210 code [0x0000026865c3e6a0, 0x0000026865c40f08]
Event: 123.080 Thread 0x000002687a995000 13948       3       org.gradle.internal.vfs.impl.AbstractVirtualFileSystem::store (16 bytes)
Event: 123.080 Thread 0x000002687a995000 nmethod 13948 0x0000026865c41e90 code [0x0000026865c420a0, 0x0000026865c42688]
Event: 123.080 Thread 0x000002687a995000 13949       3       org.gradle.internal.vfs.impl.AbstractVirtualFileSystem$$Lambda$179/0x000000010037ec40::<init> (20 bytes)
Event: 123.081 Thread 0x000002687a995000 nmethod 13949 0x0000026865c42890 code [0x0000026865c42a40, 0x0000026865c42cb8]
Event: 123.081 Thread 0x000002687a995000 13950       3       org.gradle.internal.vfs.impl.AbstractVirtualFileSystem$$Lambda$179/0x000000010037ec40::get$Lambda (11 bytes)
Event: 123.081 Thread 0x000002687a995000 nmethod 13950 0x0000026865c42d90 code [0x0000026865c42f60, 0x0000026865c43278]

GC Heap History (20 events):
Event: 119.002 GC heap before
{Heap before GC invocations=85 (full 0):
 garbage-first heap   total 157696K, used 135466K [0x0000000080000000, 0x0000000100000000)
  region size 1024K, 13 young (13312K), 2 survivors (2048K)
 Metaspace       used 104953K, capacity 107889K, committed 108032K, reserved 1142784K
  class space    used 13149K, capacity 14214K, committed 14336K, reserved 1048576K
}
Event: 119.004 GC heap after
{Heap after GC invocations=86 (full 0):
 garbage-first heap   total 157696K, used 125007K [0x0000000080000000, 0x0000000100000000)
  region size 1024K, 1 young (1024K), 1 survivors (1024K)
 Metaspace       used 104953K, capacity 107889K, committed 108032K, reserved 1142784K
  class space    used 13149K, capacity 14214K, committed 14336K, reserved 1048576K
}
Event: 119.647 GC heap before
{Heap before GC invocations=86 (full 0):
 garbage-first heap   total 157696K, used 137295K [0x0000000080000000, 0x0000000100000000)
  region size 1024K, 13 young (13312K), 1 survivors (1024K)
 Metaspace       used 105743K, capacity 108678K, committed 108800K, reserved 1144832K
  class space    used 13270K, capacity 14324K, committed 14336K, reserved 1048576K
}
Event: 119.652 GC heap after
{Heap after GC invocations=87 (full 0):
 garbage-first heap   total 157696K, used 125112K [0x0000000080000000, 0x0000000100000000)
  region size 1024K, 1 young (1024K), 1 survivors (1024K)
 Metaspace       used 105743K, capacity 108678K, committed 108800K, reserved 1144832K
  class space    used 13270K, capacity 14324K, committed 14336K, reserved 1048576K
}
Event: 120.543 GC heap before
{Heap before GC invocations=88 (full 0):
 garbage-first heap   total 157696K, used 137400K [0x0000000080000000, 0x0000000100000000)
  region size 1024K, 13 young (13312K), 1 survivors (1024K)
 Metaspace       used 106584K, capacity 109510K, committed 109696K, reserved 1144832K
  class space    used 13386K, capacity 14452K, committed 14464K, reserved 1048576K
}
Event: 120.547 GC heap after
{Heap after GC invocations=89 (full 0):
 garbage-first heap   total 157696K, used 125211K [0x0000000080000000, 0x0000000100000000)
  region size 1024K, 1 young (1024K), 1 survivors (1024K)
 Metaspace       used 106584K, capacity 109510K, committed 109696K, reserved 1144832K
  class space    used 13386K, capacity 14452K, committed 14464K, reserved 1048576K
}
Event: 121.015 GC heap before
{Heap before GC invocations=89 (full 0):
 garbage-first heap   total 157696K, used 137499K [0x0000000080000000, 0x0000000100000000)
  region size 1024K, 13 young (13312K), 1 survivors (1024K)
 Metaspace       used 107459K, capacity 110374K, committed 110592K, reserved 1144832K
  class space    used 13499K, capacity 14548K, committed 14592K, reserved 1048576K
}
Event: 121.019 GC heap after
{Heap after GC invocations=90 (full 0):
 garbage-first heap   total 157696K, used 125371K [0x0000000080000000, 0x0000000100000000)
  region size 1024K, 1 young (1024K), 1 survivors (1024K)
 Metaspace       used 107459K, capacity 110374K, committed 110592K, reserved 1144832K
  class space    used 13499K, capacity 14548K, committed 14592K, reserved 1048576K
}
Event: 121.663 GC heap before
{Heap before GC invocations=91 (full 0):
 garbage-first heap   total 157696K, used 137659K [0x0000000080000000, 0x0000000100000000)
  region size 1024K, 13 young (13312K), 1 survivors (1024K)
 Metaspace       used 108104K, capacity 111017K, committed 111232K, reserved 1146880K
  class space    used 13553K, capacity 14613K, committed 14720K, reserved 1048576K
}
Event: 121.668 GC heap after
{Heap after GC invocations=92 (full 0):
 garbage-first heap   total 157696K, used 127065K [0x0000000080000000, 0x0000000100000000)
  region size 1024K, 2 young (2048K), 2 survivors (2048K)
 Metaspace       used 108104K, capacity 111017K, committed 111232K, reserved 1146880K
  class space    used 13553K, capacity 14613K, committed 14720K, reserved 1048576K
}
Event: 122.020 GC heap before
{Heap before GC invocations=92 (full 0):
 garbage-first heap   total 157696K, used 136281K [0x0000000080000000, 0x0000000100000000)
  region size 1024K, 12 young (12288K), 2 survivors (2048K)
 Metaspace       used 108371K, capacity 111392K, committed 111488K, reserved 1146880K
  class space    used 13595K, capacity 14653K, committed 14720K, reserved 1048576K
}
Event: 122.027 GC heap after
{Heap after GC invocations=93 (full 0):
 garbage-first heap   total 157696K, used 127704K [0x0000000080000000, 0x0000000100000000)
  region size 1024K, 1 young (1024K), 1 survivors (1024K)
 Metaspace       used 108371K, capacity 111392K, committed 111488K, reserved 1146880K
  class space    used 13595K, capacity 14653K, committed 14720K, reserved 1048576K
}
Event: 122.483 GC heap before
{Heap before GC invocations=94 (full 0):
 garbage-first heap   total 157696K, used 135896K [0x0000000080000000, 0x0000000100000000)
  region size 1024K, 10 young (10240K), 1 survivors (1024K)
 Metaspace       used 108389K, capacity 111393K, committed 111488K, reserved 1146880K
  class space    used 13597K, capacity 14653K, committed 14720K, reserved 1048576K
}
Event: 122.487 GC heap after
{Heap after GC invocations=95 (full 0):
 garbage-first heap   total 157696K, used 128123K [0x0000000080000000, 0x0000000100000000)
  region size 1024K, 2 young (2048K), 2 survivors (2048K)
 Metaspace       used 108389K, capacity 111393K, committed 111488K, reserved 1146880K
  class space    used 13597K, capacity 14653K, committed 14720K, reserved 1048576K
}
Event: 122.570 GC heap before
{Heap before GC invocations=95 (full 0):
 garbage-first heap   total 157696K, used 136315K [0x0000000080000000, 0x0000000100000000)
  region size 1024K, 11 young (11264K), 2 survivors (2048K)
 Metaspace       used 108389K, capacity 111393K, committed 111488K, reserved 1146880K
  class space    used 13597K, capacity 14653K, committed 14720K, reserved 1048576K
}
Event: 122.574 GC heap after
{Heap after GC invocations=96 (full 0):
 garbage-first heap   total 157696K, used 128526K [0x0000000080000000, 0x0000000100000000)
  region size 1024K, 2 young (2048K), 2 survivors (2048K)
 Metaspace       used 108389K, capacity 111393K, committed 111488K, reserved 1146880K
  class space    used 13597K, capacity 14653K, committed 14720K, reserved 1048576K
}
Event: 123.021 GC heap before
{Heap before GC invocations=97 (full 0):
 garbage-first heap   total 157696K, used 137742K [0x0000000080000000, 0x0000000100000000)
  region size 1024K, 11 young (11264K), 2 survivors (2048K)
 Metaspace       used 108449K, capacity 111408K, committed 111488K, reserved 1146880K
  class space    used 13606K, capacity 14658K, committed 14720K, reserved 1048576K
}
Event: 123.026 GC heap after
{Heap after GC invocations=98 (full 0):
 garbage-first heap   total 157696K, used 129039K [0x0000000080000000, 0x0000000100000000)
  region size 1024K, 2 young (2048K), 2 survivors (2048K)
 Metaspace       used 108449K, capacity 111408K, committed 111488K, reserved 1146880K
  class space    used 13606K, capacity 14658K, committed 14720K, reserved 1048576K
}
Event: 123.091 GC heap before
{Heap before GC invocations=98 (full 0):
 garbage-first heap   total 157696K, used 137231K [0x0000000080000000, 0x0000000100000000)
  region size 1024K, 11 young (11264K), 2 survivors (2048K)
 Metaspace       used 108453K, capacity 111410K, committed 111488K, reserved 1146880K
  class space    used 13606K, capacity 14658K, committed 14720K, reserved 1048576K
}
Event: 123.097 GC heap after
{Heap after GC invocations=99 (full 0):
 garbage-first heap   total 157696K, used 129432K [0x0000000080000000, 0x0000000100000000)
  region size 1024K, 2 young (2048K), 2 survivors (2048K)
 Metaspace       used 108453K, capacity 111410K, committed 111488K, reserved 1146880K
  class space    used 13606K, capacity 14658K, committed 14720K, reserved 1048576K
}

Deoptimization events (20 events):
Event: 122.937 Thread 0x0000026801091800 Uncommon trap: trap_request=0xffffff4d fr.pc=0x000002686bbaf56c relative=0x000000000000376c
Event: 122.937 Thread 0x0000026801091800 Uncommon trap: reason=unstable_if action=reinterpret pc=0x000002686bbaf56c method=org.gradle.internal.fingerprint.classpath.impl.ClasspathFingerprintingStrategy$ClasspathFingerprintingVisitor$1.visitRegularFile(Lorg/gradle/internal/snapshot/RegularFileSna
Event: 122.937 Thread 0x0000026801091800 DEOPT PACKING pc=0x000002686bbaf56c sp=0x000000ef67ffc9a0
Event: 122.937 Thread 0x0000026801091800 DEOPT UNPACKING pc=0x000002686385662f sp=0x000000ef67ffc8c8 mode 2
Event: 122.985 Thread 0x0000026801091800 Uncommon trap: trap_request=0xffffffc6 fr.pc=0x000002686bc39ad0 relative=0x00000000000039f0
Event: 122.985 Thread 0x0000026801091800 Uncommon trap: reason=bimorphic_or_optimized_type_check action=maybe_recompile pc=0x000002686bc39ad0 method=org.gradle.internal.snapshot.FileSystemLeafSnapshot.accept(Lorg/gradle/internal/snapshot/RelativePathTracker;Lorg/gradle/internal/snapshot/Relative
Event: 122.985 Thread 0x0000026801091800 DEOPT PACKING pc=0x000002686bc39ad0 sp=0x000000ef67ffbcc0
Event: 122.985 Thread 0x0000026801091800 DEOPT UNPACKING pc=0x000002686385662f sp=0x000000ef67ffbcd0 mode 2
Event: 122.991 Thread 0x0000026801091800 Uncommon trap: trap_request=0xffffff4d fr.pc=0x000002686b8e65e0 relative=0x0000000000000680
Event: 122.991 Thread 0x0000026801091800 Uncommon trap: reason=unstable_if action=reinterpret pc=0x000002686b8e65e0 method=java.lang.String.regionMatches(ZILjava/lang/String;II)Z @ 1 c2
Event: 122.991 Thread 0x0000026801091800 DEOPT PACKING pc=0x000002686b8e65e0 sp=0x000000ef67ffb020
Event: 122.991 Thread 0x0000026801091800 DEOPT UNPACKING pc=0x000002686385662f sp=0x000000ef67ffafd0 mode 2
Event: 122.999 Thread 0x0000026801091800 Uncommon trap: trap_request=0xffffff7e fr.pc=0x000002686bbee1d8 relative=0x00000000000026d8
Event: 122.999 Thread 0x0000026801091800 Uncommon trap: reason=predicate action=maybe_recompile pc=0x000002686bbee1d8 method=java.util.TimSort.reverseRange([Ljava/lang/Object;II)V @ 5 c2
Event: 122.999 Thread 0x0000026801091800 DEOPT PACKING pc=0x000002686bbee1d8 sp=0x000000ef67ffac30
Event: 122.999 Thread 0x0000026801091800 DEOPT UNPACKING pc=0x000002686385662f sp=0x000000ef67ffab00 mode 2
Event: 123.089 Thread 0x000002687eab6800 Uncommon trap: trap_request=0xffffff4d fr.pc=0x000002686ba284ac relative=0x0000000000000a4c
Event: 123.089 Thread 0x000002687eab6800 Uncommon trap: reason=unstable_if action=reinterpret pc=0x000002686ba284ac method=java.util.concurrent.locks.AbstractQueuedSynchronizer.unparkSuccessor(Ljava/util/concurrent/locks/AbstractQueuedSynchronizer$Node;)V @ 22 c2
Event: 123.089 Thread 0x000002687eab6800 DEOPT PACKING pc=0x000002686ba284ac sp=0x000000ef670fdab0
Event: 123.089 Thread 0x000002687eab6800 DEOPT UNPACKING pc=0x000002686385662f sp=0x000000ef670fd948 mode 2

Classes redefined (0 events):
No events

Internal exceptions (20 events):
Event: 111.847 Thread 0x000002687cb2a000 Exception <a 'java/lang/ClassNotFoundException'{0x0000000088cf58e0}: org/gradle/api/internal/file/CompositeFileCollectionCustomizer> (0x0000000088cf58e0) thrown at [./src/hotspot/share/classfile/systemDictionary.cpp, line 231]
Event: 111.860 Thread 0x000002687cb2a000 Exception <a 'java/lang/ClassNotFoundException'{0x000000008991c6b0}: org/gradle/api/internal/file/collections/DefaultConfigurableFileCollectionCustomizer> (0x000000008991c6b0) thrown at [./src/hotspot/share/classfile/systemDictionary.cpp, line 231]
Event: 112.554 Thread 0x000002687cb2a000 Exception <a 'java/lang/NoSuchMethodError'{0x000000008951cc08}: <clinit>> (0x000000008951cc08) thrown at [./src/hotspot/share/prims/jni.cpp, line 1362]
Event: 112.607 Thread 0x000002687cb2a000 Exception <a 'sun/nio/fs/WindowsException'{0x0000000089595d18}> (0x0000000089595d18) thrown at [./src/hotspot/share/prims/jni.cpp, line 615]
Event: 112.951 Thread 0x000002687eaac000 Exception <a 'java/lang/NoSuchMethodError'{0x00000000892c2fe0}: <clinit>> (0x00000000892c2fe0) thrown at [./src/hotspot/share/prims/jni.cpp, line 1362]
Event: 112.953 Thread 0x000002687eaac000 Exception <a 'java/lang/NoSuchMethodError'{0x00000000892ccf78}: <clinit>> (0x00000000892ccf78) thrown at [./src/hotspot/share/prims/jni.cpp, line 1362]
Event: 113.100 Thread 0x000002687eaac000 Exception <a 'java/lang/NoSuchMethodError'{0x0000000089103858}: <clinit>> (0x0000000089103858) thrown at [./src/hotspot/share/prims/jni.cpp, line 1362]
Event: 113.102 Thread 0x000002687eaac000 Exception <a 'java/lang/NoSuchMethodError'{0x000000008913a770}: <clinit>> (0x000000008913a770) thrown at [./src/hotspot/share/prims/jni.cpp, line 1362]
Event: 113.102 Thread 0x000002687eaac000 Exception <a 'java/lang/NoSuchMethodError'{0x000000008913bc88}: <clinit>> (0x000000008913bc88) thrown at [./src/hotspot/share/prims/jni.cpp, line 1362]
Event: 113.142 Thread 0x000002687eedf800 Exception <a 'java/lang/NoSuchMethodError'{0x00000000895474a0}: <clinit>> (0x00000000895474a0) thrown at [./src/hotspot/share/prims/jni.cpp, line 1362]
Event: 113.151 Thread 0x000002687eedf800 Exception <a 'java/lang/NoSuchMethodError'{0x0000000088f82498}: <clinit>> (0x0000000088f82498) thrown at [./src/hotspot/share/prims/jni.cpp, line 1362]
Event: 113.155 Thread 0x000002687eedf800 Exception <a 'java/lang/NoSuchMethodError'{0x0000000088fa38c8}: <clinit>> (0x0000000088fa38c8) thrown at [./src/hotspot/share/prims/jni.cpp, line 1362]
Event: 113.313 Thread 0x000002687eaac000 Exception <a 'java/lang/NoSuchMethodError'{0x0000000088ddc6e0}: <clinit>> (0x0000000088ddc6e0) thrown at [./src/hotspot/share/prims/jni.cpp, line 1362]
Event: 113.931 Thread 0x000002687cb2a000 Implicit null exception at 0x000002686b6f4155 to 0x000002686b6f4a00
Event: 114.093 Thread 0x000002687eab0000 Implicit null exception at 0x000002686bb8c537 to 0x000002686bb8d0d0
Event: 115.512 Thread 0x000002687eeda800 Implicit null exception at 0x000002686bbe06a1 to 0x000002686bbe1c20
Event: 119.022 Thread 0x000002687cb2a000 Exception <a 'java/lang/NoSuchMethodError'{0x0000000089983d20}: 'void java.lang.invoke.DirectMethodHandle$Holder.invokeStatic(java.lang.Object, java.lang.Object, java.lang.Object, java.lang.Object, java.lang.Object, java.lang.Object, java.lang.Object)'> (0x0000000089983d20) thrown at [./src/hotspot/share/interpreter/linkResolver.cpp, line 773]
Event: 119.075 Thread 0x000002687eaac000 Exception <a 'java/lang/NoSuchMethodError'{0x0000000089850a90}: <clinit>> (0x0000000089850a90) thrown at [./src/hotspot/share/prims/jni.cpp, line 1362]
Event: 122.983 Thread 0x0000026801091800 Exception <a 'java/lang/NoSuchMethodError'{0x0000000089439fe8}: 'int java.lang.invoke.DirectMethodHandle$Holder.invokeSpecial(java.lang.Object, java.lang.Object, java.lang.Object, java.lang.Object, java.lang.Object)'> (0x0000000089439fe8) thrown at [./src/hotspot/share/interpreter/linkResolver.cpp, line 773]
Event: 123.089 Thread 0x000002687eab6800 Implicit null exception at 0x000002686ba27c81 to 0x000002686ba28498

Events (20 events):
Event: 122.982 loading class org/gradle/api/specs/Spec
Event: 122.982 loading class org/gradle/api/specs/Spec done
Event: 122.983 loading class org/gradle/internal/fingerprint/impl/PatternSetSnapshottingFilter
Event: 122.983 loading class org/gradle/internal/fingerprint/impl/PatternSetSnapshottingFilter done
Event: 122.983 loading class org/gradle/internal/snapshot/SnapshottingFilter$FileSystemSnapshotPredicate
Event: 122.983 loading class org/gradle/internal/snapshot/SnapshottingFilter$FileSystemSnapshotPredicate done
Event: 122.984 loading class org/gradle/internal/snapshot/impl/FileSystemSnapshotFilter
Event: 122.984 loading class org/gradle/internal/snapshot/impl/FileSystemSnapshotFilter done
Event: 122.984 loading class org/gradle/internal/snapshot/impl/FileSystemSnapshotFilter$FilteringVisitor
Event: 122.984 loading class org/gradle/internal/snapshot/impl/FileSystemSnapshotFilter$FilteringVisitor done
Event: 122.985 loading class org/gradle/internal/snapshot/impl/FileSystemSnapshotFilter$FilteringVisitor$1
Event: 122.985 loading class org/gradle/internal/snapshot/impl/FileSystemSnapshotFilter$FilteringVisitor$1 done
Event: 122.985 loading class org/gradle/internal/fingerprint/impl/PatternSetSnapshottingFilter$LogicalFileTreeElement
Event: 122.985 loading class org/gradle/internal/fingerprint/impl/PatternSetSnapshottingFilter$LogicalFileTreeElement done
Event: 122.990 loading class org/gradle/api/tasks/util/internal/CachingPatternSpecFactory$CachingSpec$1
Event: 122.990 loading class org/gradle/api/tasks/util/internal/CachingPatternSpecFactory$CachingSpec$1 done
Event: 123.021 Executing VM operation: G1CollectForAllocation
Event: 123.026 Executing VM operation: G1CollectForAllocation done
Event: 123.091 Executing VM operation: G1CollectForAllocation
Event: 123.097 Executing VM operation: G1CollectForAllocation done


Dynamic libraries:
0x00007ff724680000 - 0x00007ff72468a000 	C:\Program Files\Android\Android Studio2\jre\bin\java.exe
0x00007ff9b0f70000 - 0x00007ff9b1165000 	C:\WINDOWS\SYSTEM32\ntdll.dll
0x00007ff9b0b90000 - 0x00007ff9b0c4e000 	C:\WINDOWS\System32\KERNEL32.DLL
0x00007ff9aeb50000 - 0x00007ff9aee18000 	C:\WINDOWS\System32\KERNELBASE.dll
0x00007ff9ae940000 - 0x00007ff9aea40000 	C:\WINDOWS\System32\ucrtbase.dll
0x00007ff9999f0000 - 0x00007ff999a07000 	C:\Program Files\Android\Android Studio2\jre\bin\VCRUNTIME140.dll
0x00007ff9999d0000 - 0x00007ff9999e9000 	C:\Program Files\Android\Android Studio2\jre\bin\jli.dll
0x00007ff9b0cf0000 - 0x00007ff9b0e90000 	C:\WINDOWS\System32\USER32.dll
0x00007ff9aee90000 - 0x00007ff9aeeb2000 	C:\WINDOWS\System32\win32u.dll
0x00007ff99f900000 - 0x00007ff99fb9a000 	C:\WINDOWS\WinSxS\amd64_microsoft.windows.common-controls_6595b64144ccf1df_6.0.19041.1110_none_60b5254171f9507e\COMCTL32.dll
0x00007ff9b0e90000 - 0x00007ff9b0ebb000 	C:\WINDOWS\System32\GDI32.dll
0x00007ff9b0210000 - 0x00007ff9b02ae000 	C:\WINDOWS\System32\msvcrt.dll
0x00007ff9aea40000 - 0x00007ff9aeb4d000 	C:\WINDOWS\System32\gdi32full.dll
0x00007ff9ae810000 - 0x00007ff9ae8ad000 	C:\WINDOWS\System32\msvcp_win.dll
0x00007ff9b0a90000 - 0x00007ff9b0ac0000 	C:\WINDOWS\System32\IMM32.DLL
0x00007ff976b40000 - 0x00007ff976bdd000 	C:\Program Files\Android\Android Studio2\jre\bin\msvcp140.dll
0x00007ff921c90000 - 0x00007ff922765000 	C:\Program Files\Android\Android Studio2\jre\bin\server\jvm.dll
0x00007ff9aefc0000 - 0x00007ff9af06e000 	C:\WINDOWS\System32\ADVAPI32.dll
0x00007ff9b0c50000 - 0x00007ff9b0cec000 	C:\WINDOWS\System32\sechost.dll
0x00007ff9b02b0000 - 0x00007ff9b03d5000 	C:\WINDOWS\System32\RPCRT4.dll
0x00007ff9afc50000 - 0x00007ff9afc58000 	C:\WINDOWS\System32\PSAPI.DLL
0x00007ff99e590000 - 0x00007ff99e599000 	C:\WINDOWS\SYSTEM32\WSOCK32.dll
0x00007ff9b0ec0000 - 0x00007ff9b0f2b000 	C:\WINDOWS\System32\WS2_32.dll
0x00007ff9a6690000 - 0x00007ff9a66b7000 	C:\WINDOWS\SYSTEM32\WINMM.dll
0x00007ff9a7210000 - 0x00007ff9a721a000 	C:\WINDOWS\SYSTEM32\VERSION.dll
0x00007ff9ac570000 - 0x00007ff9ac582000 	C:\WINDOWS\SYSTEM32\kernel.appcore.dll
0x00007ff9aa030000 - 0x00007ff9aa041000 	C:\Program Files\Android\Android Studio2\jre\bin\verify.dll
0x00007ff99fe80000 - 0x00007ff9a0064000 	C:\WINDOWS\SYSTEM32\DBGHELP.DLL
0x00007ff99fe50000 - 0x00007ff99fe7c000 	C:\WINDOWS\SYSTEM32\dbgcore.DLL
0x00007ff9ae8b0000 - 0x00007ff9ae932000 	C:\WINDOWS\System32\bcryptPrimitives.dll
0x00007ff9a9550000 - 0x00007ff9a9579000 	C:\Program Files\Android\Android Studio2\jre\bin\java.dll
0x00007ff9aa0f0000 - 0x00007ff9aa0fb000 	C:\Program Files\Android\Android Studio2\jre\bin\jimage.dll
0x00007ff9a9530000 - 0x00007ff9a9548000 	C:\Program Files\Android\Android Studio2\jre\bin\zip.dll
0x00007ff9af430000 - 0x00007ff9afb74000 	C:\WINDOWS\System32\SHELL32.dll
0x00007ff9ac770000 - 0x00007ff9acf04000 	C:\WINDOWS\SYSTEM32\windows.storage.dll
0x00007ff9b0610000 - 0x00007ff9b0965000 	C:\WINDOWS\System32\combase.dll
0x00007ff9ae0d0000 - 0x00007ff9ae0fe000 	C:\WINDOWS\SYSTEM32\Wldp.dll
0x00007ff9b0160000 - 0x00007ff9b020d000 	C:\WINDOWS\System32\SHCORE.dll
0x00007ff9b0ac0000 - 0x00007ff9b0b15000 	C:\WINDOWS\System32\shlwapi.dll
0x00007ff9ae5c0000 - 0x00007ff9ae5df000 	C:\WINDOWS\SYSTEM32\profapi.dll
0x00007ff9a94f0000 - 0x00007ff9a950a000 	C:\Program Files\Android\Android Studio2\jre\bin\net.dll
0x00007ff99ef50000 - 0x00007ff99f05c000 	C:\WINDOWS\SYSTEM32\WINHTTP.dll
0x00007ff9ade30000 - 0x00007ff9ade9a000 	C:\WINDOWS\system32\mswsock.dll
0x00007ff9a94b0000 - 0x00007ff9a94c4000 	C:\Program Files\Android\Android Studio2\jre\bin\nio.dll
0x00007ff9a7e00000 - 0x00007ff9a7e27000 	C:\Users\husey\.gradle\native\8bec1ad78214c89d9ad589b4d07fe93259594b29d510b10fafb7a158f7737e5d\windows-amd64\native-platform.dll
0x00007ff9621c0000 - 0x00007ff9622fd000 	C:\Users\husey\.gradle\native\53dbd7edfb1c66fb8903c78663c9afc45aea4f116125fa6feffd364cf09443e8\windows-amd64\native-platform-file-events.dll
0x00007ff9a9520000 - 0x00007ff9a952a000 	C:\Program Files\Android\Android Studio2\jre\bin\management.dll
0x00007ff9a94e0000 - 0x00007ff9a94ed000 	C:\Program Files\Android\Android Studio2\jre\bin\management_ext.dll
0x00007ff9ae030000 - 0x00007ff9ae048000 	C:\WINDOWS\SYSTEM32\CRYPTSP.dll
0x00007ff9ad740000 - 0x00007ff9ad774000 	C:\WINDOWS\system32\rsaenh.dll
0x00007ff9ae7e0000 - 0x00007ff9ae807000 	C:\WINDOWS\System32\bcrypt.dll
0x00007ff9ae580000 - 0x00007ff9ae5ae000 	C:\WINDOWS\SYSTEM32\USERENV.dll
0x00007ff9ae020000 - 0x00007ff9ae02c000 	C:\WINDOWS\SYSTEM32\CRYPTBASE.dll
0x00007ff9adad0000 - 0x00007ff9adb0b000 	C:\WINDOWS\SYSTEM32\IPHLPAPI.DLL
0x00007ff9b0b20000 - 0x00007ff9b0b28000 	C:\WINDOWS\System32\NSI.dll
0x00007ff9a7850000 - 0x00007ff9a7867000 	C:\WINDOWS\SYSTEM32\dhcpcsvc6.DLL
0x00007ff9a7d00000 - 0x00007ff9a7d1d000 	C:\WINDOWS\SYSTEM32\dhcpcsvc.DLL
0x00007ff9adb10000 - 0x00007ff9adbdb000 	C:\WINDOWS\SYSTEM32\DNSAPI.dll

dbghelp: loaded successfully - version: 4.0.5 - missing functions: none
symbol engine: initialized successfully - sym options: 0x614 - pdb path: .;C:\Program Files\Android\Android Studio2\jre\bin;C:\WINDOWS\SYSTEM32;C:\WINDOWS\WinSxS\amd64_microsoft.windows.common-controls_6595b64144ccf1df_6.0.19041.1110_none_60b5254171f9507e;C:\Program Files\Android\Android Studio2\jre\bin\server;C:\Users\husey\.gradle\native\8bec1ad78214c89d9ad589b4d07fe93259594b29d510b10fafb7a158f7737e5d\windows-amd64;C:\Users\husey\.gradle\native\53dbd7edfb1c66fb8903c78663c9afc45aea4f116125fa6feffd364cf09443e8\windows-amd64

VM Arguments:
jvm_args: --add-opens=java.base/java.util=ALL-UNNAMED --add-opens=java.base/java.lang=ALL-UNNAMED --add-opens=java.base/java.lang.invoke=ALL-UNNAMED --add-opens=java.base/java.util=ALL-UNNAMED --add-opens=java.prefs/java.util.prefs=ALL-UNNAMED --add-opens=java.prefs/java.util.prefs=ALL-UNNAMED --add-opens=java.base/java.nio.charset=ALL-UNNAMED --add-opens=java.base/java.net=ALL-UNNAMED --add-opens=java.base/java.util.concurrent.atomic=ALL-UNNAMED -Xmx2048m -Dfile.encoding=UTF-8 -Duser.country=TR -Duser.language=tr -Duser.variant 
java_command: org.gradle.launcher.daemon.bootstrap.GradleDaemon 7.0.2
java_class_path (initial): C:\Users\husey\.gradle\wrapper\dists\gradle-7.0.2-bin\857tjihv64xamwrf0h14cai3r\gradle-7.0.2\lib\gradle-launcher-7.0.2.jar
Launcher Type: SUN_STANDARD

[Global flags]
     intx CICompilerCount                          = 4                                         {product} {ergonomic}
     uint ConcGCThreads                            = 2                                         {product} {ergonomic}
     uint G1ConcRefinementThreads                  = 8                                         {product} {ergonomic}
   size_t G1HeapRegionSize                         = 1048576                                   {product} {ergonomic}
    uintx GCDrainStackTargetSize                   = 64                                        {product} {ergonomic}
   size_t InitialHeapSize                          = 134217728                                 {product} {ergonomic}
   size_t MarkStackSize                            = 4194304                                   {product} {ergonomic}
   size_t MaxHeapSize                              = 2147483648                                {product} {command line}
   size_t MaxNewSize                               = 1287651328                                {product} {ergonomic}
   size_t MinHeapDeltaBytes                        = 1048576                                   {product} {ergonomic}
    uintx NonNMethodCodeHeapSize                   = 5836300                                {pd product} {ergonomic}
    uintx NonProfiledCodeHeapSize                  = 122910970                              {pd product} {ergonomic}
    uintx ProfiledCodeHeapSize                     = 122910970                              {pd product} {ergonomic}
    uintx ReservedCodeCacheSize                    = 251658240                              {pd product} {ergonomic}
     bool SegmentedCodeCache                       = true                                      {product} {ergonomic}
     bool UseCompressedClassPointers               = true                                 {lp64_product} {ergonomic}
     bool UseCompressedOops                        = true                                 {lp64_product} {ergonomic}
     bool UseG1GC                                  = true                                      {product} {ergonomic}
     bool UseLargePagesIndividualAllocation        = false                                  {pd product} {ergonomic}

Logging:
Log output configuration:
 #0: stdout all=warning uptime,level,tags
 #1: stderr all=off uptime,level,tags

Environment Variables:
PATH=C:\Python310\Scripts\;C:\Python310\;C:\Program Files (x86)\Intel\Intel(R) Management Engine Components\iCLS\;C:\Program Files\Intel\Intel(R) Management Engine Components\iCLS\;C:\Windows\system32;C:\Windows;C:\Windows\System32\Wbem;C:\Windows\System32\WindowsPowerShell\v1.0\;C:\Windows\System32\OpenSSH\;C:\Program Files (x86)\Intel\Intel(R) Management Engine Components\DAL;C:\Program Files\Intel\Intel(R) Management Engine Components\DAL;C:\Program Files (x86)\NVIDIA Corporation\PhysX\Common;C:\Program Files\Java\jdk-14\bin;C:\Users\husey\AppData\Local\Android\Sdk;C:\Program Files\Java\jdk-14.0.1\bin;C:\WINDOWS\system32;C:\WINDOWS;C:\WINDOWS\System32\Wbem;C:\WINDOWS\System32\WindowsPowerShell\v1.0\;C:\WINDOWS\System32\OpenSSH\;C:\Program Files\dotnet\;C:\Program Files\Microsoft SQL Server\Client SDK\ODBC\170\Tools\Binn\;C:\Program Files (x86)\Microsoft SQL Server\150\Tools\Binn\;C:\Program Files\Microsoft SQL Server\150\Tools\Binn\;C:\Program Files\Microsoft SQL Server\150\DTS\Binn\;C:\Program Files (x86)\Microsoft SQL Server\150\DTS\Binn\;C:\Program Files\Azure Data Studio\bin;C:\ProgramData\chocolatey\bin;C:\Program Files\nodejs\;C:\Program Files\Git\cmd;C:\Program Files\Microsoft SQL Server\130\Tools\Binn\;C:\Program Files (x86)\dotnet\;C:\Users\husey\AppData\Local\Microsoft\WindowsApps;C:\Users\husey\.dotnet\tools;C:\Users\husey\AppData\Local\GitHubDesktop\bin;C:\Program Files\Azure Data Studio\bin;C:\Users\husey\AppData\Local\Programs\Microsoft VS Code\bin;C:\Users\husey\AppData\Roaming\npm
USERNAME=husey
OS=Windows_NT
PROCESSOR_IDENTIFIER=Intel64 Family 6 Model 142 Stepping 10, GenuineIntel



---------------  S Y S T E M  ---------------

OS: Windows 10 , 64 bit Build 19041 (10.0.19041.1503)
OS uptime: 1 days 19:12 hours

CPU:total 8 (initial active 8) (4 cores per cpu, 2 threads per core) family 6 model 142 stepping 10 microcode 0xb4, cmov, cx8, fxsr, mmx, sse, sse2, sse3, ssse3, sse4.1, sse4.2, popcnt, avx, avx2, aes, clmul, erms, 3dnowpref, lzcnt, ht, tsc, tscinvbit, bmi1, bmi2, adx, fma

Memory: 4k page, system-wide physical 8101M (537M free)
TotalPageFile size 16599M (AvailPageFile size 1M)
current process WorkingSet (physical memory assigned to process): 441M, peak: 451M
current process commit charge ("private bytes"): 489M, peak: 497M

vm_info: OpenJDK 64-Bit Server VM (11.0.11+9-b60-7590822) for windows-amd64 JRE (11.0.11+9-b60-7590822), built on Jul 29 2021 21:43:44 by "builder" with MS VC++ 14.0 (VS2015)

END.
