#
# There is insufficient memory for the Java Runtime Environment to continue.
# Native memory allocation (mmap) failed to map 376438784 bytes for Failed to commit area from 0x0000000091a00000 to 0x00000000a8100000 of length 376438784.
# Possible reasons:
#   The system is out of physical RAM or swap space
#   The process is running with CompressedOops enabled, and the Java Heap may be blocking the growth of the native heap
# Possible solutions:
#   Reduce memory load on the system
#   Increase physical memory or swap space
#   Check if swap backing store is full
#   Decrease Java heap size (-Xmx/-Xms)
#   Decrease number of Java threads
#   Decrease Java thread stack sizes (-Xss)
#   Set larger code cache with -XX:ReservedCodeCacheSize=
#   JVM is running with Unscaled Compressed Oops mode in which the Java heap is
#     placed in the first 4GB address space. The Java Heap base address is the
#     maximum limit for the native heap growth. Please use -XX:HeapBaseMinAddress
#     to set the Java Heap base and to place the Java Heap above 4GB virtual address.
# This output file may be truncated or incomplete.
#
#  Out of Memory Error (./src/hotspot/os/windows/os_windows.cpp:3301), pid=20096, tid=26388
#
# JRE version: OpenJDK Runtime Environment (11.0.11+9) (build 11.0.11+9-b60-7590822)
# Java VM: OpenJDK 64-Bit Server VM (11.0.11+9-b60-7590822, mixed mode, tiered, compressed oops, g1 gc, windows-amd64)
# No core dump will be written. Minidumps are not enabled by default on client versions of Windows
#

---------------  S U M M A R Y ------------

Command Line: --add-opens=java.base/java.util=ALL-UNNAMED --add-opens=java.base/java.lang=ALL-UNNAMED --add-opens=java.base/java.lang.invoke=ALL-UNNAMED --add-opens=java.base/java.util=ALL-UNNAMED --add-opens=java.prefs/java.util.prefs=ALL-UNNAMED --add-opens=java.prefs/java.util.prefs=ALL-UNNAMED --add-opens=java.base/java.nio.charset=ALL-UNNAMED --add-opens=java.base/java.net=ALL-UNNAMED --add-opens=java.base/java.util.concurrent.atomic=ALL-UNNAMED -Xmx2048m -Dfile.encoding=UTF-8 -Duser.country=TR -Duser.language=tr -Duser.variant org.gradle.launcher.daemon.bootstrap.GradleDaemon 7.0.2

Host: Intel(R) Core(TM) i5-8250U CPU @ 1.60GHz, 8 cores, 7G,  Windows 10 , 64 bit Build 19041 (10.0.19041.1503)
Time: Tue Mar  8 18:07:53 2022 Türkiye Standart Saati elapsed time: 42.170085 seconds (0d 0h 0m 42s)

---------------  T H R E A D  ---------------

Current thread (0x000002d1b137b800):  VMThread "VM Thread" [stack: 0x000000d381400000,0x000000d381500000] [id=26388]

Stack: [0x000000d381400000,0x000000d381500000]
[error occurred during error reporting (printing stack bounds), id 0xc0000005, EXCEPTION_ACCESS_VIOLATION (0xc0000005) at pc=0x000002d19a230f2d]

Native frames: (J=compiled Java code, j=interpreted, Vv=VM code, C=native code)
V  [jvm.dll+0x5f214a]
V  [jvm.dll+0x726fb5]
V  [jvm.dll+0x7285cd]
V  [jvm.dll+0x728be5]
V  [jvm.dll+0x728b9b]
V  [jvm.dll+0x5f14e8]
V  [jvm.dll+0x5f1c78]
C  [ntdll.dll+0xa20cf]
C  [ntdll.dll+0x51454]
C  [ntdll.dll+0xa0bfe]
C  0x000002d19a230f2d

VM_Operation (0x000000d3847f8e60): G1CollectForAllocation, mode: safepoint, requested by thread 0x000002d1b539e000


---------------  P R O C E S S  ---------------

Threads class SMR info:
_java_thread_list=0x000002d1bc321f20, length=63, elements={
0x000002d194f63000, 0x000002d1b137e000, 0x000002d1b1381000, 0x000002d1b139f800,
0x000002d1b13a0800, 0x000002d1b13a1800, 0x000002d1b13a4800, 0x000002d1b13a8000,
0x000002d1b13ab000, 0x000002d1b1e55000, 0x000002d1b32ab800, 0x000002d1b3cd9800,
0x000002d1b2d2f800, 0x000002d1b342d000, 0x000002d1b3f61800, 0x000002d1b3ccb800,
0x000002d1b2d2a800, 0x000002d1b4037000, 0x000002d1b384d000, 0x000002d1b4870800,
0x000002d1b4871000, 0x000002d1b4872000, 0x000002d1b4873000, 0x000002d1b4873800,
0x000002d1b486e000, 0x000002d1b4874800, 0x000002d1b486f000, 0x000002d1b486f800,
0x000002d1b5391000, 0x000002d1b5392000, 0x000002d1b538f800, 0x000002d1b5394800,
0x000002d1b5395000, 0x000002d1b5397800, 0x000002d1b539b000, 0x000002d1b539c000,
0x000002d1b539c800, 0x000002d1b5397000, 0x000002d1b5399800, 0x000002d1b539d800,
0x000002d1b539e000, 0x000002d1b5398800, 0x000002d1b539a000, 0x000002d1b3547000,
0x000002d1b3549800, 0x000002d1b3548800, 0x000002d1b354b000, 0x000002d1b3545800,
0x000002d1b354a800, 0x000002d1b3548000, 0x000002d1b354d800, 0x000002d1b354d000,
0x000002d1b3551800, 0x000002d1b354f000, 0x000002d1b3551000, 0x000002d1b354c000,
0x000002d1b3550000, 0x000002d1b3554000, 0x000002d1b3553800, 0x000002d1b3552800,
0x000002d1b354e800, 0x000002d1b5e6a000, 0x000002d1b5e66000
}

Java Threads: ( => current thread )
  0x000002d194f63000 JavaThread "main" [_thread_blocked, id=25740, stack(0x000000d380e00000,0x000000d380f00000)]
  0x000002d1b137e000 JavaThread "Reference Handler" daemon [_thread_blocked, id=25032, stack(0x000000d381500000,0x000000d381600000)]
  0x000002d1b1381000 JavaThread "Finalizer" daemon [_thread_blocked, id=18668, stack(0x000000d381600000,0x000000d381700000)]
  0x000002d1b139f800 JavaThread "Signal Dispatcher" daemon [_thread_blocked, id=23380, stack(0x000000d381700000,0x000000d381800000)]
  0x000002d1b13a0800 JavaThread "Attach Listener" daemon [_thread_blocked, id=13228, stack(0x000000d381800000,0x000000d381900000)]
  0x000002d1b13a1800 JavaThread "Service Thread" daemon [_thread_blocked, id=8804, stack(0x000000d381900000,0x000000d381a00000)]
  0x000002d1b13a4800 JavaThread "C2 CompilerThread0" daemon [_thread_blocked, id=13476, stack(0x000000d381a00000,0x000000d381b00000)]
  0x000002d1b13a8000 JavaThread "C1 CompilerThread0" daemon [_thread_blocked, id=20488, stack(0x000000d381b00000,0x000000d381c00000)]
  0x000002d1b13ab000 JavaThread "Sweeper thread" daemon [_thread_blocked, id=3160, stack(0x000000d381c00000,0x000000d381d00000)]
  0x000002d1b1e55000 JavaThread "Common-Cleaner" daemon [_thread_blocked, id=7740, stack(0x000000d381d00000,0x000000d381e00000)]
  0x000002d1b32ab800 JavaThread "Daemon health stats" [_thread_blocked, id=25060, stack(0x000000d382200000,0x000000d382300000)]
  0x000002d1b3cd9800 JavaThread "Incoming local TCP Connector on port 63958" [_thread_in_native, id=25720, stack(0x000000d381f00000,0x000000d382000000)]
  0x000002d1b2d2f800 JavaThread "Daemon periodic checks" [_thread_blocked, id=21436, stack(0x000000d382300000,0x000000d382400000)]
  0x000002d1b342d000 JavaThread "Daemon" [_thread_blocked, id=4852, stack(0x000000d382400000,0x000000d382500000)]
  0x000002d1b3f61800 JavaThread "Handler for socket connection from /127.0.0.1:63958 to /127.0.0.1:63959" [_thread_in_native, id=18652, stack(0x000000d382500000,0x000000d382600000)]
  0x000002d1b3ccb800 JavaThread "Cancel handler" [_thread_blocked, id=24520, stack(0x000000d382600000,0x000000d382700000)]
  0x000002d1b2d2a800 JavaThread "Daemon worker" [_thread_blocked, id=3168, stack(0x000000d382700000,0x000000d382800000)]
  0x000002d1b4037000 JavaThread "Asynchronous log dispatcher for DefaultDaemonConnection: socket connection from /127.0.0.1:63958 to /127.0.0.1:63959" [_thread_blocked, id=11848, stack(0x000000d382900000,0x000000d382a00000)]
  0x000002d1b384d000 JavaThread "Stdin handler" [_thread_blocked, id=20032, stack(0x000000d382a00000,0x000000d382b00000)]
  0x000002d1b4870800 JavaThread "Daemon client event forwarder" [_thread_blocked, id=25004, stack(0x000000d382b00000,0x000000d382c00000)]
  0x000002d1b4871000 JavaThread "Cache worker for file hash cache (C:\Users\husey\.gradle\caches\7.0.2\fileHashes)" [_thread_blocked, id=25088, stack(0x000000d382800000,0x000000d382900000)]
  0x000002d1b4872000 JavaThread "File lock request listener" [_thread_in_native, id=8412, stack(0x000000d383200000,0x000000d383300000)]
  0x000002d1b4873000 JavaThread "Cache worker for journal cache (C:\Users\husey\.gradle\caches\journal-1)" [_thread_blocked, id=24672, stack(0x000000d383400000,0x000000d383500000)]
  0x000002d1b4873800 JavaThread "Cache worker for file hash cache (C:\Users\husey\Desktop\yolarkadasim\.gradle\7.0.2\fileHashes)" [_thread_blocked, id=11556, stack(0x000000d383600000,0x000000d383700000)]
  0x000002d1b486e000 JavaThread "File watcher server" daemon [_thread_blocked, id=23208, stack(0x000000d383700000,0x000000d383800000)]
  0x000002d1b4874800 JavaThread "File watcher consumer" daemon [_thread_blocked, id=20760, stack(0x000000d383800000,0x000000d383900000)]
  0x000002d1b486f000 JavaThread "Cache worker for checksums cache (C:\Users\husey\Desktop\yolarkadasim\.gradle\checksums)" [_thread_blocked, id=24824, stack(0x000000d383900000,0x000000d383a00000)]
  0x000002d1b486f800 JavaThread "Cache worker for cache directory md-supplier (C:\Users\husey\.gradle\caches\7.0.2\md-supplier)" [_thread_blocked, id=20352, stack(0x000000d383a00000,0x000000d383b00000)]
  0x000002d1b5391000 JavaThread "Cache worker for cache directory md-rule (C:\Users\husey\.gradle\caches\7.0.2\md-rule)" [_thread_blocked, id=20972, stack(0x000000d383b00000,0x000000d383c00000)]
  0x000002d1b5392000 JavaThread "Cache worker for execution history cache (C:\Users\husey\.gradle\caches\7.0.2\executionHistory)" [_thread_blocked, id=2980, stack(0x000000d383c00000,0x000000d383d00000)]
  0x000002d1b538f800 JavaThread "jar transforms" [_thread_blocked, id=25256, stack(0x000000d383e00000,0x000000d383f00000)]
  0x000002d1b5394800 JavaThread "jar transforms Thread 2" [_thread_blocked, id=19816, stack(0x000000d383f00000,0x000000d384000000)]
  0x000002d1b5395000 JavaThread "Cache worker for file content cache (C:\Users\husey\.gradle\caches\7.0.2\fileContent)" [_thread_blocked, id=25764, stack(0x000000d384000000,0x000000d384100000)]
  0x000002d1b5397800 JavaThread "Cache worker for dependencies-accessors (C:\Users\husey\Desktop\yolarkadasim\.gradle\7.0.2\dependencies-accessors)" [_thread_blocked, id=24200, stack(0x000000d384100000,0x000000d384200000)]
  0x000002d1b539b000 JavaThread "jar transforms Thread 3" [_thread_blocked, id=9972, stack(0x000000d384200000,0x000000d384300000)]
  0x000002d1b539c000 JavaThread "Cache worker for Build Output Cleanup Cache (C:\Users\husey\Desktop\yolarkadasim\.gradle\buildOutputCleanup)" [_thread_blocked, id=5016, stack(0x000000d383500000,0x000000d383600000)]
  0x000002d1b539c800 JavaThread "Build operations" [_thread_blocked, id=20052, stack(0x000000d384300000,0x000000d384400000)]
  0x000002d1b5397000 JavaThread "Build operations Thread 2" [_thread_blocked, id=18768, stack(0x000000d384400000,0x000000d384500000)]
  0x000002d1b5399800 JavaThread "Build operations Thread 3" [_thread_blocked, id=22376, stack(0x000000d384500000,0x000000d384600000)]
  0x000002d1b539d800 JavaThread "Build operations Thread 4" [_thread_blocked, id=11552, stack(0x000000d384600000,0x000000d384700000)]
  0x000002d1b539e000 JavaThread "Build operations Thread 5" [_thread_blocked, id=24188, stack(0x000000d384700000,0x000000d384800000)]
  0x000002d1b5398800 JavaThread "Build operations Thread 6" [_thread_blocked, id=7764, stack(0x000000d384800000,0x000000d384900000)]
  0x000002d1b539a000 JavaThread "Build operations Thread 7" [_thread_blocked, id=22924, stack(0x000000d384900000,0x000000d384a00000)]
  0x000002d1b3547000 JavaThread "Build operations Thread 8" [_thread_blocked, id=11212, stack(0x000000d384a00000,0x000000d384b00000)]
  0x000002d1b3549800 JavaThread "jar transforms Thread 4" [_thread_blocked, id=24584, stack(0x000000d384c00000,0x000000d384d00000)]
  0x000002d1b3548800 JavaThread "jar transforms Thread 5" [_thread_blocked, id=612, stack(0x000000d384d00000,0x000000d384e00000)]
  0x000002d1b354b000 JavaThread "jar transforms Thread 6" [_thread_blocked, id=26468, stack(0x000000d384e00000,0x000000d384f00000)]
  0x000002d1b3545800 JavaThread "jar transforms Thread 7" [_thread_blocked, id=8160, stack(0x000000d384f00000,0x000000d385000000)]
  0x000002d1b354a800 JavaThread "jar transforms Thread 8" [_thread_blocked, id=23704, stack(0x000000d385000000,0x000000d385100000)]
  0x000002d1b3548000 JavaThread "Memory manager" [_thread_blocked, id=13696, stack(0x000000d384b00000,0x000000d384c00000)]
  0x000002d1b354d800 JavaThread "C2 CompilerThread1" daemon [_thread_in_native, id=19436, stack(0x000000d380c00000,0x000000d380d00000)]
  0x000002d1b354d000 JavaThread "build event listener" [_thread_blocked, id=3884, stack(0x000000d383d00000,0x000000d383e00000)]
  0x000002d1b3551800 JavaThread "pool-3-thread-1" [_thread_blocked, id=13268, stack(0x000000d385100000,0x000000d385200000)]
  0x000002d1b354f000 JavaThread "build event listener" [_thread_blocked, id=8940, stack(0x000000d385200000,0x000000d385300000)]
  0x000002d1b3551000 JavaThread "Execution worker for ':'" [_thread_blocked, id=1736, stack(0x000000d385300000,0x000000d385400000)]
  0x000002d1b354c000 JavaThread "Execution worker for ':' Thread 2" [_thread_blocked, id=25568, stack(0x000000d385400000,0x000000d385500000)]
  0x000002d1b3550000 JavaThread "Execution worker for ':' Thread 3" [_thread_blocked, id=1168, stack(0x000000d385500000,0x000000d385600000)]
  0x000002d1b3554000 JavaThread "Execution worker for ':' Thread 4" [_thread_blocked, id=9388, stack(0x000000d385600000,0x000000d385700000)]
  0x000002d1b3553800 JavaThread "Execution worker for ':' Thread 5" [_thread_blocked, id=17028, stack(0x000000d385700000,0x000000d385800000)]
  0x000002d1b3552800 JavaThread "Execution worker for ':' Thread 6" [_thread_blocked, id=3940, stack(0x000000d385800000,0x000000d385900000)]
  0x000002d1b354e800 JavaThread "Execution worker for ':' Thread 7" [_thread_blocked, id=9740, stack(0x000000d385900000,0x000000d385a00000)]
  0x000002d1b5e6a000 JavaThread "Cache worker for execution history cache (C:\Users\husey\Desktop\yolarkadasim\.gradle\7.0.2\executionHistory)" [_thread_blocked, id=26012, stack(0x000000d385a00000,0x000000d385b00000)]
  0x000002d1b5e66000 JavaThread "WorkerExecutor Queue" [_thread_blocked, id=23880, stack(0x000000d385d00000,0x000000d385e00000)]

Other Threads:
=>0x000002d1b137b800 VMThread "VM Thread" [stack: 0x000000d381400000,0x000000d381500000] [id=26388]
  0x000002d1b1e5d800 WatcherThread [stack: 0x000000d381e00000,0x000000d381f00000] [id=19672]
  0x000002d194f0e000 GCTaskThread "GC Thread#0" [stack: 0x000000d380f00000,0x000000d381000000] [id=21840]
  0x000002d1b29e5000 GCTaskThread "GC Thread#1" [stack: 0x000000d382000000,0x000000d382100000] [id=22172]
  0x000002d1b2ccb800 GCTaskThread "GC Thread#2" [stack: 0x000000d382100000,0x000000d382200000] [id=18040]
  0x000002d1b4307800 GCTaskThread "GC Thread#3" [stack: 0x000000d382c00000,0x000000d382d00000] [id=22364]
  0x000002d1b2e38000 GCTaskThread "GC Thread#4" [stack: 0x000000d382d00000,0x000000d382e00000] [id=18092]
  0x000002d1b2d1d800 GCTaskThread "GC Thread#5" [stack: 0x000000d382e00000,0x000000d382f00000] [id=20780]
  0x000002d1b459c000 GCTaskThread "GC Thread#6" [stack: 0x000000d382f00000,0x000000d383000000] [id=15408]
  0x000002d1b459f000 GCTaskThread "GC Thread#7" [stack: 0x000000d383000000,0x000000d383100000] [id=12028]
  0x000002d194fa9000 ConcurrentGCThread "G1 Main Marker" [stack: 0x000000d381000000,0x000000d381100000] [id=12852]
  0x000002d194faa000 ConcurrentGCThread "G1 Conc#0" [stack: 0x000000d381100000,0x000000d381200000] [id=22552]
  0x000002d1b30cf800 ConcurrentGCThread "G1 Conc#1" [stack: 0x000000d383300000,0x000000d383400000] [id=9484]
  0x000002d195035000 ConcurrentGCThread "G1 Refine#0" [stack: 0x000000d381200000,0x000000d381300000] [id=25528]
  0x000002d1b223e800 ConcurrentGCThread "G1 Refine#1" [stack: 0x000000d383100000,0x000000d383200000] [id=5004]
  0x000002d1b11d0800 ConcurrentGCThread "G1 Young RemSet Sampling" [stack: 0x000000d381300000,0x000000d381400000] [id=14960]

Threads with active compile tasks:
C2 CompilerThread0  42222 11782  s!   4       jdk.internal.loader.URLClassPath::getLoader (194 bytes)
C2 CompilerThread1  42222 11682       4       com.android.tools.r8.internal.U6::a (4191 bytes)

VM state:at safepoint (normal execution)

VM Mutex/Monitor currently owned by a thread:  ([mutex/lock_event])
[0x000002d194f5fdf0] Threads_lock - owner thread: 0x000002d1b137b800
[0x000002d194f60270] Heap_lock - owner thread: 0x000002d1b539e000

Heap address: 0x0000000080000000, size: 2048 MB, Compressed Oops mode: 32-bit
Narrow klass base: 0x0000000000000000, Narrow klass shift: 3
Compressed class space size: 1073741824 Address: 0x0000000100000000

Heap:
 garbage-first heap   total 656384K, used 158720K [0x0000000080000000, 0x0000000100000000)
  region size 1024K, 8 young (8192K), 8 survivors (8192K)
 Metaspace       used 94525K, capacity 96877K, committed 97100K, reserved 1132544K
  class space    used 12156K, capacity 13043K, committed 13132K, reserved 1048576K
Heap Regions: E=young(eden), S=young(survivor), O=old, HS=humongous(starts), HC=humongous(continues), CS=collection set, F=free, A=archive, TAMS=top-at-mark-start (previous, next)
|   0|0x0000000080000000, 0x0000000080100000, 0x0000000080100000|100%| O|  |TAMS 0x0000000080100000, 0x0000000080100000| Untracked 
|   1|0x0000000080100000, 0x0000000080200000, 0x0000000080200000|100%| O|  |TAMS 0x0000000080200000, 0x0000000080200000| Untracked 
|   2|0x0000000080200000, 0x0000000080300000, 0x0000000080300000|100%| O|  |TAMS 0x0000000080300000, 0x0000000080300000| Untracked 
|   3|0x0000000080300000, 0x0000000080400000, 0x0000000080400000|100%|HS|  |TAMS 0x0000000080400000, 0x0000000080400000| Complete 
|   4|0x0000000080400000, 0x0000000080500000, 0x0000000080500000|100%|HC|  |TAMS 0x0000000080500000, 0x0000000080500000| Complete 
|   5|0x0000000080500000, 0x0000000080600000, 0x0000000080600000|100%|HC|  |TAMS 0x0000000080600000, 0x0000000080600000| Complete 
|   6|0x0000000080600000, 0x0000000080700000, 0x0000000080700000|100%| O|  |TAMS 0x0000000080700000, 0x0000000080700000| Untracked 
|   7|0x0000000080700000, 0x0000000080800000, 0x0000000080800000|100%| O|  |TAMS 0x0000000080800000, 0x0000000080800000| Untracked 
|   8|0x0000000080800000, 0x0000000080900000, 0x0000000080900000|100%| O|  |TAMS 0x0000000080900000, 0x0000000080900000| Untracked 
|   9|0x0000000080900000, 0x0000000080a00000, 0x0000000080a00000|100%| O|  |TAMS 0x0000000080a00000, 0x0000000080a00000| Untracked 
|  10|0x0000000080a00000, 0x0000000080b00000, 0x0000000080b00000|100%| O|  |TAMS 0x0000000080b00000, 0x0000000080b00000| Untracked 
|  11|0x0000000080b00000, 0x0000000080c00000, 0x0000000080c00000|100%| O|  |TAMS 0x0000000080c00000, 0x0000000080c00000| Untracked 
|  12|0x0000000080c00000, 0x0000000080d00000, 0x0000000080d00000|100%| O|  |TAMS 0x0000000080d00000, 0x0000000080d00000| Untracked 
|  13|0x0000000080d00000, 0x0000000080e00000, 0x0000000080e00000|100%| O|  |TAMS 0x0000000080e00000, 0x0000000080e00000| Untracked 
|  14|0x0000000080e00000, 0x0000000080f00000, 0x0000000080f00000|100%| O|  |TAMS 0x0000000080f00000, 0x0000000080f00000| Untracked 
|  15|0x0000000080f00000, 0x0000000081000000, 0x0000000081000000|100%| O|  |TAMS 0x0000000081000000, 0x0000000081000000| Untracked 
|  16|0x0000000081000000, 0x0000000081100000, 0x0000000081100000|100%| O|  |TAMS 0x0000000081100000, 0x0000000081100000| Untracked 
|  17|0x0000000081100000, 0x0000000081200000, 0x0000000081200000|100%| O|  |TAMS 0x0000000081200000, 0x0000000081200000| Untracked 
|  18|0x0000000081200000, 0x0000000081300000, 0x0000000081300000|100%|HS|  |TAMS 0x0000000081300000, 0x0000000081300000| Complete 
|  19|0x0000000081300000, 0x0000000081400000, 0x0000000081400000|100%| O|  |TAMS 0x0000000081400000, 0x0000000081400000| Untracked 
|  20|0x0000000081400000, 0x0000000081500000, 0x0000000081500000|100%| O|  |TAMS 0x0000000081500000, 0x0000000081500000| Untracked 
|  21|0x0000000081500000, 0x0000000081600000, 0x0000000081600000|100%| O|  |TAMS 0x0000000081600000, 0x0000000081600000| Untracked 
|  22|0x0000000081600000, 0x0000000081700000, 0x0000000081700000|100%| O|  |TAMS 0x0000000081700000, 0x0000000081700000| Untracked 
|  23|0x0000000081700000, 0x0000000081800000, 0x0000000081800000|100%|HS|  |TAMS 0x0000000081800000, 0x0000000081800000| Complete 
|  24|0x0000000081800000, 0x0000000081900000, 0x0000000081900000|100%| O|  |TAMS 0x0000000081900000, 0x0000000081900000| Untracked 
|  25|0x0000000081900000, 0x0000000081a00000, 0x0000000081a00000|100%| O|  |TAMS 0x0000000081a00000, 0x0000000081a00000| Untracked 
|  26|0x0000000081a00000, 0x0000000081b00000, 0x0000000081b00000|100%| O|  |TAMS 0x0000000081b00000, 0x0000000081b00000| Untracked 
|  27|0x0000000081b00000, 0x0000000081c00000, 0x0000000081c00000|100%| O|  |TAMS 0x0000000081c00000, 0x0000000081c00000| Untracked 
|  28|0x0000000081c00000, 0x0000000081d00000, 0x0000000081d00000|100%|HS|  |TAMS 0x0000000081d00000, 0x0000000081d00000| Complete 
|  29|0x0000000081d00000, 0x0000000081e00000, 0x0000000081e00000|100%|HC|  |TAMS 0x0000000081e00000, 0x0000000081e00000| Complete 
|  30|0x0000000081e00000, 0x0000000081f00000, 0x0000000081f00000|100%| O|  |TAMS 0x0000000081f00000, 0x0000000081f00000| Untracked 
|  31|0x0000000081f00000, 0x0000000082000000, 0x0000000082000000|100%| O|  |TAMS 0x0000000082000000, 0x0000000082000000| Untracked 
|  32|0x0000000082000000, 0x0000000082100000, 0x0000000082100000|100%| O|  |TAMS 0x0000000082100000, 0x0000000082100000| Untracked 
|  33|0x0000000082100000, 0x0000000082200000, 0x0000000082200000|100%| O|  |TAMS 0x0000000082200000, 0x0000000082200000| Untracked 
|  34|0x0000000082200000, 0x0000000082300000, 0x0000000082300000|100%| O|  |TAMS 0x0000000082300000, 0x0000000082300000| Untracked 
|  35|0x0000000082300000, 0x0000000082400000, 0x0000000082400000|100%| O|  |TAMS 0x0000000082400000, 0x0000000082400000| Untracked 
|  36|0x0000000082400000, 0x0000000082500000, 0x0000000082500000|100%| O|  |TAMS 0x0000000082500000, 0x0000000082500000| Untracked 
|  37|0x0000000082500000, 0x0000000082600000, 0x0000000082600000|100%| O|  |TAMS 0x0000000082600000, 0x0000000082600000| Untracked 
|  38|0x0000000082600000, 0x0000000082700000, 0x0000000082700000|100%| O|  |TAMS 0x0000000082700000, 0x0000000082700000| Untracked 
|  39|0x0000000082700000, 0x0000000082800000, 0x0000000082800000|100%| O|  |TAMS 0x0000000082800000, 0x0000000082800000| Untracked 
|  40|0x0000000082800000, 0x0000000082900000, 0x0000000082900000|100%| O|  |TAMS 0x0000000082900000, 0x0000000082900000| Untracked 
|  41|0x0000000082900000, 0x0000000082a00000, 0x0000000082a00000|100%| O|  |TAMS 0x0000000082a00000, 0x0000000082a00000| Untracked 
|  42|0x0000000082a00000, 0x0000000082b00000, 0x0000000082b00000|100%| O|  |TAMS 0x0000000082b00000, 0x0000000082b00000| Untracked 
|  43|0x0000000082b00000, 0x0000000082c00000, 0x0000000082c00000|100%| O|  |TAMS 0x0000000082c00000, 0x0000000082c00000| Untracked 
|  44|0x0000000082c00000, 0x0000000082d00000, 0x0000000082d00000|100%| O|  |TAMS 0x0000000082d00000, 0x0000000082d00000| Untracked 
|  45|0x0000000082d00000, 0x0000000082e00000, 0x0000000082e00000|100%| O|  |TAMS 0x0000000082e00000, 0x0000000082e00000| Untracked 
|  46|0x0000000082e00000, 0x0000000082f00000, 0x0000000082f00000|100%| O|  |TAMS 0x0000000082f00000, 0x0000000082f00000| Untracked 
|  47|0x0000000082f00000, 0x0000000083000000, 0x0000000083000000|100%| O|  |TAMS 0x0000000083000000, 0x0000000083000000| Untracked 
|  48|0x0000000083000000, 0x0000000083100000, 0x0000000083100000|100%| O|  |TAMS 0x0000000083100000, 0x0000000083100000| Untracked 
|  49|0x0000000083100000, 0x0000000083200000, 0x0000000083200000|100%| O|  |TAMS 0x0000000083200000, 0x0000000083200000| Untracked 
|  50|0x0000000083200000, 0x0000000083300000, 0x0000000083300000|100%| O|  |TAMS 0x0000000083300000, 0x0000000083300000| Untracked 
|  51|0x0000000083300000, 0x0000000083400000, 0x0000000083400000|100%| O|  |TAMS 0x0000000083400000, 0x0000000083400000| Untracked 
|  52|0x0000000083400000, 0x0000000083500000, 0x0000000083500000|100%| O|  |TAMS 0x0000000083500000, 0x0000000083500000| Untracked 
|  53|0x0000000083500000, 0x0000000083600000, 0x0000000083600000|100%| O|  |TAMS 0x0000000083600000, 0x0000000083600000| Untracked 
|  54|0x0000000083600000, 0x0000000083700000, 0x0000000083700000|100%| O|  |TAMS 0x0000000083700000, 0x0000000083700000| Untracked 
|  55|0x0000000083700000, 0x0000000083800000, 0x0000000083800000|100%| O|  |TAMS 0x0000000083800000, 0x0000000083800000| Untracked 
|  56|0x0000000083800000, 0x0000000083900000, 0x0000000083900000|100%| O|  |TAMS 0x0000000083900000, 0x0000000083900000| Untracked 
|  57|0x0000000083900000, 0x0000000083a00000, 0x0000000083a00000|100%| O|  |TAMS 0x0000000083a00000, 0x0000000083a00000| Untracked 
|  58|0x0000000083a00000, 0x0000000083b00000, 0x0000000083b00000|100%| O|  |TAMS 0x0000000083b00000, 0x0000000083b00000| Untracked 
|  59|0x0000000083b00000, 0x0000000083c00000, 0x0000000083c00000|100%| O|  |TAMS 0x0000000083c00000, 0x0000000083c00000| Untracked 
|  60|0x0000000083c00000, 0x0000000083d00000, 0x0000000083d00000|100%| O|  |TAMS 0x0000000083d00000, 0x0000000083d00000| Untracked 
|  61|0x0000000083d00000, 0x0000000083e00000, 0x0000000083e00000|100%| O|  |TAMS 0x0000000083e00000, 0x0000000083e00000| Untracked 
|  62|0x0000000083e00000, 0x0000000083f00000, 0x0000000083f00000|100%| O|  |TAMS 0x0000000083f00000, 0x0000000083f00000| Untracked 
|  63|0x0000000083f00000, 0x0000000084000000, 0x0000000084000000|100%| O|  |TAMS 0x0000000084000000, 0x0000000084000000| Untracked 
|  64|0x0000000084000000, 0x0000000084100000, 0x0000000084100000|100%| O|  |TAMS 0x0000000084100000, 0x0000000084100000| Untracked 
|  65|0x0000000084100000, 0x0000000084200000, 0x0000000084200000|100%| O|  |TAMS 0x0000000084200000, 0x0000000084200000| Untracked 
|  66|0x0000000084200000, 0x0000000084300000, 0x0000000084300000|100%| O|  |TAMS 0x0000000084300000, 0x0000000084300000| Untracked 
|  67|0x0000000084300000, 0x0000000084400000, 0x0000000084400000|100%| O|  |TAMS 0x0000000084400000, 0x0000000084400000| Untracked 
|  68|0x0000000084400000, 0x0000000084500000, 0x0000000084500000|100%| O|  |TAMS 0x0000000084500000, 0x0000000084500000| Untracked 
|  69|0x0000000084500000, 0x0000000084600000, 0x0000000084600000|100%| O|  |TAMS 0x0000000084600000, 0x0000000084600000| Untracked 
|  70|0x0000000084600000, 0x0000000084700000, 0x0000000084700000|100%| O|  |TAMS 0x0000000084700000, 0x0000000084700000| Untracked 
|  71|0x0000000084700000, 0x0000000084800000, 0x0000000084800000|100%| O|  |TAMS 0x0000000084800000, 0x0000000084800000| Untracked 
|  72|0x0000000084800000, 0x0000000084900000, 0x0000000084900000|100%| O|  |TAMS 0x0000000084900000, 0x0000000084900000| Untracked 
|  73|0x0000000084900000, 0x0000000084a00000, 0x0000000084a00000|100%| O|  |TAMS 0x0000000084a00000, 0x0000000084a00000| Untracked 
|  74|0x0000000084a00000, 0x0000000084b00000, 0x0000000084b00000|100%| O|  |TAMS 0x0000000084b00000, 0x0000000084b00000| Untracked 
|  75|0x0000000084b00000, 0x0000000084c00000, 0x0000000084c00000|100%| O|  |TAMS 0x0000000084c00000, 0x0000000084c00000| Untracked 
|  76|0x0000000084c00000, 0x0000000084d00000, 0x0000000084d00000|100%| O|  |TAMS 0x0000000084d00000, 0x0000000084d00000| Untracked 
|  77|0x0000000084d00000, 0x0000000084e00000, 0x0000000084e00000|100%| O|  |TAMS 0x0000000084e00000, 0x0000000084e00000| Untracked 
|  78|0x0000000084e00000, 0x0000000084f00000, 0x0000000084f00000|100%| O|  |TAMS 0x0000000084f00000, 0x0000000084f00000| Untracked 
|  79|0x0000000084f00000, 0x0000000085000000, 0x0000000085000000|100%| O|  |TAMS 0x0000000085000000, 0x0000000085000000| Untracked 
|  80|0x0000000085000000, 0x0000000085100000, 0x0000000085100000|100%| O|  |TAMS 0x0000000085100000, 0x0000000085100000| Untracked 
|  81|0x0000000085100000, 0x0000000085200000, 0x0000000085200000|100%| O|  |TAMS 0x0000000085200000, 0x0000000085200000| Untracked 
|  82|0x0000000085200000, 0x0000000085300000, 0x0000000085300000|100%| O|  |TAMS 0x0000000085300000, 0x0000000085300000| Untracked 
|  83|0x0000000085300000, 0x0000000085400000, 0x0000000085400000|100%| O|  |TAMS 0x0000000085400000, 0x0000000085400000| Untracked 
|  84|0x0000000085400000, 0x0000000085500000, 0x0000000085500000|100%| O|  |TAMS 0x0000000085500000, 0x0000000085500000| Untracked 
|  85|0x0000000085500000, 0x0000000085600000, 0x0000000085600000|100%| O|  |TAMS 0x0000000085600000, 0x0000000085600000| Untracked 
|  86|0x0000000085600000, 0x0000000085700000, 0x0000000085700000|100%| O|  |TAMS 0x0000000085700000, 0x0000000085700000| Untracked 
|  87|0x0000000085700000, 0x0000000085800000, 0x0000000085800000|100%| O|  |TAMS 0x0000000085800000, 0x0000000085800000| Untracked 
|  88|0x0000000085800000, 0x0000000085900000, 0x0000000085900000|100%| O|  |TAMS 0x0000000085900000, 0x0000000085900000| Untracked 
|  89|0x0000000085900000, 0x0000000085a00000, 0x0000000085a00000|100%| O|  |TAMS 0x0000000085a00000, 0x0000000085a00000| Untracked 
|  90|0x0000000085a00000, 0x0000000085b00000, 0x0000000085b00000|100%| O|  |TAMS 0x0000000085b00000, 0x0000000085b00000| Untracked 
|  91|0x0000000085b00000, 0x0000000085c00000, 0x0000000085c00000|100%| O|  |TAMS 0x0000000085c00000, 0x0000000085c00000| Untracked 
|  92|0x0000000085c00000, 0x0000000085d00000, 0x0000000085d00000|100%| O|  |TAMS 0x0000000085d00000, 0x0000000085d00000| Untracked 
|  93|0x0000000085d00000, 0x0000000085e00000, 0x0000000085e00000|100%| O|  |TAMS 0x0000000085e00000, 0x0000000085e00000| Untracked 
|  94|0x0000000085e00000, 0x0000000085f00000, 0x0000000085f00000|100%| O|  |TAMS 0x0000000085f00000, 0x0000000085f00000| Untracked 
|  95|0x0000000085f00000, 0x0000000086000000, 0x0000000086000000|100%| O|  |TAMS 0x0000000086000000, 0x0000000086000000| Untracked 
|  96|0x0000000086000000, 0x0000000086100000, 0x0000000086100000|100%| O|  |TAMS 0x0000000086100000, 0x0000000086100000| Untracked 
|  97|0x0000000086100000, 0x0000000086200000, 0x0000000086200000|100%| O|  |TAMS 0x0000000086200000, 0x0000000086200000| Untracked 
|  98|0x0000000086200000, 0x0000000086300000, 0x0000000086300000|100%| O|  |TAMS 0x0000000086300000, 0x0000000086300000| Untracked 
|  99|0x0000000086300000, 0x0000000086400000, 0x0000000086400000|100%| O|  |TAMS 0x0000000086400000, 0x0000000086400000| Untracked 
| 100|0x0000000086400000, 0x0000000086500000, 0x0000000086500000|100%| O|  |TAMS 0x0000000086500000, 0x0000000086500000| Untracked 
| 101|0x0000000086500000, 0x0000000086600000, 0x0000000086600000|100%| O|  |TAMS 0x0000000086600000, 0x0000000086600000| Untracked 
| 102|0x0000000086600000, 0x0000000086700000, 0x0000000086700000|100%| O|  |TAMS 0x0000000086700000, 0x0000000086700000| Untracked 
| 103|0x0000000086700000, 0x0000000086800000, 0x0000000086800000|100%| O|  |TAMS 0x0000000086800000, 0x0000000086800000| Untracked 
| 104|0x0000000086800000, 0x0000000086900000, 0x0000000086900000|100%| O|  |TAMS 0x0000000086900000, 0x0000000086900000| Untracked 
| 105|0x0000000086900000, 0x0000000086a00000, 0x0000000086a00000|100%| O|  |TAMS 0x0000000086a00000, 0x0000000086a00000| Untracked 
| 106|0x0000000086a00000, 0x0000000086b00000, 0x0000000086b00000|100%| O|  |TAMS 0x0000000086b00000, 0x0000000086b00000| Untracked 
| 107|0x0000000086b00000, 0x0000000086c00000, 0x0000000086c00000|100%| O|  |TAMS 0x0000000086c00000, 0x0000000086c00000| Untracked 
| 108|0x0000000086c00000, 0x0000000086d00000, 0x0000000086d00000|100%| O|  |TAMS 0x0000000086d00000, 0x0000000086d00000| Untracked 
| 109|0x0000000086d00000, 0x0000000086e00000, 0x0000000086e00000|100%| O|  |TAMS 0x0000000086e00000, 0x0000000086e00000| Untracked 
| 110|0x0000000086e00000, 0x0000000086f00000, 0x0000000086f00000|100%| O|  |TAMS 0x0000000086f00000, 0x0000000086f00000| Untracked 
| 111|0x0000000086f00000, 0x0000000087000000, 0x0000000087000000|100%| O|  |TAMS 0x0000000087000000, 0x0000000087000000| Untracked 
| 112|0x0000000087000000, 0x0000000087100000, 0x0000000087100000|100%| O|  |TAMS 0x0000000087100000, 0x0000000087100000| Untracked 
| 113|0x0000000087100000, 0x0000000087200000, 0x0000000087200000|100%| O|  |TAMS 0x0000000087200000, 0x0000000087200000| Untracked 
| 114|0x0000000087200000, 0x0000000087300000, 0x0000000087300000|100%| O|  |TAMS 0x0000000087300000, 0x0000000087300000| Untracked 
| 115|0x0000000087300000, 0x0000000087400000, 0x0000000087400000|100%| O|  |TAMS 0x000000008732e000, 0x0000000087400000| Untracked 
| 116|0x0000000087400000, 0x0000000087500000, 0x0000000087500000|100%| O|  |TAMS 0x0000000087400000, 0x0000000087500000| Untracked 
| 117|0x0000000087500000, 0x0000000087600000, 0x0000000087600000|100%| O|  |TAMS 0x0000000087500000, 0x0000000087600000| Untracked 
| 118|0x0000000087600000, 0x0000000087700000, 0x0000000087700000|100%| O|  |TAMS 0x0000000087600000, 0x0000000087700000| Untracked 
| 119|0x0000000087700000, 0x0000000087800000, 0x0000000087800000|100%| O|  |TAMS 0x0000000087700000, 0x0000000087800000| Untracked 
| 120|0x0000000087800000, 0x0000000087900000, 0x0000000087900000|100%| O|  |TAMS 0x0000000087800000, 0x0000000087900000| Untracked 
| 121|0x0000000087900000, 0x0000000087a00000, 0x0000000087a00000|100%| O|  |TAMS 0x0000000087900000, 0x0000000087a00000| Untracked 
| 122|0x0000000087a00000, 0x0000000087b00000, 0x0000000087b00000|100%| O|  |TAMS 0x0000000087a00000, 0x0000000087b00000| Untracked 
| 123|0x0000000087b00000, 0x0000000087c00000, 0x0000000087c00000|100%| O|  |TAMS 0x0000000087b00000, 0x0000000087c00000| Untracked 
| 124|0x0000000087c00000, 0x0000000087d00000, 0x0000000087d00000|100%| O|  |TAMS 0x0000000087c00000, 0x0000000087d00000| Untracked 
| 125|0x0000000087d00000, 0x0000000087e00000, 0x0000000087e00000|100%| O|  |TAMS 0x0000000087d00000, 0x0000000087e00000| Untracked 
| 126|0x0000000087e00000, 0x0000000087f00000, 0x0000000087f00000|100%| O|  |TAMS 0x0000000087e00000, 0x0000000087f00000| Untracked 
| 127|0x0000000087f00000, 0x0000000088000000, 0x0000000088000000|100%| O|  |TAMS 0x0000000087f00000, 0x0000000088000000| Untracked 
| 128|0x0000000088000000, 0x0000000088100000, 0x0000000088100000|100%| O|  |TAMS 0x0000000088000000, 0x0000000088100000| Untracked 
| 129|0x0000000088100000, 0x0000000088200000, 0x0000000088200000|100%| O|  |TAMS 0x0000000088100000, 0x0000000088200000| Untracked 
| 130|0x0000000088200000, 0x0000000088300000, 0x0000000088300000|100%| O|  |TAMS 0x0000000088200000, 0x0000000088300000| Untracked 
| 131|0x0000000088300000, 0x0000000088400000, 0x0000000088400000|100%| O|  |TAMS 0x0000000088300000, 0x0000000088400000| Untracked 
| 132|0x0000000088400000, 0x0000000088500000, 0x0000000088500000|100%| O|  |TAMS 0x0000000088400000, 0x0000000088500000| Untracked 
| 133|0x0000000088500000, 0x0000000088600000, 0x0000000088600000|100%| O|  |TAMS 0x0000000088500000, 0x0000000088600000| Untracked 
| 134|0x0000000088600000, 0x0000000088700000, 0x0000000088700000|100%| O|  |TAMS 0x0000000088600000, 0x0000000088700000| Untracked 
| 135|0x0000000088700000, 0x0000000088800000, 0x0000000088800000|100%| O|  |TAMS 0x0000000088700000, 0x0000000088800000| Untracked 
| 136|0x0000000088800000, 0x0000000088900000, 0x0000000088900000|100%| O|  |TAMS 0x0000000088800000, 0x0000000088900000| Untracked 
| 137|0x0000000088900000, 0x0000000088a00000, 0x0000000088a00000|100%| O|  |TAMS 0x0000000088900000, 0x000000008892a800| Untracked 
| 138|0x0000000088a00000, 0x0000000088b00000, 0x0000000088b00000|100%| O|  |TAMS 0x0000000088a00000, 0x0000000088a00000| Untracked 
| 139|0x0000000088b00000, 0x0000000088c00000, 0x0000000088c00000|100%| O|  |TAMS 0x0000000088b00000, 0x0000000088b00000| Untracked 
| 140|0x0000000088c00000, 0x0000000088d00000, 0x0000000088d00000|100%| O|  |TAMS 0x0000000088c00000, 0x0000000088c00000| Untracked 
| 141|0x0000000088d00000, 0x0000000088e00000, 0x0000000088e00000|100%| O|  |TAMS 0x0000000088d00000, 0x0000000088d00000| Untracked 
| 142|0x0000000088e00000, 0x0000000088f00000, 0x0000000088f00000|100%| O|  |TAMS 0x0000000088e00000, 0x0000000088e00000| Untracked 
| 143|0x0000000088f00000, 0x0000000089000000, 0x0000000089000000|100%| O|  |TAMS 0x0000000088f00000, 0x0000000088f00000| Untracked 
| 144|0x0000000089000000, 0x0000000089100000, 0x0000000089100000|100%| O|  |TAMS 0x0000000089000000, 0x0000000089000000| Untracked 
| 145|0x0000000089100000, 0x0000000089200000, 0x0000000089200000|100%| O|  |TAMS 0x0000000089100000, 0x0000000089100000| Untracked 
| 146|0x0000000089200000, 0x0000000089300000, 0x0000000089300000|100%| O|  |TAMS 0x0000000089200000, 0x0000000089200000| Untracked 
| 147|0x0000000089300000, 0x0000000089300000, 0x0000000089400000|  0%| F|  |TAMS 0x0000000089300000, 0x0000000089300000| Untracked 
| 148|0x0000000089400000, 0x0000000089400000, 0x0000000089500000|  0%| F|  |TAMS 0x0000000089400000, 0x0000000089400000| Untracked 
| 149|0x0000000089500000, 0x0000000089500000, 0x0000000089600000|  0%| F|  |TAMS 0x0000000089500000, 0x0000000089500000| Untracked 
| 150|0x0000000089600000, 0x0000000089600000, 0x0000000089700000|  0%| F|  |TAMS 0x0000000089600000, 0x0000000089600000| Untracked 
| 151|0x0000000089700000, 0x0000000089700000, 0x0000000089800000|  0%| F|  |TAMS 0x0000000089700000, 0x0000000089700000| Untracked 
| 152|0x0000000089800000, 0x0000000089800000, 0x0000000089900000|  0%| F|  |TAMS 0x0000000089800000, 0x0000000089800000| Untracked 
| 153|0x0000000089900000, 0x0000000089900000, 0x0000000089a00000|  0%| F|  |TAMS 0x0000000089900000, 0x0000000089900000| Untracked 
| 154|0x0000000089a00000, 0x0000000089a00000, 0x0000000089b00000|  0%| F|  |TAMS 0x0000000089a00000, 0x0000000089a00000| Untracked 
| 155|0x0000000089b00000, 0x0000000089b00000, 0x0000000089c00000|  0%| F|  |TAMS 0x0000000089b00000, 0x0000000089b00000| Untracked 
| 156|0x0000000089c00000, 0x0000000089c00000, 0x0000000089d00000|  0%| F|  |TAMS 0x0000000089c00000, 0x0000000089c00000| Untracked 
| 157|0x0000000089d00000, 0x0000000089d00000, 0x0000000089e00000|  0%| F|  |TAMS 0x0000000089d00000, 0x0000000089d00000| Untracked 
| 158|0x0000000089e00000, 0x0000000089e00000, 0x0000000089f00000|  0%| F|  |TAMS 0x0000000089e00000, 0x0000000089e00000| Untracked 
| 159|0x0000000089f00000, 0x0000000089f00000, 0x000000008a000000|  0%| F|  |TAMS 0x0000000089f00000, 0x0000000089f00000| Untracked 
| 160|0x000000008a000000, 0x000000008a000000, 0x000000008a100000|  0%| F|  |TAMS 0x000000008a000000, 0x000000008a000000| Untracked 
| 161|0x000000008a100000, 0x000000008a100000, 0x000000008a200000|  0%| F|  |TAMS 0x000000008a100000, 0x000000008a100000| Untracked 
| 162|0x000000008a200000, 0x000000008a200000, 0x000000008a300000|  0%| F|  |TAMS 0x000000008a200000, 0x000000008a200000| Untracked 
| 163|0x000000008a300000, 0x000000008a300000, 0x000000008a400000|  0%| F|  |TAMS 0x000000008a300000, 0x000000008a300000| Untracked 
| 164|0x000000008a400000, 0x000000008a400000, 0x000000008a500000|  0%| F|  |TAMS 0x000000008a400000, 0x000000008a400000| Untracked 
| 165|0x000000008a500000, 0x000000008a500000, 0x000000008a600000|  0%| F|  |TAMS 0x000000008a500000, 0x000000008a500000| Untracked 
| 166|0x000000008a600000, 0x000000008a600000, 0x000000008a700000|  0%| F|  |TAMS 0x000000008a600000, 0x000000008a600000| Untracked 
| 167|0x000000008a700000, 0x000000008a700000, 0x000000008a800000|  0%| F|  |TAMS 0x000000008a700000, 0x000000008a700000| Untracked 
| 168|0x000000008a800000, 0x000000008a800000, 0x000000008a900000|  0%| F|  |TAMS 0x000000008a800000, 0x000000008a800000| Untracked 
| 169|0x000000008a900000, 0x000000008a900000, 0x000000008aa00000|  0%| F|  |TAMS 0x000000008a900000, 0x000000008a900000| Untracked 
| 170|0x000000008aa00000, 0x000000008aa00000, 0x000000008ab00000|  0%| F|  |TAMS 0x000000008aa00000, 0x000000008aa00000| Untracked 
| 171|0x000000008ab00000, 0x000000008ab00000, 0x000000008ac00000|  0%| F|  |TAMS 0x000000008ab00000, 0x000000008ab00000| Untracked 
| 172|0x000000008ac00000, 0x000000008ac00000, 0x000000008ad00000|  0%| F|  |TAMS 0x000000008ac00000, 0x000000008ac00000| Untracked 
| 173|0x000000008ad00000, 0x000000008ad00000, 0x000000008ae00000|  0%| F|  |TAMS 0x000000008ad00000, 0x000000008ad00000| Untracked 
| 174|0x000000008ae00000, 0x000000008ae00000, 0x000000008af00000|  0%| F|  |TAMS 0x000000008ae00000, 0x000000008ae00000| Untracked 
| 175|0x000000008af00000, 0x000000008af00000, 0x000000008b000000|  0%| F|  |TAMS 0x000000008af00000, 0x000000008af00000| Untracked 
| 176|0x000000008b000000, 0x000000008b000000, 0x000000008b100000|  0%| F|  |TAMS 0x000000008b000000, 0x000000008b000000| Untracked 
| 177|0x000000008b100000, 0x000000008b100000, 0x000000008b200000|  0%| F|  |TAMS 0x000000008b100000, 0x000000008b100000| Untracked 
| 178|0x000000008b200000, 0x000000008b200000, 0x000000008b300000|  0%| F|  |TAMS 0x000000008b200000, 0x000000008b200000| Untracked 
| 179|0x000000008b300000, 0x000000008b300000, 0x000000008b400000|  0%| F|  |TAMS 0x000000008b300000, 0x000000008b300000| Untracked 
| 180|0x000000008b400000, 0x000000008b400000, 0x000000008b500000|  0%| F|  |TAMS 0x000000008b400000, 0x000000008b400000| Untracked 
| 181|0x000000008b500000, 0x000000008b500000, 0x000000008b600000|  0%| F|  |TAMS 0x000000008b500000, 0x000000008b500000| Untracked 
| 182|0x000000008b600000, 0x000000008b600000, 0x000000008b700000|  0%| F|  |TAMS 0x000000008b600000, 0x000000008b600000| Untracked 
| 183|0x000000008b700000, 0x000000008b700000, 0x000000008b800000|  0%| F|  |TAMS 0x000000008b700000, 0x000000008b700000| Untracked 
| 184|0x000000008b800000, 0x000000008b800000, 0x000000008b900000|  0%| F|  |TAMS 0x000000008b800000, 0x000000008b800000| Untracked 
| 185|0x000000008b900000, 0x000000008b900000, 0x000000008ba00000|  0%| F|  |TAMS 0x000000008b900000, 0x000000008b900000| Untracked 
| 186|0x000000008ba00000, 0x000000008ba00000, 0x000000008bb00000|  0%| F|  |TAMS 0x000000008ba00000, 0x000000008ba00000| Untracked 
| 187|0x000000008bb00000, 0x000000008bb00000, 0x000000008bc00000|  0%| F|  |TAMS 0x000000008bb00000, 0x000000008bb00000| Untracked 
| 188|0x000000008bc00000, 0x000000008bc00000, 0x000000008bd00000|  0%| F|  |TAMS 0x000000008bc00000, 0x000000008bc00000| Untracked 
| 189|0x000000008bd00000, 0x000000008bd00000, 0x000000008be00000|  0%| F|  |TAMS 0x000000008bd00000, 0x000000008bd00000| Untracked 
| 190|0x000000008be00000, 0x000000008be00000, 0x000000008bf00000|  0%| F|  |TAMS 0x000000008be00000, 0x000000008be00000| Untracked 
| 191|0x000000008bf00000, 0x000000008bf00000, 0x000000008c000000|  0%| F|  |TAMS 0x000000008bf00000, 0x000000008bf00000| Untracked 
| 192|0x000000008c000000, 0x000000008c000000, 0x000000008c100000|  0%| F|  |TAMS 0x000000008c000000, 0x000000008c000000| Untracked 
| 193|0x000000008c100000, 0x000000008c100000, 0x000000008c200000|  0%| F|  |TAMS 0x000000008c100000, 0x000000008c100000| Untracked 
| 194|0x000000008c200000, 0x000000008c200000, 0x000000008c300000|  0%| F|  |TAMS 0x000000008c200000, 0x000000008c200000| Untracked 
| 195|0x000000008c300000, 0x000000008c300000, 0x000000008c400000|  0%| F|  |TAMS 0x000000008c300000, 0x000000008c300000| Untracked 
| 196|0x000000008c400000, 0x000000008c400000, 0x000000008c500000|  0%| F|  |TAMS 0x000000008c400000, 0x000000008c400000| Untracked 
| 197|0x000000008c500000, 0x000000008c500000, 0x000000008c600000|  0%| F|  |TAMS 0x000000008c500000, 0x000000008c500000| Untracked 
| 198|0x000000008c600000, 0x000000008c600000, 0x000000008c700000|  0%| F|  |TAMS 0x000000008c600000, 0x000000008c600000| Untracked 
| 199|0x000000008c700000, 0x000000008c700000, 0x000000008c800000|  0%| F|  |TAMS 0x000000008c700000, 0x000000008c700000| Untracked 
| 200|0x000000008c800000, 0x000000008c800000, 0x000000008c900000|  0%| F|  |TAMS 0x000000008c800000, 0x000000008c800000| Untracked 
| 201|0x000000008c900000, 0x000000008c900000, 0x000000008ca00000|  0%| F|  |TAMS 0x000000008c900000, 0x000000008c900000| Untracked 
| 202|0x000000008ca00000, 0x000000008ca00000, 0x000000008cb00000|  0%| F|  |TAMS 0x000000008ca00000, 0x000000008ca00000| Untracked 
| 203|0x000000008cb00000, 0x000000008cb00000, 0x000000008cc00000|  0%| F|  |TAMS 0x000000008cb00000, 0x000000008cb00000| Untracked 
| 204|0x000000008cc00000, 0x000000008cc00000, 0x000000008cd00000|  0%| F|  |TAMS 0x000000008cc00000, 0x000000008cc00000| Untracked 
| 205|0x000000008cd00000, 0x000000008cd00000, 0x000000008ce00000|  0%| F|  |TAMS 0x000000008cd00000, 0x000000008cd00000| Untracked 
| 206|0x000000008ce00000, 0x000000008ce00000, 0x000000008cf00000|  0%| F|  |TAMS 0x000000008ce00000, 0x000000008ce00000| Untracked 
| 207|0x000000008cf00000, 0x000000008cf00000, 0x000000008d000000|  0%| F|  |TAMS 0x000000008cf00000, 0x000000008cf00000| Untracked 
| 208|0x000000008d000000, 0x000000008d000000, 0x000000008d100000|  0%| F|  |TAMS 0x000000008d000000, 0x000000008d000000| Untracked 
| 209|0x000000008d100000, 0x000000008d100000, 0x000000008d200000|  0%| F|  |TAMS 0x000000008d100000, 0x000000008d100000| Untracked 
| 210|0x000000008d200000, 0x000000008d200000, 0x000000008d300000|  0%| F|  |TAMS 0x000000008d200000, 0x000000008d200000| Untracked 
| 211|0x000000008d300000, 0x000000008d300000, 0x000000008d400000|  0%| F|  |TAMS 0x000000008d300000, 0x000000008d300000| Untracked 
| 212|0x000000008d400000, 0x000000008d400000, 0x000000008d500000|  0%| F|  |TAMS 0x000000008d400000, 0x000000008d400000| Untracked 
| 213|0x000000008d500000, 0x000000008d500000, 0x000000008d600000|  0%| F|  |TAMS 0x000000008d500000, 0x000000008d500000| Untracked 
| 214|0x000000008d600000, 0x000000008d600000, 0x000000008d700000|  0%| F|  |TAMS 0x000000008d600000, 0x000000008d600000| Untracked 
| 215|0x000000008d700000, 0x000000008d700000, 0x000000008d800000|  0%| F|  |TAMS 0x000000008d700000, 0x000000008d700000| Untracked 
| 216|0x000000008d800000, 0x000000008d900000, 0x000000008d900000|100%| S|CS|TAMS 0x000000008d800000, 0x000000008d800000| Complete 
| 217|0x000000008d900000, 0x000000008da00000, 0x000000008da00000|100%| S|CS|TAMS 0x000000008d900000, 0x000000008d900000| Complete 
| 218|0x000000008da00000, 0x000000008db00000, 0x000000008db00000|100%| S|CS|TAMS 0x000000008da00000, 0x000000008da00000| Complete 
| 219|0x000000008db00000, 0x000000008dc00000, 0x000000008dc00000|100%| S|CS|TAMS 0x000000008db00000, 0x000000008db00000| Complete 
| 220|0x000000008dc00000, 0x000000008dd00000, 0x000000008dd00000|100%| S|CS|TAMS 0x000000008dc00000, 0x000000008dc00000| Complete 
| 221|0x000000008dd00000, 0x000000008de00000, 0x000000008de00000|100%| S|CS|TAMS 0x000000008dd00000, 0x000000008dd00000| Complete 
| 222|0x000000008de00000, 0x000000008df00000, 0x000000008df00000|100%| S|CS|TAMS 0x000000008de00000, 0x000000008de00000| Complete 
| 223|0x000000008df00000, 0x000000008e000000, 0x000000008e000000|100%| S|CS|TAMS 0x000000008df00000, 0x000000008df00000| Complete 
| 224|0x000000008e000000, 0x000000008e000000, 0x000000008e100000|  0%| F|  |TAMS 0x000000008e000000, 0x000000008e000000| Untracked 
| 225|0x000000008e100000, 0x000000008e100000, 0x000000008e200000|  0%| F|  |TAMS 0x000000008e100000, 0x000000008e100000| Untracked 
| 226|0x000000008e200000, 0x000000008e200000, 0x000000008e300000|  0%| F|  |TAMS 0x000000008e200000, 0x000000008e200000| Untracked 
| 227|0x000000008e300000, 0x000000008e300000, 0x000000008e400000|  0%| F|  |TAMS 0x000000008e300000, 0x000000008e300000| Untracked 
| 228|0x000000008e400000, 0x000000008e400000, 0x000000008e500000|  0%| F|  |TAMS 0x000000008e400000, 0x000000008e400000| Untracked 
| 229|0x000000008e500000, 0x000000008e500000, 0x000000008e600000|  0%| F|  |TAMS 0x000000008e500000, 0x000000008e500000| Untracked 
| 230|0x000000008e600000, 0x000000008e600000, 0x000000008e700000|  0%| F|  |TAMS 0x000000008e600000, 0x000000008e600000| Untracked 
| 231|0x000000008e700000, 0x000000008e700000, 0x000000008e800000|  0%| F|  |TAMS 0x000000008e700000, 0x000000008e700000| Untracked 
| 232|0x000000008e800000, 0x000000008e800000, 0x000000008e900000|  0%| F|  |TAMS 0x000000008e800000, 0x000000008e800000| Untracked 
| 233|0x000000008e900000, 0x000000008e900000, 0x000000008ea00000|  0%| F|  |TAMS 0x000000008e900000, 0x000000008e900000| Untracked 
| 234|0x000000008ea00000, 0x000000008ea00000, 0x000000008eb00000|  0%| F|  |TAMS 0x000000008ea00000, 0x000000008ea00000| Untracked 
| 235|0x000000008eb00000, 0x000000008eb00000, 0x000000008ec00000|  0%| F|  |TAMS 0x000000008eb00000, 0x000000008eb00000| Untracked 
| 236|0x000000008ec00000, 0x000000008ec00000, 0x000000008ed00000|  0%| F|  |TAMS 0x000000008ec00000, 0x000000008ec00000| Untracked 
| 237|0x000000008ed00000, 0x000000008ed00000, 0x000000008ee00000|  0%| F|  |TAMS 0x000000008ed00000, 0x000000008ed00000| Untracked 
| 238|0x000000008ee00000, 0x000000008ee00000, 0x000000008ef00000|  0%| F|  |TAMS 0x000000008ee00000, 0x000000008ee00000| Untracked 
| 239|0x000000008ef00000, 0x000000008ef00000, 0x000000008f000000|  0%| F|  |TAMS 0x000000008ef00000, 0x000000008ef00000| Untracked 
| 240|0x000000008f000000, 0x000000008f000000, 0x000000008f100000|  0%| F|  |TAMS 0x000000008f000000, 0x000000008f000000| Untracked 
| 241|0x000000008f100000, 0x000000008f100000, 0x000000008f200000|  0%| F|  |TAMS 0x000000008f100000, 0x000000008f100000| Untracked 
| 242|0x000000008f200000, 0x000000008f200000, 0x000000008f300000|  0%| F|  |TAMS 0x000000008f200000, 0x000000008f200000| Untracked 
| 243|0x000000008f300000, 0x000000008f300000, 0x000000008f400000|  0%| F|  |TAMS 0x000000008f300000, 0x000000008f300000| Untracked 
| 244|0x000000008f400000, 0x000000008f400000, 0x000000008f500000|  0%| F|  |TAMS 0x000000008f400000, 0x000000008f400000| Untracked 
| 245|0x000000008f500000, 0x000000008f500000, 0x000000008f600000|  0%| F|  |TAMS 0x000000008f500000, 0x000000008f500000| Untracked 
| 246|0x000000008f600000, 0x000000008f600000, 0x000000008f700000|  0%| F|  |TAMS 0x000000008f600000, 0x000000008f600000| Untracked 
| 247|0x000000008f700000, 0x000000008f700000, 0x000000008f800000|  0%| F|  |TAMS 0x000000008f700000, 0x000000008f700000| Untracked 
| 248|0x000000008f800000, 0x000000008f800000, 0x000000008f900000|  0%| F|  |TAMS 0x000000008f800000, 0x000000008f800000| Untracked 
| 249|0x000000008f900000, 0x000000008f900000, 0x000000008fa00000|  0%| F|  |TAMS 0x000000008f900000, 0x000000008f900000| Untracked 
| 250|0x000000008fa00000, 0x000000008fa00000, 0x000000008fb00000|  0%| F|  |TAMS 0x000000008fa00000, 0x000000008fa00000| Untracked 
| 251|0x000000008fb00000, 0x000000008fb00000, 0x000000008fc00000|  0%| F|  |TAMS 0x000000008fb00000, 0x000000008fb00000| Untracked 
| 252|0x000000008fc00000, 0x000000008fc00000, 0x000000008fd00000|  0%| F|  |TAMS 0x000000008fc00000, 0x000000008fc00000| Untracked 
| 253|0x000000008fd00000, 0x000000008fd00000, 0x000000008fe00000|  0%| F|  |TAMS 0x000000008fd00000, 0x000000008fd00000| Untracked 
| 254|0x000000008fe00000, 0x000000008fe00000, 0x000000008ff00000|  0%| F|  |TAMS 0x000000008fe00000, 0x000000008fe00000| Untracked 
| 255|0x000000008ff00000, 0x000000008ff00000, 0x0000000090000000|  0%| F|  |TAMS 0x000000008ff00000, 0x000000008ff00000| Untracked 
| 256|0x0000000090000000, 0x0000000090000000, 0x0000000090100000|  0%| F|  |TAMS 0x0000000090000000, 0x0000000090000000| Untracked 
| 257|0x0000000090100000, 0x0000000090100000, 0x0000000090200000|  0%| F|  |TAMS 0x0000000090100000, 0x0000000090100000| Untracked 
| 258|0x0000000090200000, 0x0000000090200000, 0x0000000090300000|  0%| F|  |TAMS 0x0000000090200000, 0x0000000090200000| Untracked 
| 259|0x0000000090300000, 0x0000000090300000, 0x0000000090400000|  0%| F|  |TAMS 0x0000000090300000, 0x0000000090300000| Untracked 
| 260|0x0000000090400000, 0x0000000090400000, 0x0000000090500000|  0%| F|  |TAMS 0x0000000090400000, 0x0000000090400000| Untracked 
| 261|0x0000000090500000, 0x0000000090500000, 0x0000000090600000|  0%| F|  |TAMS 0x0000000090500000, 0x0000000090500000| Untracked 
| 262|0x0000000090600000, 0x0000000090600000, 0x0000000090700000|  0%| F|  |TAMS 0x0000000090600000, 0x0000000090600000| Untracked 
| 263|0x0000000090700000, 0x0000000090700000, 0x0000000090800000|  0%| F|  |TAMS 0x0000000090700000, 0x0000000090700000| Untracked 
| 264|0x0000000090800000, 0x0000000090800000, 0x0000000090900000|  0%| F|  |TAMS 0x0000000090800000, 0x0000000090800000| Untracked 
| 265|0x0000000090900000, 0x0000000090900000, 0x0000000090a00000|  0%| F|  |TAMS 0x0000000090900000, 0x0000000090900000| Untracked 
| 266|0x0000000090a00000, 0x0000000090a00000, 0x0000000090b00000|  0%| F|  |TAMS 0x0000000090a00000, 0x0000000090a00000| Untracked 
| 267|0x0000000090b00000, 0x0000000090b00000, 0x0000000090c00000|  0%| F|  |TAMS 0x0000000090b00000, 0x0000000090b00000| Untracked 
| 268|0x0000000090c00000, 0x0000000090c00000, 0x0000000090d00000|  0%| F|  |TAMS 0x0000000090c00000, 0x0000000090c00000| Untracked 
| 269|0x0000000090d00000, 0x0000000090d00000, 0x0000000090e00000|  0%| F|  |TAMS 0x0000000090d00000, 0x0000000090d00000| Untracked 
| 270|0x0000000090e00000, 0x0000000090e00000, 0x0000000090f00000|  0%| F|  |TAMS 0x0000000090e00000, 0x0000000090e00000| Untracked 
| 271|0x0000000090f00000, 0x0000000090f00000, 0x0000000091000000|  0%| F|  |TAMS 0x0000000090f00000, 0x0000000090f00000| Untracked 
| 272|0x0000000091000000, 0x0000000091000000, 0x0000000091100000|  0%| F|  |TAMS 0x0000000091000000, 0x0000000091000000| Untracked 
| 273|0x0000000091100000, 0x0000000091100000, 0x0000000091200000|  0%| F|  |TAMS 0x0000000091100000, 0x0000000091100000| Untracked 
| 274|0x0000000091200000, 0x0000000091200000, 0x0000000091300000|  0%| F|  |TAMS 0x0000000091200000, 0x0000000091200000| Untracked 
| 275|0x0000000091300000, 0x0000000091300000, 0x0000000091400000|  0%| F|  |TAMS 0x0000000091300000, 0x0000000091300000| Untracked 
| 276|0x0000000091400000, 0x0000000091400000, 0x0000000091500000|  0%| F|  |TAMS 0x0000000091400000, 0x0000000091400000| Untracked 
| 277|0x0000000091500000, 0x0000000091500000, 0x0000000091600000|  0%| F|  |TAMS 0x0000000091500000, 0x0000000091500000| Untracked 
| 278|0x0000000091600000, 0x0000000091600000, 0x0000000091700000|  0%| F|  |TAMS 0x0000000091600000, 0x0000000091600000| Untracked 
| 279|0x0000000091700000, 0x0000000091700000, 0x0000000091800000|  0%| F|  |TAMS 0x0000000091700000, 0x0000000091700000| Untracked 
| 280|0x0000000091800000, 0x0000000091800000, 0x0000000091900000|  0%| F|  |TAMS 0x0000000091800000, 0x0000000091800000| Untracked 
| 281|0x0000000091900000, 0x0000000091900000, 0x0000000091a00000|  0%| F|  |TAMS 0x0000000091900000, 0x0000000091900000| Untracked 

Card table byte_map: [0x000002d1aa0b0000,0x000002d1aa4b0000] _byte_map_base: 0x000002d1a9cb0000

Marking Bits (Prev, Next): (CMBitMap*) 0x000002d194fa0610, (CMBitMap*) 0x000002d194fa05d8
 Prev Bits: [0x000002d1ac8b0000, 0x000002d1ae8b0000)
 Next Bits: [0x000002d1aa8b0000, 0x000002d1ac8b0000)

Polling page: 0x000002d195040000

Metaspace:

Usage:
  Non-class:     81.87 MB capacity,    80.44 MB ( 98%) used,     1.17 MB (  1%) free+waste,   270.69 KB ( <1%) overhead. 
      Class:     12.74 MB capacity,    11.87 MB ( 93%) used,   763.76 KB (  6%) free+waste,   122.69 KB ( <1%) overhead. 
       Both:     94.61 MB capacity,    92.31 MB ( 98%) used,     1.91 MB (  2%) free+waste,   393.38 KB ( <1%) overhead. 

Virtual space:
  Non-class space:       82.00 MB reserved,      82.00 MB (100%) committed 
      Class space:        1.00 GB reserved,      12.82 MB (  1%) committed 
             Both:        1.08 GB reserved,      94.82 MB (  9%) committed 

Chunk freelists:
   Non-Class:  6.00 KB
       Class:  13.00 KB
        Both:  19.00 KB

MaxMetaspaceSize: 17179869184.00 GB
CompressedClassSpaceSize: 1.00 GB

CodeHeap 'non-profiled nmethods': size=120000Kb used=7182Kb max_used=7182Kb free=112818Kb
 bounds [0x000002d1a1d00000, 0x000002d1a2410000, 0x000002d1a9230000]
CodeHeap 'profiled nmethods': size=120000Kb used=25924Kb max_used=25924Kb free=94075Kb
 bounds [0x000002d19a7d0000, 0x000002d19c130000, 0x000002d1a1d00000]
CodeHeap 'non-nmethods': size=5760Kb used=2295Kb max_used=2354Kb free=3465Kb
 bounds [0x000002d19a230000, 0x000002d19a4a0000, 0x000002d19a7d0000]
 total_blobs=12517 nmethods=11618 adapters=810
 compilation: enabled
              stopped_count=0, restarted_count=0
 full_count=0

Compilation events (20 events):
Event: 42.099 Thread 0x000002d1b13a8000 11793 %     3       com.android.tools.r8.internal.U6::a @ 31 (98 bytes)
Event: 42.100 Thread 0x000002d1b13a8000 nmethod 11793% 0x000002d19c10ff10 code [0x000002d19c110140, 0x000002d19c110a78]
Event: 42.100 Thread 0x000002d1b13a8000 11795 %     3       com.android.tools.r8.internal.d6::a @ 35 (873 bytes)
Event: 42.115 Thread 0x000002d1b13a8000 nmethod 11795% 0x000002d19c110f10 code [0x000002d19c111b80, 0x000002d19c11b9e8]
Event: 42.115 Thread 0x000002d1b13a8000 11783       2       com.android.tools.r8.internal.gr::f (97 bytes)
Event: 42.116 Thread 0x000002d1b13a8000 nmethod 11783 0x000002d19c11e290 code [0x000002d19c11e480, 0x000002d19c11e818]
Event: 42.116 Thread 0x000002d1b13a8000 11790       1       com.android.tools.r8.graph.z::getType (5 bytes)
Event: 42.116 Thread 0x000002d1b13a8000 nmethod 11790 0x000002d1a2403510 code [0x000002d1a24036c0, 0x000002d1a2403778]
Event: 42.116 Thread 0x000002d1b13a8000 11794       2       com.android.tools.r8.ir.conversion.j::a (36 bytes)
Event: 42.116 Thread 0x000002d1b13a8000 nmethod 11794 0x000002d19c11ea10 code [0x000002d19c11ebc0, 0x000002d19c11ece8]
Event: 42.116 Thread 0x000002d1b13a8000 11788       2       com.android.tools.r8.internal.ir$$Lambda$1175/0x0000000100c32440::<init> (15 bytes)
Event: 42.117 Thread 0x000002d1b13a8000 nmethod 11788 0x000002d19c11ee10 code [0x000002d19c11efc0, 0x000002d19c11f158]
Event: 42.117 Thread 0x000002d1b13a8000 11784       2       com.android.tools.r8.internal.tE::a (130 bytes)
Event: 42.118 Thread 0x000002d1b13a8000 nmethod 11784 0x000002d19c11f210 code [0x000002d19c11f4a0, 0x000002d19c11fec8]
Event: 42.118 Thread 0x000002d1b13a8000 11781       2       com.android.tools.r8.internal.g7::a (14 bytes)
Event: 42.118 Thread 0x000002d1b13a8000 nmethod 11781 0x000002d19c120390 code [0x000002d19c120540, 0x000002d19c120668]
Event: 42.118 Thread 0x000002d1b13a8000 11786       2       com.android.tools.r8.graph.D0::<init> (38 bytes)
Event: 42.119 Thread 0x000002d1b13a8000 nmethod 11786 0x000002d19c120710 code [0x000002d19c1208e0, 0x000002d19c120c48]
Event: 42.119 Thread 0x000002d1b13a8000 11789       2       com.android.tools.r8.internal.D4::<init> (86 bytes)
Event: 42.119 Thread 0x000002d1b13a8000 nmethod 11789 0x000002d19c120d90 code [0x000002d19c120f40, 0x000002d19c1210d8]

GC Heap History (20 events):
Event: 40.109 GC heap after
{Heap after GC invocations=42 (full 0):
 garbage-first heap   total 131072K, used 106053K [0x0000000080000000, 0x0000000100000000)
  region size 1024K, 2 young (2048K), 2 survivors (2048K)
 Metaspace       used 91496K, capacity 93699K, committed 94028K, reserved 1130496K
  class space    used 11732K, capacity 12551K, committed 12620K, reserved 1048576K
}
Event: 40.180 GC heap before
{Heap before GC invocations=42 (full 0):
 garbage-first heap   total 131072K, used 113221K [0x0000000080000000, 0x0000000100000000)
  region size 1024K, 9 young (9216K), 2 survivors (2048K)
 Metaspace       used 91543K, capacity 93763K, committed 94028K, reserved 1130496K
  class space    used 11736K, capacity 12551K, committed 12620K, reserved 1048576K
}
Event: 40.184 GC heap after
{Heap after GC invocations=43 (full 0):
 garbage-first heap   total 131072K, used 107493K [0x0000000080000000, 0x0000000100000000)
  region size 1024K, 2 young (2048K), 2 survivors (2048K)
 Metaspace       used 91543K, capacity 93763K, committed 94028K, reserved 1130496K
  class space    used 11736K, capacity 12551K, committed 12620K, reserved 1048576K
}
Event: 40.201 GC heap before
{Heap before GC invocations=43 (full 0):
 garbage-first heap   total 131072K, used 112613K [0x0000000080000000, 0x0000000100000000)
  region size 1024K, 7 young (7168K), 2 survivors (2048K)
 Metaspace       used 91544K, capacity 93763K, committed 94028K, reserved 1130496K
  class space    used 11736K, capacity 12551K, committed 12620K, reserved 1048576K
}
Event: 40.207 GC heap after
{Heap after GC invocations=44 (full 0):
 garbage-first heap   total 157696K, used 108668K [0x0000000080000000, 0x0000000100000000)
  region size 1024K, 1 young (1024K), 1 survivors (1024K)
 Metaspace       used 91544K, capacity 93763K, committed 94028K, reserved 1130496K
  class space    used 11736K, capacity 12551K, committed 12620K, reserved 1048576K
}
Event: 40.302 GC heap before
{Heap before GC invocations=44 (full 0):
 garbage-first heap   total 157696K, used 123004K [0x0000000080000000, 0x0000000100000000)
  region size 1024K, 15 young (15360K), 1 survivors (1024K)
 Metaspace       used 91625K, capacity 93827K, committed 94028K, reserved 1130496K
  class space    used 11748K, capacity 12551K, committed 12620K, reserved 1048576K
}
Event: 40.309 GC heap after
{Heap after GC invocations=45 (full 0):
 garbage-first heap   total 157696K, used 111779K [0x0000000080000000, 0x0000000100000000)
  region size 1024K, 2 young (2048K), 2 survivors (2048K)
 Metaspace       used 91625K, capacity 93827K, committed 94028K, reserved 1130496K
  class space    used 11748K, capacity 12551K, committed 12620K, reserved 1048576K
}
Event: 40.441 GC heap before
{Heap before GC invocations=45 (full 0):
 garbage-first heap   total 157696K, used 126115K [0x0000000080000000, 0x0000000100000000)
  region size 1024K, 16 young (16384K), 2 survivors (2048K)
 Metaspace       used 91696K, capacity 93895K, committed 94412K, reserved 1130496K
  class space    used 11745K, capacity 12546K, committed 12748K, reserved 1048576K
}
Event: 40.451 GC heap after
{Heap after GC invocations=46 (full 0):
 garbage-first heap   total 157696K, used 115000K [0x0000000080000000, 0x0000000100000000)
  region size 1024K, 2 young (2048K), 2 survivors (2048K)
 Metaspace       used 91696K, capacity 93895K, committed 94412K, reserved 1130496K
  class space    used 11745K, capacity 12546K, committed 12748K, reserved 1048576K
}
Event: 40.522 GC heap before
{Heap before GC invocations=47 (full 0):
 garbage-first heap   total 157696K, used 128312K [0x0000000080000000, 0x0000000100000000)
  region size 1024K, 15 young (15360K), 2 survivors (2048K)
 Metaspace       used 91942K, capacity 94149K, committed 94668K, reserved 1130496K
  class space    used 11781K, capacity 12586K, committed 12748K, reserved 1048576K
}
Event: 40.530 GC heap after
{Heap after GC invocations=48 (full 0):
 garbage-first heap   total 157696K, used 117673K [0x0000000080000000, 0x0000000100000000)
  region size 1024K, 2 young (2048K), 2 survivors (2048K)
 Metaspace       used 91942K, capacity 94149K, committed 94668K, reserved 1130496K
  class space    used 11781K, capacity 12586K, committed 12748K, reserved 1048576K
}
Event: 40.594 GC heap before
{Heap before GC invocations=48 (full 0):
 garbage-first heap   total 157696K, used 129961K [0x0000000080000000, 0x0000000100000000)
  region size 1024K, 14 young (14336K), 2 survivors (2048K)
 Metaspace       used 92312K, capacity 94533K, committed 94924K, reserved 1132544K
  class space    used 11843K, capacity 12650K, committed 12748K, reserved 1048576K
}
Event: 40.618 GC heap after
{Heap after GC invocations=49 (full 0):
 garbage-first heap   total 288768K, used 119992K [0x0000000080000000, 0x0000000100000000)
  region size 1024K, 2 young (2048K), 2 survivors (2048K)
 Metaspace       used 92312K, capacity 94533K, committed 94924K, reserved 1132544K
  class space    used 11843K, capacity 12650K, committed 12748K, reserved 1048576K
}
Event: 41.277 GC heap before
{Heap before GC invocations=50 (full 0):
 garbage-first heap   total 288768K, used 170168K [0x0000000080000000, 0x0000000100000000)
  region size 1024K, 52 young (53248K), 2 survivors (2048K)
 Metaspace       used 93264K, capacity 95442K, committed 95820K, reserved 1132544K
  class space    used 11967K, capacity 12780K, committed 12876K, reserved 1048576K
}
Event: 41.308 GC heap after
{Heap after GC invocations=51 (full 0):
 garbage-first heap   total 288768K, used 129395K [0x0000000080000000, 0x0000000100000000)
  region size 1024K, 7 young (7168K), 7 survivors (7168K)
 Metaspace       used 93264K, capacity 95442K, committed 95820K, reserved 1132544K
  class space    used 11967K, capacity 12780K, committed 12876K, reserved 1048576K
}
Event: 41.703 GC heap before
{Heap before GC invocations=51 (full 0):
 garbage-first heap   total 288768K, used 180595K [0x0000000080000000, 0x0000000100000000)
  region size 1024K, 58 young (59392K), 7 survivors (7168K)
 Metaspace       used 94083K, capacity 96357K, committed 96460K, reserved 1132544K
  class space    used 12088K, capacity 12958K, committed 13004K, reserved 1048576K
}
Event: 41.732 GC heap after
{Heap after GC invocations=52 (full 0):
 garbage-first heap   total 288768K, used 138772K [0x0000000080000000, 0x0000000100000000)
  region size 1024K, 8 young (8192K), 8 survivors (8192K)
 Metaspace       used 94083K, capacity 96357K, committed 96460K, reserved 1132544K
  class space    used 12088K, capacity 12958K, committed 13004K, reserved 1048576K
}
Event: 42.001 GC heap before
{Heap before GC invocations=52 (full 0):
 garbage-first heap   total 288768K, used 192020K [0x0000000080000000, 0x0000000100000000)
  region size 1024K, 60 young (61440K), 8 survivors (8192K)
 Metaspace       used 94408K, capacity 96697K, committed 96844K, reserved 1132544K
  class space    used 12141K, capacity 13004K, committed 13132K, reserved 1048576K
}
Event: 42.026 GC heap after
{Heap after GC invocations=53 (full 0):
 garbage-first heap   total 288768K, used 148650K [0x0000000080000000, 0x0000000100000000)
  region size 1024K, 8 young (8192K), 8 survivors (8192K)
 Metaspace       used 94408K, capacity 96697K, committed 96844K, reserved 1132544K
  class space    used 12141K, capacity 13004K, committed 13132K, reserved 1048576K
}
Event: 42.140 GC heap before
{Heap before GC invocations=53 (full 0):
 garbage-first heap   total 288768K, used 201898K [0x0000000080000000, 0x0000000100000000)
  region size 1024K, 60 young (61440K), 8 survivors (8192K)
 Metaspace       used 94525K, capacity 96877K, committed 97100K, reserved 1132544K
  class space    used 12156K, capacity 13043K, committed 13132K, reserved 1048576K
}

Deoptimization events (20 events):
Event: 41.765 Thread 0x000002d1b5398800 DEOPT PACKING pc=0x000002d19c0a7c77 sp=0x000000d3848f8cf0
Event: 41.765 Thread 0x000002d1b5398800 DEOPT UNPACKING pc=0x000002d19a256dde sp=0x000000d3848f8268 mode 0
Event: 41.770 Thread 0x000002d1b539e000 DEOPT PACKING pc=0x000002d19c0a7c77 sp=0x000000d3847f9a50
Event: 41.770 Thread 0x000002d1b539e000 DEOPT UNPACKING pc=0x000002d19a256dde sp=0x000000d3847f8fc8 mode 0
Event: 41.773 Thread 0x000002d1b539e000 DEOPT PACKING pc=0x000002d19c0a7c77 sp=0x000000d3847f9a50
Event: 41.773 Thread 0x000002d1b539e000 DEOPT UNPACKING pc=0x000002d19a256dde sp=0x000000d3847f8fc8 mode 0
Event: 41.777 Thread 0x000002d1b5398800 DEOPT PACKING pc=0x000002d19c0a7c77 sp=0x000000d3848f8d60
Event: 41.777 Thread 0x000002d1b5398800 DEOPT UNPACKING pc=0x000002d19a256dde sp=0x000000d3848f82d8 mode 0
Event: 41.780 Thread 0x000002d1b539d800 DEOPT PACKING pc=0x000002d19c0a7c77 sp=0x000000d3846f8ef0
Event: 41.780 Thread 0x000002d1b539d800 DEOPT UNPACKING pc=0x000002d19a256dde sp=0x000000d3846f8468 mode 0
Event: 41.783 Thread 0x000002d1b539a000 DEOPT PACKING pc=0x000002d19c0a7c77 sp=0x000000d3849f92e0
Event: 41.783 Thread 0x000002d1b539a000 DEOPT UNPACKING pc=0x000002d19a256dde sp=0x000000d3849f8858 mode 0
Event: 41.785 Thread 0x000002d1b539d800 DEOPT PACKING pc=0x000002d19c0a7c77 sp=0x000000d3846f8ef0
Event: 41.785 Thread 0x000002d1b539d800 DEOPT UNPACKING pc=0x000002d19a256dde sp=0x000000d3846f8468 mode 0
Event: 41.941 Thread 0x000002d1b3547000 DEOPT PACKING pc=0x000002d19c0cf6f7 sp=0x000000d384afa8b0
Event: 41.941 Thread 0x000002d1b3547000 DEOPT UNPACKING pc=0x000002d19a256dde sp=0x000000d384af9db0 mode 0
Event: 41.998 Thread 0x000002d1b5398800 DEOPT PACKING pc=0x000002d19c0cf6f7 sp=0x000000d3848f8d70
Event: 41.998 Thread 0x000002d1b5398800 DEOPT UNPACKING pc=0x000002d19a256dde sp=0x000000d3848f8270 mode 0
Event: 42.031 Thread 0x000002d1b539a000 DEOPT PACKING pc=0x000002d19c0cf6f7 sp=0x000000d3849f8da0
Event: 42.031 Thread 0x000002d1b539a000 DEOPT UNPACKING pc=0x000002d19a256dde sp=0x000000d3849f82a0 mode 0

Classes redefined (0 events):
No events

Internal exceptions (20 events):
Event: 39.425 Thread 0x000002d1b539d800 Exception <a 'sun/nio/fs/WindowsException'{0x0000000087690e80}> (0x0000000087690e80) thrown at [./src/hotspot/share/prims/jni.cpp, line 615]
Event: 39.560 Thread 0x000002d1b5398800 Exception <a 'java/lang/NoSuchMethodError'{0x0000000087bc8e98}: 'java.lang.Object java.lang.invoke.DirectMethodHandle$Holder.invokeStatic(java.lang.Object, java.lang.Object, java.lang.Object, java.lang.Object, java.lang.Object, java.lang.Object, java.lang.Object, java.lang.Object, java.lang.Object, java.lang.Object, java.lang.Object, java.lang.Object, java.lang.Object, java.lang.Object, java.lang.Object, java.lang.Object, java.lang.Object, java.lang.Object, int, java.lang.Object)'> (0x0000000087bc8e98) thr
Event: 39.561 Thread 0x000002d1b5398800 Exception <a 'java/lang/NoSuchMethodError'{0x0000000087bcf1e0}: 'java.lang.Object java.lang.invoke.DirectMethodHandle$Holder.invokeStaticInit(java.lang.Object, java.lang.Object, java.lang.Object, java.lang.Object, java.lang.Object, java.lang.Object, java.lang.Object, java.lang.Object, java.lang.Object, java.lang.Object, java.lang.Object, java.lang.Object, java.lang.Object, java.lang.Object, java.lang.Object, java.lang.Object, java.lang.Object, java.lang.Object, int, java.lang.Object)'> (0x0000000087bcf1e0)
Event: 39.604 Thread 0x000002d1b5397000 Exception <a 'java/lang/IncompatibleClassChangeError'{0x000000008770fd48}: Found class java.lang.Object, but interface was expected> (0x000000008770fd48) thrown at [./src/hotspot/share/interpreter/linkResolver.cpp, line 839]
Event: 39.604 Thread 0x000002d1b5398800 Exception <a 'java/lang/IncompatibleClassChangeError'{0x00000000878fa988}: Found class java.lang.Object, but interface was expected> (0x00000000878fa988) thrown at [./src/hotspot/share/interpreter/linkResolver.cpp, line 839]
Event: 39.655 Thread 0x000002d1b539e000 Exception <a 'java/lang/NoSuchMethodError'{0x0000000087f14470}: 'java.lang.Object java.lang.invoke.DirectMethodHandle$Holder.invokeStatic(java.lang.Object, long)'> (0x0000000087f14470) thrown at [./src/hotspot/share/interpreter/linkResolver.cpp, line 773]
Event: 39.655 Thread 0x000002d1b5397000 Exception <a 'java/lang/NoSuchMethodError'{0x0000000087faee80}: 'java.lang.Object java.lang.invoke.DirectMethodHandle$Holder.invokeStatic(java.lang.Object, long)'> (0x0000000087faee80) thrown at [./src/hotspot/share/interpreter/linkResolver.cpp, line 773]
Event: 39.655 Thread 0x000002d1b539c800 Exception <a 'java/lang/NoSuchMethodError'{0x0000000087f27ff0}: 'java.lang.Object java.lang.invoke.DirectMethodHandle$Holder.invokeStatic(java.lang.Object, long)'> (0x0000000087f27ff0) thrown at [./src/hotspot/share/interpreter/linkResolver.cpp, line 773]
Event: 39.655 Thread 0x000002d1b5398800 Exception <a 'java/lang/NoSuchMethodError'{0x0000000087fa8c28}: 'java.lang.Object java.lang.invoke.DirectMethodHandle$Holder.invokeStatic(java.lang.Object, long)'> (0x0000000087fa8c28) thrown at [./src/hotspot/share/interpreter/linkResolver.cpp, line 773]
Event: 39.658 Thread 0x000002d1b5399800 Exception <a 'java/lang/NoSuchMethodError'{0x0000000087ffd198}: 'java.lang.Object java.lang.invoke.DirectMethodHandle$Holder.invokeSpecial(java.lang.Object, java.lang.Object, long)'> (0x0000000087ffd198) thrown at [./src/hotspot/share/interpreter/linkResolver.cpp, line 773]
Event: 39.659 Thread 0x000002d1b5399800 Exception <a 'java/lang/NoSuchMethodError'{0x0000000087e11770}: 'java.lang.Object java.lang.invoke.Invokers$Holder.linkToTargetMethod(long, java.lang.Object)'> (0x0000000087e11770) thrown at [./src/hotspot/share/interpreter/linkResolver.cpp, line 773]
Event: 40.014 Thread 0x000002d1b539a000 Exception <a 'sun/nio/fs/WindowsException'{0x0000000087d6de08}> (0x0000000087d6de08) thrown at [./src/hotspot/share/prims/jni.cpp, line 615]
Event: 40.114 Thread 0x000002d1b3547000 Exception <a 'sun/nio/fs/WindowsException'{0x0000000087e28590}> (0x0000000087e28590) thrown at [./src/hotspot/share/prims/jni.cpp, line 615]
Event: 40.434 Thread 0x000002d1b5397000 Exception <a 'java/lang/NoSuchMethodError'{0x0000000088f0f260}: 'int java.lang.invoke.DirectMethodHandle$Holder.invokeVirtual(java.lang.Object, java.lang.Object, java.lang.Object, java.lang.Object)'> (0x0000000088f0f260) thrown at [./src/hotspot/share/interpreter/linkResolver.cpp, line 773]
Event: 40.535 Thread 0x000002d1b5399800 Exception <a 'java/lang/NoSuchMethodError'{0x0000000089600a78}: 'void java.lang.invoke.DirectMethodHandle$Holder.invokeStatic(java.lang.Object, java.lang.Object, java.lang.Object, int)'> (0x0000000089600a78) thrown at [./src/hotspot/share/interpreter/linkResolver.cpp, line 773]
Event: 40.537 Thread 0x000002d1b5399800 Exception <a 'java/lang/IncompatibleClassChangeError'{0x0000000089672aa8}: Found class java.lang.Object, but interface was expected> (0x0000000089672aa8) thrown at [./src/hotspot/share/interpreter/linkResolver.cpp, line 839]
Event: 40.538 Thread 0x000002d1b539c800 Exception <a 'java/lang/IncompatibleClassChangeError'{0x00000000896a2bc8}: Found class java.lang.Object, but interface was expected> (0x00000000896a2bc8) thrown at [./src/hotspot/share/interpreter/linkResolver.cpp, line 839]
Event: 40.544 Thread 0x000002d1b539c800 Exception <a 'java/lang/NoSuchMethodError'{0x00000000893b4f60}: 'int java.lang.invoke.DirectMethodHandle$Holder.invokeVirtual(java.lang.Object, java.lang.Object, java.lang.Object)'> (0x00000000893b4f60) thrown at [./src/hotspot/share/interpreter/linkResolver.cpp, line 773]
Event: 41.460 Thread 0x000002d1b5397000 Exception <a 'java/lang/NoSuchMethodError'{0x0000000090ca6940}: 'java.lang.Object java.lang.invoke.DirectMethodHandle$Holder.invokeStatic(java.lang.Object, int, java.lang.Object, java.lang.Object)'> (0x0000000090ca6940) thrown at [./src/hotspot/share/interpreter/linkResolver.cpp, line 773]
Event: 41.802 Thread 0x000002d1b5397000 Exception <a 'java/lang/NoSuchMethodError'{0x000000008f5e36b0}: 'java.lang.Object java.lang.invoke.Invokers$Holder.linkToTargetMethod(java.lang.Object, java.lang.Object, java.lang.Object, java.lang.Object, java.lang.Object, java.lang.Object, java.lang.Object)'> (0x000000008f5e36b0) thrown at [./src/hotspot/share/interpreter/linkResolver.cpp, line 773]

Events (20 events):
Event: 42.120 loading class com/android/tools/r8/internal/h5 done
Event: 42.121 loading class com/android/tools/r8/internal/f5
Event: 42.121 loading class com/android/tools/r8/internal/f5 done
Event: 42.121 loading class com/android/tools/r8/internal/g5
Event: 42.121 loading class com/android/tools/r8/internal/g5 done
Event: 42.121 loading class com/android/tools/r8/internal/d5
Event: 42.121 loading class com/android/tools/r8/internal/d5 done
Event: 42.122 loading class com/android/tools/r8/internal/G3
Event: 42.122 loading class com/android/tools/r8/internal/G3 done
Event: 42.123 loading class com/android/tools/r8/internal/Oi
Event: 42.123 loading class com/android/tools/r8/internal/Oi done
Event: 42.124 loading class com/android/tools/r8/internal/Me
Event: 42.124 loading class com/android/tools/r8/internal/Me done
Event: 42.126 loading class com/android/tools/r8/internal/gv
Event: 42.126 loading class com/android/tools/r8/internal/gv done
Event: 42.127 loading class com/android/tools/r8/internal/lC
Event: 42.127 loading class com/android/tools/r8/internal/lC done
Event: 42.127 Executing VM operation: G1CollectForAllocation
Event: 42.128 loading class com/android/tools/r8/internal/Wr
Event: 42.128 loading class com/android/tools/r8/internal/Wr done


Dynamic libraries:
0x00007ff66bff0000 - 0x00007ff66bffa000 	C:\Program Files\Android\Android Studio2\jre\bin\java.exe
0x00007ff9b0f70000 - 0x00007ff9b1165000 	C:\WINDOWS\SYSTEM32\ntdll.dll
0x00007ff9b0b90000 - 0x00007ff9b0c4e000 	C:\WINDOWS\System32\KERNEL32.DLL
0x00007ff9aeb50000 - 0x00007ff9aee18000 	C:\WINDOWS\System32\KERNELBASE.dll
0x00007ff9aa050000 - 0x00007ff9aa069000 	C:\Program Files\Android\Android Studio2\jre\bin\jli.dll
0x00007ff9ae940000 - 0x00007ff9aea40000 	C:\WINDOWS\System32\ucrtbase.dll
0x00007ff9b0cf0000 - 0x00007ff9b0e90000 	C:\WINDOWS\System32\USER32.dll
0x00007ff9aee90000 - 0x00007ff9aeeb2000 	C:\WINDOWS\System32\win32u.dll
0x00007ff9b0e90000 - 0x00007ff9b0ebb000 	C:\WINDOWS\System32\GDI32.dll
0x00007ff9aea40000 - 0x00007ff9aeb4d000 	C:\WINDOWS\System32\gdi32full.dll
0x00007ff9ae810000 - 0x00007ff9ae8ad000 	C:\WINDOWS\System32\msvcp_win.dll
0x00007ff9a7d90000 - 0x00007ff9a7da7000 	C:\Program Files\Android\Android Studio2\jre\bin\VCRUNTIME140.dll
0x00007ff99f900000 - 0x00007ff99fb9a000 	C:\WINDOWS\WinSxS\amd64_microsoft.windows.common-controls_6595b64144ccf1df_6.0.19041.1110_none_60b5254171f9507e\COMCTL32.dll
0x00007ff9b0210000 - 0x00007ff9b02ae000 	C:\WINDOWS\System32\msvcrt.dll
0x00007ff9b0a90000 - 0x00007ff9b0ac0000 	C:\WINDOWS\System32\IMM32.DLL
0x00007ff9637f0000 - 0x00007ff96388d000 	C:\Program Files\Android\Android Studio2\jre\bin\msvcp140.dll
0x00007ff9202f0000 - 0x00007ff920dc5000 	C:\Program Files\Android\Android Studio2\jre\bin\server\jvm.dll
0x00007ff9aefc0000 - 0x00007ff9af06e000 	C:\WINDOWS\System32\ADVAPI32.dll
0x00007ff9b0c50000 - 0x00007ff9b0cec000 	C:\WINDOWS\System32\sechost.dll
0x00007ff9b02b0000 - 0x00007ff9b03d5000 	C:\WINDOWS\System32\RPCRT4.dll
0x00007ff9afc50000 - 0x00007ff9afc58000 	C:\WINDOWS\System32\PSAPI.DLL
0x00007ff99e590000 - 0x00007ff99e599000 	C:\WINDOWS\SYSTEM32\WSOCK32.dll
0x00007ff9b0ec0000 - 0x00007ff9b0f2b000 	C:\WINDOWS\System32\WS2_32.dll
0x00007ff9a6690000 - 0x00007ff9a66b7000 	C:\WINDOWS\SYSTEM32\WINMM.dll
0x00007ff9a7210000 - 0x00007ff9a721a000 	C:\WINDOWS\SYSTEM32\VERSION.dll
0x00007ff9ac570000 - 0x00007ff9ac582000 	C:\WINDOWS\SYSTEM32\kernel.appcore.dll
0x00007ff9a94e0000 - 0x00007ff9a94f1000 	C:\Program Files\Android\Android Studio2\jre\bin\verify.dll
0x00007ff99fe80000 - 0x00007ff9a0064000 	C:\WINDOWS\SYSTEM32\DBGHELP.DLL
0x00007ff99fe50000 - 0x00007ff99fe7c000 	C:\WINDOWS\SYSTEM32\dbgcore.DLL
0x00007ff9ae8b0000 - 0x00007ff9ae932000 	C:\WINDOWS\System32\bcryptPrimitives.dll
0x00007ff9a94a0000 - 0x00007ff9a94c9000 	C:\Program Files\Android\Android Studio2\jre\bin\java.dll
0x00007ff9aa030000 - 0x00007ff9aa03b000 	C:\Program Files\Android\Android Studio2\jre\bin\jimage.dll
0x00007ff9a9070000 - 0x00007ff9a9088000 	C:\Program Files\Android\Android Studio2\jre\bin\zip.dll
0x00007ff9af430000 - 0x00007ff9afb74000 	C:\WINDOWS\System32\SHELL32.dll
0x00007ff9ac770000 - 0x00007ff9acf04000 	C:\WINDOWS\SYSTEM32\windows.storage.dll
0x00007ff9b0610000 - 0x00007ff9b0965000 	C:\WINDOWS\System32\combase.dll
0x00007ff9ae0d0000 - 0x00007ff9ae0fe000 	C:\WINDOWS\SYSTEM32\Wldp.dll
0x00007ff9b0160000 - 0x00007ff9b020d000 	C:\WINDOWS\System32\SHCORE.dll
0x00007ff9b0ac0000 - 0x00007ff9b0b15000 	C:\WINDOWS\System32\shlwapi.dll
0x00007ff9ae5c0000 - 0x00007ff9ae5df000 	C:\WINDOWS\SYSTEM32\profapi.dll
0x00007ff9a7d60000 - 0x00007ff9a7d7a000 	C:\Program Files\Android\Android Studio2\jre\bin\net.dll
0x00007ff99ef50000 - 0x00007ff99f05c000 	C:\WINDOWS\SYSTEM32\WINHTTP.dll
0x00007ff9ade30000 - 0x00007ff9ade9a000 	C:\WINDOWS\system32\mswsock.dll
0x00007ff9a6660000 - 0x00007ff9a6674000 	C:\Program Files\Android\Android Studio2\jre\bin\nio.dll
0x00007ff999940000 - 0x00007ff999967000 	C:\Users\husey\.gradle\native\8bec1ad78214c89d9ad589b4d07fe93259594b29d510b10fafb7a158f7737e5d\windows-amd64\native-platform.dll
0x00007ff9621c0000 - 0x00007ff9622fd000 	C:\Users\husey\.gradle\native\53dbd7edfb1c66fb8903c78663c9afc45aea4f116125fa6feffd364cf09443e8\windows-amd64\native-platform-file-events.dll
0x00007ff9a7db0000 - 0x00007ff9a7dba000 	C:\Program Files\Android\Android Studio2\jre\bin\management.dll
0x00007ff9a6650000 - 0x00007ff9a665d000 	C:\Program Files\Android\Android Studio2\jre\bin\management_ext.dll
0x00007ff9ae030000 - 0x00007ff9ae048000 	C:\WINDOWS\SYSTEM32\CRYPTSP.dll
0x00007ff9ad740000 - 0x00007ff9ad774000 	C:\WINDOWS\system32\rsaenh.dll
0x00007ff9ae7e0000 - 0x00007ff9ae807000 	C:\WINDOWS\System32\bcrypt.dll
0x00007ff9ae580000 - 0x00007ff9ae5ae000 	C:\WINDOWS\SYSTEM32\USERENV.dll
0x00007ff9ae020000 - 0x00007ff9ae02c000 	C:\WINDOWS\SYSTEM32\CRYPTBASE.dll
0x00007ff9adad0000 - 0x00007ff9adb0b000 	C:\WINDOWS\SYSTEM32\IPHLPAPI.DLL
0x00007ff9b0b20000 - 0x00007ff9b0b28000 	C:\WINDOWS\System32\NSI.dll
0x00007ff9a7850000 - 0x00007ff9a7867000 	C:\WINDOWS\SYSTEM32\dhcpcsvc6.DLL
0x00007ff9a7d00000 - 0x00007ff9a7d1d000 	C:\WINDOWS\SYSTEM32\dhcpcsvc.DLL
0x00007ff9adb10000 - 0x00007ff9adbdb000 	C:\WINDOWS\SYSTEM32\DNSAPI.dll

dbghelp: loaded successfully - version: 4.0.5 - missing functions: none
symbol engine: initialized successfully - sym options: 0x614 - pdb path: .;C:\Program Files\Android\Android Studio2\jre\bin;C:\WINDOWS\SYSTEM32;C:\WINDOWS\WinSxS\amd64_microsoft.windows.common-controls_6595b64144ccf1df_6.0.19041.1110_none_60b5254171f9507e;C:\Program Files\Android\Android Studio2\jre\bin\server;C:\Users\husey\.gradle\native\8bec1ad78214c89d9ad589b4d07fe93259594b29d510b10fafb7a158f7737e5d\windows-amd64;C:\Users\husey\.gradle\native\53dbd7edfb1c66fb8903c78663c9afc45aea4f116125fa6feffd364cf09443e8\windows-amd64

VM Arguments:
jvm_args: --add-opens=java.base/java.util=ALL-UNNAMED --add-opens=java.base/java.lang=ALL-UNNAMED --add-opens=java.base/java.lang.invoke=ALL-UNNAMED --add-opens=java.base/java.util=ALL-UNNAMED --add-opens=java.prefs/java.util.prefs=ALL-UNNAMED --add-opens=java.prefs/java.util.prefs=ALL-UNNAMED --add-opens=java.base/java.nio.charset=ALL-UNNAMED --add-opens=java.base/java.net=ALL-UNNAMED --add-opens=java.base/java.util.concurrent.atomic=ALL-UNNAMED -Xmx2048m -Dfile.encoding=UTF-8 -Duser.country=TR -Duser.language=tr -Duser.variant 
java_command: org.gradle.launcher.daemon.bootstrap.GradleDaemon 7.0.2
java_class_path (initial): C:\Users\husey\.gradle\wrapper\dists\gradle-7.0.2-bin\857tjihv64xamwrf0h14cai3r\gradle-7.0.2\lib\gradle-launcher-7.0.2.jar
Launcher Type: SUN_STANDARD

[Global flags]
     intx CICompilerCount                          = 4                                         {product} {ergonomic}
     uint ConcGCThreads                            = 2                                         {product} {ergonomic}
     uint G1ConcRefinementThreads                  = 8                                         {product} {ergonomic}
   size_t G1HeapRegionSize                         = 1048576                                   {product} {ergonomic}
    uintx GCDrainStackTargetSize                   = 64                                        {product} {ergonomic}
   size_t InitialHeapSize                          = 134217728                                 {product} {ergonomic}
   size_t MarkStackSize                            = 4194304                                   {product} {ergonomic}
   size_t MaxHeapSize                              = 2147483648                                {product} {command line}
   size_t MaxNewSize                               = 1287651328                                {product} {ergonomic}
   size_t MinHeapDeltaBytes                        = 1048576                                   {product} {ergonomic}
    uintx NonNMethodCodeHeapSize                   = 5836300                                {pd product} {ergonomic}
    uintx NonProfiledCodeHeapSize                  = 122910970                              {pd product} {ergonomic}
    uintx ProfiledCodeHeapSize                     = 122910970                              {pd product} {ergonomic}
    uintx ReservedCodeCacheSize                    = 251658240                              {pd product} {ergonomic}
     bool SegmentedCodeCache                       = true                                      {product} {ergonomic}
     bool UseCompressedClassPointers               = true                                 {lp64_product} {ergonomic}
     bool UseCompressedOops                        = true                                 {lp64_product} {ergonomic}
     bool UseG1GC                                  = true                                      {product} {ergonomic}
     bool UseLargePagesIndividualAllocation        = false                                  {pd product} {ergonomic}

Logging:
Log output configuration:
 #0: stdout all=warning uptime,level,tags
 #1: stderr all=off uptime,level,tags

Environment Variables:
PATH=C:\Python310\Scripts\;C:\Python310\;C:\Program Files (x86)\Intel\Intel(R) Management Engine Components\iCLS\;C:\Program Files\Intel\Intel(R) Management Engine Components\iCLS\;C:\Windows\system32;C:\Windows;C:\Windows\System32\Wbem;C:\Windows\System32\WindowsPowerShell\v1.0\;C:\Windows\System32\OpenSSH\;C:\Program Files (x86)\Intel\Intel(R) Management Engine Components\DAL;C:\Program Files\Intel\Intel(R) Management Engine Components\DAL;C:\Program Files (x86)\NVIDIA Corporation\PhysX\Common;C:\Program Files\Java\jdk-14\bin;C:\Users\husey\AppData\Local\Android\Sdk;C:\Program Files\Java\jdk-14.0.1\bin;C:\WINDOWS\system32;C:\WINDOWS;C:\WINDOWS\System32\Wbem;C:\WINDOWS\System32\WindowsPowerShell\v1.0\;C:\WINDOWS\System32\OpenSSH\;C:\Program Files\dotnet\;C:\Program Files\Microsoft SQL Server\Client SDK\ODBC\170\Tools\Binn\;C:\Program Files (x86)\Microsoft SQL Server\150\Tools\Binn\;C:\Program Files\Microsoft SQL Server\150\Tools\Binn\;C:\Program Files\Microsoft SQL Server\150\DTS\Binn\;C:\Program Files (x86)\Microsoft SQL Server\150\DTS\Binn\;C:\Program Files\Azure Data Studio\bin;C:\ProgramData\chocolatey\bin;C:\Program Files\nodejs\;C:\Program Files\Git\cmd;C:\Program Files\Microsoft SQL Server\130\Tools\Binn\;C:\Program Files (x86)\dotnet\;C:\Users\husey\AppData\Local\Microsoft\WindowsApps;C:\Users\husey\.dotnet\tools;C:\Users\husey\AppData\Local\GitHubDesktop\bin;C:\Program Files\Azure Data Studio\bin;C:\Users\husey\AppData\Local\Programs\Microsoft VS Code\bin;C:\Users\husey\AppData\Roaming\npm
USERNAME=husey
OS=Windows_NT
PROCESSOR_IDENTIFIER=Intel64 Family 6 Model 142 Stepping 10, GenuineIntel



---------------  S Y S T E M  ---------------

OS: Windows 10 , 64 bit Build 19041 (10.0.19041.1503)
OS uptime: 1 days 19:02 hours

CPU:total 8 (initial active 8) (4 cores per cpu, 2 threads per core) family 6 model 142 stepping 10 microcode 0xb4, cmov, cx8, fxsr, mmx, sse, sse2, sse3, ssse3, sse4.1, sse4.2, popcnt, avx, avx2, aes, clmul, erms, 3dnowpref, lzcnt, ht, tsc, tscinvbit, bmi1, bmi2, adx, fma

Memory: 4k page, system-wide physical 8101M (366M free)
TotalPageFile size 16599M (AvailPageFile size 153M)
current process WorkingSet (physical memory assigned to process): 448M, peak: 451M
current process commit charge ("private bytes"): 632M, peak: 991M

vm_info: OpenJDK 64-Bit Server VM (11.0.11+9-b60-7590822) for windows-amd64 JRE (11.0.11+9-b60-7590822), built on Jul 29 2021 21:43:44 by "builder" with MS VC++ 14.0 (VS2015)

END.
